<?xml version="1.0" encoding="UTF-8"?>
<!-- Generated by org.testng.reporters.JUnitXMLReporter -->
<testsuite ignored="46" hostname="DESKTOP-TRGGSFM" failures="3" tests="34" name="Default test(failed)" time="268.177" errors="0" timestamp="2024-08-29T17:38:39 IST">
  <testcase classname="test_classes.shardaaaaa" name="TESTCASES2" time="0.99"/>
  <testcase classname="test_classes.shardaaaaa" name="TESTCASES3" time="0.962"/>
  <testcase classname="test_classes.shardaaaaa" name="TESTCASES4" time="0.853"/>
  <testcase classname="test_classes.shardaaaaa" name="TESTCASES5" time="0.777"/>
  <testcase classname="test_classes.shardaaaaa" name="TESTCASES6" time="1.042"/>
  <testcase classname="test_classes.shardaaaaa" name="TESTCASES7" time="0.793"/>
  <testcase classname="test_classes.shardaaaaa" name="TESTCASES9" time="0.936"/>
  <testcase classname="test_classes.shardaaaaa" name="TESTCASES10" time="0.941"/>
  <testcase classname="test_classes.shardaaaaa" name="TESTCASES11" time="0.79"/>
  <testcase classname="test_classes.shardaaaaa" name="TESTCASES13" time="5.024"/>
  <testcase classname="test_classes.shardaaaaa" name="TESTCASES14" time="5.089"/>
  <testcase classname="test_classes.shardaaaaa" name="TESTCASES15" time="5.093"/>
  <testcase classname="test_classes.shardaaaaa" name="TESTCASES16" time="5.087"/>
  <testcase classname="test_classes.shardaaaaa" name="TESTCASES26" time="10.419">
    <failure type="org.openqa.selenium.ElementNotInteractableException" message="element not interactable
  (Session info: chrome=128.0.6613.113)
Build info: version: &amp;apos;4.9.1&amp;apos;, revision: &amp;apos;eb2032df7f&amp;apos;
System info: os.name: &amp;apos;Windows 11&amp;apos;, os.arch: &amp;apos;amd64&amp;apos;, os.version: &amp;apos;10.0&amp;apos;, java.version: &amp;apos;17.0.11&amp;apos;
Driver info: org.openqa.selenium.chrome.ChromeDriver
Command: [28dff2686e67783d9956e836031a0d65, sendKeysToElement {id=f.E73C499CA0FC7E4B40813ED09BF34CBB.d.F06AA8A9773452701F08D6BAF3C90397.e.62, value=[Ljava.lang.CharSequence;@4fd74223}]
Capabilities {acceptInsecureCerts: false, browserName: chrome, browserVersion: 128.0.6613.113, chrome: {chromedriverVersion: 127.0.6533.99 (f31af5097d90..., userDataDir: C:\Users\DELL\AppData\Local...}, fedcm:accounts: true, goog:chromeOptions: {debuggerAddress: localhost:53538}, networkConnectionEnabled: false, pageLoadStrategy: normal, platformName: windows, proxy: Proxy(), se:cdp: ws://localhost:53538/devtoo..., se:cdpVersion: 128.0.6613.113, setWindowRect: true, strictFileInteractability: false, timeouts: {implicit: 0, pageLoad: 300000, script: 30000}, unhandledPromptBehavior: dismiss and notify, webauthn:extension:credBlob: true, webauthn:extension:largeBlob: true, webauthn:extension:minPinLength: true, webauthn:extension:prf: true, webauthn:virtualAuthenticators: true}
Element: [[ChromeDriver: chrome on windows (28dff2686e67783d9956e836031a0d65)] -&amp;gt; xpath: //*[@id=&amp;quot;search_box&amp;quot;]]
Session ID: 28dff2686e67783d9956e836031a0d65">
      <![CDATA[org.openqa.selenium.ElementNotInteractableException: element not interactable
  (Session info: chrome=128.0.6613.113)
Build info: version: '4.9.1', revision: 'eb2032df7f'
System info: os.name: 'Windows 11', os.arch: 'amd64', os.version: '10.0', java.version: '17.0.11'
Driver info: org.openqa.selenium.chrome.ChromeDriver
Command: [28dff2686e67783d9956e836031a0d65, sendKeysToElement {id=f.E73C499CA0FC7E4B40813ED09BF34CBB.d.F06AA8A9773452701F08D6BAF3C90397.e.62, value=[Ljava.lang.CharSequence;@4fd74223}]
Capabilities {acceptInsecureCerts: false, browserName: chrome, browserVersion: 128.0.6613.113, chrome: {chromedriverVersion: 127.0.6533.99 (f31af5097d90..., userDataDir: C:\Users\DELL\AppData\Local...}, fedcm:accounts: true, goog:chromeOptions: {debuggerAddress: localhost:53538}, networkConnectionEnabled: false, pageLoadStrategy: normal, platformName: windows, proxy: Proxy(), se:cdp: ws://localhost:53538/devtoo..., se:cdpVersion: 128.0.6613.113, setWindowRect: true, strictFileInteractability: false, timeouts: {implicit: 0, pageLoad: 300000, script: 30000}, unhandledPromptBehavior: dismiss and notify, webauthn:extension:credBlob: true, webauthn:extension:largeBlob: true, webauthn:extension:minPinLength: true, webauthn:extension:prf: true, webauthn:virtualAuthenticators: true}
Element: [[ChromeDriver: chrome on windows (28dff2686e67783d9956e836031a0d65)] -> xpath: //*[@id="search_box"]]
Session ID: 28dff2686e67783d9956e836031a0d65
at org.openqa.selenium.remote.codec.w3c.W3CHttpResponseCodec.createException(W3CHttpResponseCodec.java:200)
at org.openqa.selenium.remote.codec.w3c.W3CHttpResponseCodec.decode(W3CHttpResponseCodec.java:133)
at org.openqa.selenium.remote.codec.w3c.W3CHttpResponseCodec.decode(W3CHttpResponseCodec.java:53)
at org.openqa.selenium.remote.HttpCommandExecutor.execute(HttpCommandExecutor.java:193)
at org.openqa.selenium.remote.service.DriverCommandExecutor.invokeExecute(DriverCommandExecutor.java:183)
at org.openqa.selenium.remote.service.DriverCommandExecutor.execute(DriverCommandExecutor.java:158)
at org.openqa.selenium.remote.RemoteWebDriver.execute(RemoteWebDriver.java:543)
at org.openqa.selenium.remote.RemoteWebElement.execute(RemoteWebElement.java:257)
at org.openqa.selenium.remote.RemoteWebElement.sendKeys(RemoteWebElement.java:113)
at test_classes.shardaaaaa.TESTCASES26(shardaaaaa.java:578)
at java.base/java.util.ArrayList.forEach(ArrayList.java:1511)
... Removed 32 stack frames]]>
    </failure>
  </testcase> <!-- TESTCASES26 -->
  <testcase classname="test_classes.shardaaaaa" name="TESTCASES29" time="3.175">
    <failure type="org.openqa.selenium.ElementClickInterceptedException" message="element click intercepted: Element &amp;lt;div data-v-2179a70c=&amp;quot;&amp;quot; class=&amp;quot;text-[15px] lg:text-[28px] border-b pb-1 cursor-pointer whitespace-nowrap text-[#ec027c] border-[#ec027c]  font-medium&amp;quot;&amp;gt;...&amp;lt;/div&amp;gt; is not clickable at point (496, 34). Other element would receive the click: &amp;lt;div data-v-420063ec=&amp;quot;&amp;quot; class=&amp;quot;flex p-2 items-center gap-x-4 xl:gap-x-10&amp;quot;&amp;gt;...&amp;lt;/div&amp;gt;
  (Session info: chrome=128.0.6613.113)
Build info: version: &amp;apos;4.9.1&amp;apos;, revision: &amp;apos;eb2032df7f&amp;apos;
System info: os.name: &amp;apos;Windows 11&amp;apos;, os.arch: &amp;apos;amd64&amp;apos;, os.version: &amp;apos;10.0&amp;apos;, java.version: &amp;apos;17.0.11&amp;apos;
Driver info: org.openqa.selenium.chrome.ChromeDriver
Command: [9f773196eff8d57dd0c26ac17622b6ba, clickElement {id=f.A7A68C2A37022620E75A31169F964FD5.d.4D531A87C3B975F3D6BC0DA5E3685D4D.e.75}]
Capabilities {acceptInsecureCerts: false, browserName: chrome, browserVersion: 128.0.6613.113, chrome: {chromedriverVersion: 127.0.6533.99 (f31af5097d90..., userDataDir: C:\Users\DELL\AppData\Local...}, fedcm:accounts: true, goog:chromeOptions: {debuggerAddress: localhost:53584}, networkConnectionEnabled: false, pageLoadStrategy: normal, platformName: windows, proxy: Proxy(), se:cdp: ws://localhost:53584/devtoo..., se:cdpVersion: 128.0.6613.113, setWindowRect: true, strictFileInteractability: false, timeouts: {implicit: 0, pageLoad: 300000, script: 30000}, unhandledPromptBehavior: dismiss and notify, webauthn:extension:credBlob: true, webauthn:extension:largeBlob: true, webauthn:extension:minPinLength: true, webauthn:extension:prf: true, webauthn:virtualAuthenticators: true}
Element: [[ChromeDriver: chrome on windows (9f773196eff8d57dd0c26ac17622b6ba)] -&amp;gt; xpath: /html/body/div[1]/div/section[1]/div/div[2]/div[3]]
Session ID: 9f773196eff8d57dd0c26ac17622b6ba">
      <![CDATA[org.openqa.selenium.ElementClickInterceptedException: element click intercepted: Element <div data-v-2179a70c="" class="text-[15px] lg:text-[28px] border-b pb-1 cursor-pointer whitespace-nowrap text-[#ec027c] border-[#ec027c]  font-medium">...</div> is not clickable at point (496, 34). Other element would receive the click: <div data-v-420063ec="" class="flex p-2 items-center gap-x-4 xl:gap-x-10">...</div>
  (Session info: chrome=128.0.6613.113)
Build info: version: '4.9.1', revision: 'eb2032df7f'
System info: os.name: 'Windows 11', os.arch: 'amd64', os.version: '10.0', java.version: '17.0.11'
Driver info: org.openqa.selenium.chrome.ChromeDriver
Command: [9f773196eff8d57dd0c26ac17622b6ba, clickElement {id=f.A7A68C2A37022620E75A31169F964FD5.d.4D531A87C3B975F3D6BC0DA5E3685D4D.e.75}]
Capabilities {acceptInsecureCerts: false, browserName: chrome, browserVersion: 128.0.6613.113, chrome: {chromedriverVersion: 127.0.6533.99 (f31af5097d90..., userDataDir: C:\Users\DELL\AppData\Local...}, fedcm:accounts: true, goog:chromeOptions: {debuggerAddress: localhost:53584}, networkConnectionEnabled: false, pageLoadStrategy: normal, platformName: windows, proxy: Proxy(), se:cdp: ws://localhost:53584/devtoo..., se:cdpVersion: 128.0.6613.113, setWindowRect: true, strictFileInteractability: false, timeouts: {implicit: 0, pageLoad: 300000, script: 30000}, unhandledPromptBehavior: dismiss and notify, webauthn:extension:credBlob: true, webauthn:extension:largeBlob: true, webauthn:extension:minPinLength: true, webauthn:extension:prf: true, webauthn:virtualAuthenticators: true}
Element: [[ChromeDriver: chrome on windows (9f773196eff8d57dd0c26ac17622b6ba)] -> xpath: /html/body/div[1]/div/section[1]/div/div[2]/div[3]]
Session ID: 9f773196eff8d57dd0c26ac17622b6ba
at org.openqa.selenium.remote.codec.w3c.W3CHttpResponseCodec.createException(W3CHttpResponseCodec.java:200)
at org.openqa.selenium.remote.codec.w3c.W3CHttpResponseCodec.decode(W3CHttpResponseCodec.java:133)
at org.openqa.selenium.remote.codec.w3c.W3CHttpResponseCodec.decode(W3CHttpResponseCodec.java:53)
at org.openqa.selenium.remote.HttpCommandExecutor.execute(HttpCommandExecutor.java:193)
at org.openqa.selenium.remote.service.DriverCommandExecutor.invokeExecute(DriverCommandExecutor.java:183)
at org.openqa.selenium.remote.service.DriverCommandExecutor.execute(DriverCommandExecutor.java:158)
at org.openqa.selenium.remote.RemoteWebDriver.execute(RemoteWebDriver.java:543)
at org.openqa.selenium.remote.RemoteWebElement.execute(RemoteWebElement.java:257)
at org.openqa.selenium.remote.RemoteWebElement.click(RemoteWebElement.java:78)
at test_classes.shardaaaaa.TESTCASES29(shardaaaaa.java:641)
at java.base/java.util.ArrayList.forEach(ArrayList.java:1511)
... Removed 32 stack frames]]>
    </failure>
  </testcase> <!-- TESTCASES29 -->
  <testcase classname="test_classes.shardaaaaa" name="TESTCASES60" time="5.956"/>
  <testcase classname="test_classes.shardaaaaa" name="TESTCASES61" time="5.576"/>
  <testcase classname="test_classes.shardaaaaa" name="TESTCASES62" time="5.175"/>
  <testcase classname="test_classes.shardaaaaa" name="TESTCASES63" time="5.336"/>
  <testcase classname="test_classes.shardaaaaa" name="TESTCASES64" time="5.11"/>
  <testcase classname="test_classes.shardaaaaa" name="TESTCASES65" time="5.289"/>
  <testcase classname="test_classes.shardaaaaa" name="TESTCASES67" time="5.145"/>
  <testcase classname="test_classes.shardaaaaa" name="TESTCASES68" time="4.975">
    <failure type="java.lang.AssertionError" message="expected [https://api.shardaonline.online/media/elective/brochures/M.Com-_International_Finance_Integrated_with_ACCA_UK.pdf] but found [https://api.shardaonline.online/media/elective/brochures/MBA_-_International_Finance_Integrated_with_ACCA_UK.pdf]">
      <![CDATA[java.lang.AssertionError: expected [https://api.shardaonline.online/media/elective/brochures/M.Com-_International_Finance_Integrated_with_ACCA_UK.pdf] but found [https://api.shardaonline.online/media/elective/brochures/MBA_-_International_Finance_Integrated_with_ACCA_UK.pdf]
at test_classes.shardaaaaa.TESTCASES68(shardaaaaa.java:1910)
at java.base/java.util.ArrayList.forEach(ArrayList.java:1511)
... Removed 33 stack frames]]>
    </failure>
  </testcase> <!-- TESTCASES68 -->
  <testcase classname="test_classes.shardaaaaa" name="TESTCASES69" time="5.552"/>
  <testcase classname="test_classes.shardaaaaa" name="TESTCASES71" time="9.631"/>
  <testcase classname="test_classes.shardaaaaa" name="TESTCASES72" time="9.349"/>
  <testcase classname="test_classes.shardaaaaa" name="TESTCASES73" time="9.353"/>
  <testcase classname="test_classes.shardaaaaa" name="TESTCASES74" time="9.247"/>
  <testcase classname="test_classes.shardaaaaa" name="TESTCASES75" time="9.304"/>
  <testcase classname="test_classes.shardaaaaa" name="TESTCASES76" time="9.752"/>
  <testcase classname="test_classes.shardaaaaa" name="TESTCASES77" time="9.749"/>
  <testcase classname="test_classes.shardaaaaa" name="TESTCASES78" time="9.562"/>
  <testcase classname="test_classes.shardaaaaa" name="TESTCASES79" time="9.487"/>
  <testcase classname="test_classes.shardaaaaa" name="TESTCASES80" time="9.23"/>
  <testcase classname="test_classes.shardaaaaa" name="TESTCASES20" time="0.0">
    <ignored/>
  </testcase> <!-- TESTCASES20 -->
  <testcase classname="test_classes.shardaaaaa" name="TESTCASES42" time="0.0">
    <ignored/>
  </testcase> <!-- TESTCASES42 -->
  <testcase classname="test_classes.shardaaaaa" name="TESTCASES41" time="0.0">
    <ignored/>
  </testcase> <!-- TESTCASES41 -->
  <testcase classname="test_classes.shardaaaaa" name="TESTCASES40" time="0.0">
    <ignored/>
  </testcase> <!-- TESTCASES40 -->
  <testcase classname="test_classes.shardaaaaa" name="TESTCASES18" time="0.0">
    <ignored/>
  </testcase> <!-- TESTCASES18 -->
  <testcase classname="test_classes.shardaaaaa" name="TESTCASES21" time="0.0">
    <ignored/>
  </testcase> <!-- TESTCASES21 -->
  <testcase classname="test_classes.shardaaaaa" name="TESTCASES43" time="0.0">
    <ignored/>
  </testcase> <!-- TESTCASES43 -->
  <testcase classname="test_classes.shardaaaaa" name="TESTCASES28" time="0.0">
    <ignored/>
  </testcase> <!-- TESTCASES28 -->
  <testcase classname="test_classes.shardaaaaa" name="TESTCASES27" time="0.0">
    <ignored/>
  </testcase> <!-- TESTCASES27 -->
  <testcase classname="test_classes.shardaaaaa" name="TESTCASES49" time="0.0">
    <ignored/>
  </testcase> <!-- TESTCASES49 -->
  <testcase classname="test_classes.shardaaaaa" name="TESTCASES48" time="0.0">
    <ignored/>
  </testcase> <!-- TESTCASES48 -->
  <testcase classname="test_classes.shardaaaaa" name="TESTCASES25" time="0.0">
    <ignored/>
  </testcase> <!-- TESTCASES25 -->
  <testcase classname="test_classes.shardaaaaa" name="TESTCASES47" time="0.0">
    <ignored/>
  </testcase> <!-- TESTCASES47 -->
  <testcase classname="test_classes.shardaaaaa" name="TESTCASES24" time="0.0">
    <ignored/>
  </testcase> <!-- TESTCASES24 -->
  <testcase classname="test_classes.shardaaaaa" name="TESTCASES46" time="0.0">
    <ignored/>
  </testcase> <!-- TESTCASES46 -->
  <testcase classname="test_classes.shardaaaaa" name="TESTCASES23" time="0.0">
    <ignored/>
  </testcase> <!-- TESTCASES23 -->
  <testcase classname="test_classes.shardaaaaa" name="TESTCASES45" time="0.0">
    <ignored/>
  </testcase> <!-- TESTCASES45 -->
  <testcase classname="test_classes.shardaaaaa" name="TESTCASES22" time="0.0">
    <ignored/>
  </testcase> <!-- TESTCASES22 -->
  <testcase classname="test_classes.shardaaaaa" name="TESTCASES66" time="0.0">
    <ignored/>
  </testcase> <!-- TESTCASES66 -->
  <testcase classname="test_classes.shardaaaaa" name="TESTCASES44" time="0.0">
    <ignored/>
  </testcase> <!-- TESTCASES44 -->
  <testcase classname="test_classes.shardaaaaa" name="TESTCASES1" time="0.0">
    <ignored/>
  </testcase> <!-- TESTCASES1 -->
  <testcase classname="test_classes.shardaaaaa" name="TESTCASES31" time="0.0">
    <ignored/>
  </testcase> <!-- TESTCASES31 -->
  <testcase classname="test_classes.shardaaaaa" name="TESTCASES53" time="0.0">
    <ignored/>
  </testcase> <!-- TESTCASES53 -->
  <testcase classname="test_classes.shardaaaaa" name="TESTCASES30" time="0.0">
    <ignored/>
  </testcase> <!-- TESTCASES30 -->
  <testcase classname="test_classes.shardaaaaa" name="TESTCASES52" time="0.0">
    <ignored/>
  </testcase> <!-- TESTCASES52 -->
  <testcase classname="test_classes.shardaaaaa" name="TESTCASES51" time="0.0">
    <ignored/>
  </testcase> <!-- TESTCASES51 -->
  <testcase classname="test_classes.shardaaaaa" name="TESTCASES50" time="0.0">
    <ignored/>
  </testcase> <!-- TESTCASES50 -->
  <testcase classname="test_classes.shardaaaaa" name="TESTCASES70" time="0.0">
    <ignored/>
  </testcase> <!-- TESTCASES70 -->
  <testcase classname="test_classes.shardaaaaa" name="TESTCASES8" time="0.0">
    <ignored/>
  </testcase> <!-- TESTCASES8 -->
  <testcase classname="test_classes.shardaaaaa" name="TESTCASES32" time="0.0">
    <ignored/>
  </testcase> <!-- TESTCASES32 -->
  <testcase classname="test_classes.shardaaaaa" name="TESTCASES54" time="0.0">
    <ignored/>
  </testcase> <!-- TESTCASES54 -->
  <testcase classname="test_classes.shardaaaaa" name="TESTCASES19" time="0.0">
    <ignored/>
  </testcase> <!-- TESTCASES19 -->
  <testcase classname="test_classes.shardaaaaa" name="TESTCASES39" time="0.0">
    <ignored/>
  </testcase> <!-- TESTCASES39 -->
  <testcase classname="test_classes.shardaaaaa" name="TESTCASES17" time="0.0">
    <ignored/>
  </testcase> <!-- TESTCASES17 -->
  <testcase classname="test_classes.shardaaaaa" name="TESTCASES38" time="0.0">
    <ignored/>
  </testcase> <!-- TESTCASES38 -->
  <testcase classname="test_classes.shardaaaaa" name="TESTCASES37" time="0.0">
    <ignored/>
  </testcase> <!-- TESTCASES37 -->
  <testcase classname="test_classes.shardaaaaa" name="TESTCASES59" time="0.0">
    <ignored/>
  </testcase> <!-- TESTCASES59 -->
  <testcase classname="test_classes.shardaaaaa" name="TESTCASES36" time="0.0">
    <ignored/>
  </testcase> <!-- TESTCASES36 -->
  <testcase classname="test_classes.shardaaaaa" name="TESTCASES58" time="0.0">
    <ignored/>
  </testcase> <!-- TESTCASES58 -->
  <testcase classname="test_classes.shardaaaaa" name="TESTCASES35" time="0.0">
    <ignored/>
  </testcase> <!-- TESTCASES35 -->
  <testcase classname="test_classes.shardaaaaa" name="TESTCASES57" time="0.0">
    <ignored/>
  </testcase> <!-- TESTCASES57 -->
  <testcase classname="test_classes.shardaaaaa" name="TESTCASES34" time="0.0">
    <ignored/>
  </testcase> <!-- TESTCASES34 -->
  <testcase classname="test_classes.shardaaaaa" name="TESTCASES12" time="0.0">
    <ignored/>
  </testcase> <!-- TESTCASES12 -->
  <testcase classname="test_classes.shardaaaaa" name="TESTCASES56" time="0.0">
    <ignored/>
  </testcase> <!-- TESTCASES56 -->
  <testcase classname="test_classes.shardaaaaa" name="TESTCASES33" time="0.0">
    <ignored/>
  </testcase> <!-- TESTCASES33 -->
  <testcase classname="test_classes.shardaaaaa" name="TESTCASES55" time="0.0">
    <ignored/>
  </testcase> <!-- TESTCASES55 -->
</testsuite> <!-- Default test(failed) -->
