<html>
<head>
<title>TestNG:  Default test(failed)</title>
<link href="../testng.css" rel="stylesheet" type="text/css" />
<link href="../my-testng.css" rel="stylesheet" type="text/css" />

<style type="text/css">
.log { display: none;} 
.stack-trace { display: none;} 
</style>
<script type="text/javascript">
<!--
function flip(e) {
  current = e.style.display;
  if (current == 'block') {
    e.style.display = 'none';
    return 0;
  }
  else {
    e.style.display = 'block';
    return 1;
  }
}

function toggleBox(szDivId, elem, msg1, msg2)
{
  var res = -1;  if (document.getElementById) {
    res = flip(document.getElementById(szDivId));
  }
  else if (document.all) {
    // this is the way old msie versions work
    res = flip(document.all[szDivId]);
  }
  if(elem) {
    if(res == 0) elem.innerHTML = msg1; else elem.innerHTML = msg2;
  }

}

function toggleAllBoxes() {
  if (document.getElementsByTagName) {
    d = document.getElementsByTagName('div');
    for (i = 0; i < d.length; i++) {
      if (d[i].className == 'log') {
        flip(d[i]);
      }
    }
  }
}

// -->
</script>

</head>
<body>
<h2 align='center'>Default test(failed)</h2><table border='1' align="center">
<tr>
<td>Tests passed/Failed/Skipped:</td><td>31/3/0</td>
</tr><tr>
<td>Started on:</td><td>Thu Aug 29 17:34:11 IST 2024</td>
</tr>
<tr><td>Total time:</td><td>268 seconds (268177 ms)</td>
</tr><tr>
<td>Included groups:</td><td></td>
</tr><tr>
<td>Excluded groups:</td><td></td>
</tr>
</table><p/>
<small><i>(Hover the method name to see the test class name)</i></small><p/>
<table width='100%' border='1' class='invocation-failed'>
<tr><td colspan='4' align='center'><b>FAILED TESTS</b></td></tr>
<tr><td><b>Test method</b></td>
<td width="30%"><b>Exception</b></td>
<td width="10%"><b>Time (seconds)</b></td>
<td><b>Instance</b></td>
</tr>
<tr>
<td title='test_classes.shardaaaaa.TESTCASES29()'><b>TESTCASES29</b><br>Test class: test_classes.shardaaaaa</td>
<td><div><pre>org.openqa.selenium.ElementClickInterceptedException: element click intercepted: Element &lt;div data-v-2179a70c=&quot;&quot; class=&quot;text-[15px] lg:text-[28px] border-b pb-1 cursor-pointer whitespace-nowrap text-[#ec027c] border-[#ec027c]  font-medium&quot;&gt;...&lt;/div&gt; is not clickable at point (496, 34). Other element would receive the click: &lt;div data-v-420063ec=&quot;&quot; class=&quot;flex p-2 items-center gap-x-4 xl:gap-x-10&quot;&gt;...&lt;/div&gt;
  (Session info: chrome=128.0.6613.113)
Build info: version: &apos;4.9.1&apos;, revision: &apos;eb2032df7f&apos;
System info: os.name: &apos;Windows 11&apos;, os.arch: &apos;amd64&apos;, os.version: &apos;10.0&apos;, java.version: &apos;17.0.11&apos;
Driver info: org.openqa.selenium.chrome.ChromeDriver
Command: [9f773196eff8d57dd0c26ac17622b6ba, clickElement {id=f.A7A68C2A37022620E75A31169F964FD5.d.4D531A87C3B975F3D6BC0DA5E3685D4D.e.75}]
Capabilities {acceptInsecureCerts: false, browserName: chrome, browserVersion: 128.0.6613.113, chrome: {chromedriverVersion: 127.0.6533.99 (f31af5097d90..., userDataDir: C:\Users\DELL\AppData\Local...}, fedcm:accounts: true, goog:chromeOptions: {debuggerAddress: localhost:53584}, networkConnectionEnabled: false, pageLoadStrategy: normal, platformName: windows, proxy: Proxy(), se:cdp: ws://localhost:53584/devtoo..., se:cdpVersion: 128.0.6613.113, setWindowRect: true, strictFileInteractability: false, timeouts: {implicit: 0, pageLoad: 300000, script: 30000}, unhandledPromptBehavior: dismiss and notify, webauthn:extension:credBlob: true, webauthn:extension:largeBlob: true, webauthn:extension:minPinLength: true, webauthn:extension:prf: true, webauthn:virtualAuthenticators: true}
Element: [[ChromeDriver: chrome on windows (9f773196eff8d57dd0c26ac17622b6ba)] -&gt; xpath: /html/body/div[1]/div/section[1]/div/div[2]/div[3]]
Session ID: 9f773196eff8d57dd0c26ac17622b6ba
	at org.openqa.selenium.remote.codec.w3c.W3CHttpResponseCodec.createException(W3CHttpResponseCodec.java:200)
	at org.openqa.selenium.remote.codec.w3c.W3CHttpResponseCodec.decode(W3CHttpResponseCodec.java:133)
	at org.openqa.selenium.remote.codec.w3c.W3CHttpResponseCodec.decode(W3CHttpResponseCodec.java:53)
	at org.openqa.selenium.remote.HttpCommandExecutor.execute(HttpCommandExecutor.java:193)
	at org.openqa.selenium.remote.service.DriverCommandExecutor.invokeExecute(DriverCommandExecutor.java:183)
	at org.openqa.selenium.remote.service.DriverCommandExecutor.execute(DriverCommandExecutor.java:158)
	at org.openqa.selenium.remote.RemoteWebDriver.execute(RemoteWebDriver.java:543)
	at org.openqa.selenium.remote.RemoteWebElement.execute(RemoteWebElement.java:257)
	at org.openqa.selenium.remote.RemoteWebElement.click(RemoteWebElement.java:78)
	at test_classes.shardaaaaa.TESTCASES29(shardaaaaa.java:641)
	at java.base/java.util.ArrayList.forEach(ArrayList.java:1511)
... Removed 32 stack frames</pre></div><a href='#' onClick='toggleBox("stack-trace39476366", this, "Click to show all stack frames", "Click to hide stack frames")'>Click to show all stack frames</a>
<div class='stack-trace' id='stack-trace39476366'><pre>org.openqa.selenium.ElementClickInterceptedException: element click intercepted: Element &lt;div data-v-2179a70c=&quot;&quot; class=&quot;text-[15px] lg:text-[28px] border-b pb-1 cursor-pointer whitespace-nowrap text-[#ec027c] border-[#ec027c]  font-medium&quot;&gt;...&lt;/div&gt; is not clickable at point (496, 34). Other element would receive the click: &lt;div data-v-420063ec=&quot;&quot; class=&quot;flex p-2 items-center gap-x-4 xl:gap-x-10&quot;&gt;...&lt;/div&gt;
  (Session info: chrome=128.0.6613.113)
Build info: version: &apos;4.9.1&apos;, revision: &apos;eb2032df7f&apos;
System info: os.name: &apos;Windows 11&apos;, os.arch: &apos;amd64&apos;, os.version: &apos;10.0&apos;, java.version: &apos;17.0.11&apos;
Driver info: org.openqa.selenium.chrome.ChromeDriver
Command: [9f773196eff8d57dd0c26ac17622b6ba, clickElement {id=f.A7A68C2A37022620E75A31169F964FD5.d.4D531A87C3B975F3D6BC0DA5E3685D4D.e.75}]
Capabilities {acceptInsecureCerts: false, browserName: chrome, browserVersion: 128.0.6613.113, chrome: {chromedriverVersion: 127.0.6533.99 (f31af5097d90..., userDataDir: C:\Users\DELL\AppData\Local...}, fedcm:accounts: true, goog:chromeOptions: {debuggerAddress: localhost:53584}, networkConnectionEnabled: false, pageLoadStrategy: normal, platformName: windows, proxy: Proxy(), se:cdp: ws://localhost:53584/devtoo..., se:cdpVersion: 128.0.6613.113, setWindowRect: true, strictFileInteractability: false, timeouts: {implicit: 0, pageLoad: 300000, script: 30000}, unhandledPromptBehavior: dismiss and notify, webauthn:extension:credBlob: true, webauthn:extension:largeBlob: true, webauthn:extension:minPinLength: true, webauthn:extension:prf: true, webauthn:virtualAuthenticators: true}
Element: [[ChromeDriver: chrome on windows (9f773196eff8d57dd0c26ac17622b6ba)] -&gt; xpath: /html/body/div[1]/div/section[1]/div/div[2]/div[3]]
Session ID: 9f773196eff8d57dd0c26ac17622b6ba
	at java.base/jdk.internal.reflect.NativeConstructorAccessorImpl.newInstance0(Native Method)
	at java.base/jdk.internal.reflect.NativeConstructorAccessorImpl.newInstance(NativeConstructorAccessorImpl.java:77)
	at java.base/jdk.internal.reflect.DelegatingConstructorAccessorImpl.newInstance(DelegatingConstructorAccessorImpl.java:45)
	at java.base/java.lang.reflect.Constructor.newInstanceWithCaller(Constructor.java:499)
	at java.base/java.lang.reflect.Constructor.newInstance(Constructor.java:480)
	at org.openqa.selenium.remote.codec.w3c.W3CHttpResponseCodec.createException(W3CHttpResponseCodec.java:200)
	at org.openqa.selenium.remote.codec.w3c.W3CHttpResponseCodec.decode(W3CHttpResponseCodec.java:133)
	at org.openqa.selenium.remote.codec.w3c.W3CHttpResponseCodec.decode(W3CHttpResponseCodec.java:53)
	at org.openqa.selenium.remote.HttpCommandExecutor.execute(HttpCommandExecutor.java:193)
	at org.openqa.selenium.remote.service.DriverCommandExecutor.invokeExecute(DriverCommandExecutor.java:183)
	at org.openqa.selenium.remote.service.DriverCommandExecutor.execute(DriverCommandExecutor.java:158)
	at org.openqa.selenium.remote.RemoteWebDriver.execute(RemoteWebDriver.java:543)
	at org.openqa.selenium.remote.RemoteWebElement.execute(RemoteWebElement.java:257)
	at org.openqa.selenium.remote.RemoteWebElement.click(RemoteWebElement.java:78)
	at test_classes.shardaaaaa.TESTCASES29(shardaaaaa.java:641)
	at java.base/jdk.internal.reflect.NativeMethodAccessorImpl.invoke0(Native Method)
	at java.base/jdk.internal.reflect.NativeMethodAccessorImpl.invoke(NativeMethodAccessorImpl.java:77)
	at java.base/jdk.internal.reflect.DelegatingMethodAccessorImpl.invoke(DelegatingMethodAccessorImpl.java:43)
	at java.base/java.lang.reflect.Method.invoke(Method.java:568)
	at org.testng.internal.MethodInvocationHelper.invokeMethod(MethodInvocationHelper.java:133)
	at org.testng.internal.TestInvoker.invokeMethod(TestInvoker.java:598)
	at org.testng.internal.TestInvoker.invokeTestMethod(TestInvoker.java:173)
	at org.testng.internal.MethodRunner.runInSequence(MethodRunner.java:46)
	at org.testng.internal.TestInvoker$MethodInvocationAgent.invoke(TestInvoker.java:824)
	at org.testng.internal.TestInvoker.invokeTestMethods(TestInvoker.java:146)
	at org.testng.internal.TestMethodWorker.invokeTestMethods(TestMethodWorker.java:146)
	at org.testng.internal.TestMethodWorker.run(TestMethodWorker.java:128)
	at java.base/java.util.ArrayList.forEach(ArrayList.java:1511)
	at org.testng.TestRunner.privateRun(TestRunner.java:794)
	at org.testng.TestRunner.run(TestRunner.java:596)
	at org.testng.SuiteRunner.runTest(SuiteRunner.java:377)
	at org.testng.SuiteRunner.runSequentially(SuiteRunner.java:371)
	at org.testng.SuiteRunner.privateRun(SuiteRunner.java:332)
	at org.testng.SuiteRunner.run(SuiteRunner.java:276)
	at org.testng.SuiteRunnerWorker.runSuite(SuiteRunnerWorker.java:53)
	at org.testng.SuiteRunnerWorker.run(SuiteRunnerWorker.java:96)
	at org.testng.TestNG.runSuitesSequentially(TestNG.java:1212)
	at org.testng.TestNG.runSuitesLocally(TestNG.java:1134)
	at org.testng.TestNG.runSuites(TestNG.java:1063)
	at org.testng.TestNG.run(TestNG.java:1031)
	at org.testng.remote.AbstractRemoteTestNG.run(AbstractRemoteTestNG.java:115)
	at org.testng.remote.RemoteTestNG.initAndRun(RemoteTestNG.java:293)
	at org.testng.remote.RemoteTestNG.main(RemoteTestNG.java:91)
</pre></div></td>
<td>3</td>
<td>test_classes.shardaaaaa@18df8434</td></tr>
<tr>
<td title='test_classes.shardaaaaa.TESTCASES68()'><b>TESTCASES68</b><br>Test class: test_classes.shardaaaaa</td>
<td><div><pre>java.lang.AssertionError: expected [https://api.shardaonline.online/media/elective/brochures/M.Com-_International_Finance_Integrated_with_ACCA_UK.pdf] but found [https://api.shardaonline.online/media/elective/brochures/MBA_-_International_Finance_Integrated_with_ACCA_UK.pdf]
	at test_classes.shardaaaaa.TESTCASES68(shardaaaaa.java:1910)
	at java.base/java.util.ArrayList.forEach(ArrayList.java:1511)
... Removed 33 stack frames</pre></div><a href='#' onClick='toggleBox("stack-trace510472384", this, "Click to show all stack frames", "Click to hide stack frames")'>Click to show all stack frames</a>
<div class='stack-trace' id='stack-trace510472384'><pre>java.lang.AssertionError: expected [https://api.shardaonline.online/media/elective/brochures/M.Com-_International_Finance_Integrated_with_ACCA_UK.pdf] but found [https://api.shardaonline.online/media/elective/brochures/MBA_-_International_Finance_Integrated_with_ACCA_UK.pdf]
	at org.testng.Assert.fail(Assert.java:99)
	at org.testng.Assert.failNotEquals(Assert.java:1037)
	at org.testng.Assert.assertEqualsImpl(Assert.java:140)
	at org.testng.Assert.assertEquals(Assert.java:122)
	at org.testng.Assert.assertEquals(Assert.java:629)
	at org.testng.Assert.assertEquals(Assert.java:639)
	at test_classes.shardaaaaa.TESTCASES68(shardaaaaa.java:1910)
	at java.base/jdk.internal.reflect.NativeMethodAccessorImpl.invoke0(Native Method)
	at java.base/jdk.internal.reflect.NativeMethodAccessorImpl.invoke(NativeMethodAccessorImpl.java:77)
	at java.base/jdk.internal.reflect.DelegatingMethodAccessorImpl.invoke(DelegatingMethodAccessorImpl.java:43)
	at java.base/java.lang.reflect.Method.invoke(Method.java:568)
	at org.testng.internal.MethodInvocationHelper.invokeMethod(MethodInvocationHelper.java:133)
	at org.testng.internal.TestInvoker.invokeMethod(TestInvoker.java:598)
	at org.testng.internal.TestInvoker.invokeTestMethod(TestInvoker.java:173)
	at org.testng.internal.MethodRunner.runInSequence(MethodRunner.java:46)
	at org.testng.internal.TestInvoker$MethodInvocationAgent.invoke(TestInvoker.java:824)
	at org.testng.internal.TestInvoker.invokeTestMethods(TestInvoker.java:146)
	at org.testng.internal.TestMethodWorker.invokeTestMethods(TestMethodWorker.java:146)
	at org.testng.internal.TestMethodWorker.run(TestMethodWorker.java:128)
	at java.base/java.util.ArrayList.forEach(ArrayList.java:1511)
	at org.testng.TestRunner.privateRun(TestRunner.java:794)
	at org.testng.TestRunner.run(TestRunner.java:596)
	at org.testng.SuiteRunner.runTest(SuiteRunner.java:377)
	at org.testng.SuiteRunner.runSequentially(SuiteRunner.java:371)
	at org.testng.SuiteRunner.privateRun(SuiteRunner.java:332)
	at org.testng.SuiteRunner.run(SuiteRunner.java:276)
	at org.testng.SuiteRunnerWorker.runSuite(SuiteRunnerWorker.java:53)
	at org.testng.SuiteRunnerWorker.run(SuiteRunnerWorker.java:96)
	at org.testng.TestNG.runSuitesSequentially(TestNG.java:1212)
	at org.testng.TestNG.runSuitesLocally(TestNG.java:1134)
	at org.testng.TestNG.runSuites(TestNG.java:1063)
	at org.testng.TestNG.run(TestNG.java:1031)
	at org.testng.remote.AbstractRemoteTestNG.run(AbstractRemoteTestNG.java:115)
	at org.testng.remote.RemoteTestNG.initAndRun(RemoteTestNG.java:293)
	at org.testng.remote.RemoteTestNG.main(RemoteTestNG.java:91)
</pre></div></td>
<td>4</td>
<td>test_classes.shardaaaaa@18df8434</td></tr>
<tr>
<td title='test_classes.shardaaaaa.TESTCASES26()'><b>TESTCASES26</b><br>Test class: test_classes.shardaaaaa</td>
<td><div><pre>org.openqa.selenium.ElementNotInteractableException: element not interactable
  (Session info: chrome=128.0.6613.113)
Build info: version: &apos;4.9.1&apos;, revision: &apos;eb2032df7f&apos;
System info: os.name: &apos;Windows 11&apos;, os.arch: &apos;amd64&apos;, os.version: &apos;10.0&apos;, java.version: &apos;17.0.11&apos;
Driver info: org.openqa.selenium.chrome.ChromeDriver
Command: [28dff2686e67783d9956e836031a0d65, sendKeysToElement {id=f.E73C499CA0FC7E4B40813ED09BF34CBB.d.F06AA8A9773452701F08D6BAF3C90397.e.62, value=[Ljava.lang.CharSequence;@4fd74223}]
Capabilities {acceptInsecureCerts: false, browserName: chrome, browserVersion: 128.0.6613.113, chrome: {chromedriverVersion: 127.0.6533.99 (f31af5097d90..., userDataDir: C:\Users\DELL\AppData\Local...}, fedcm:accounts: true, goog:chromeOptions: {debuggerAddress: localhost:53538}, networkConnectionEnabled: false, pageLoadStrategy: normal, platformName: windows, proxy: Proxy(), se:cdp: ws://localhost:53538/devtoo..., se:cdpVersion: 128.0.6613.113, setWindowRect: true, strictFileInteractability: false, timeouts: {implicit: 0, pageLoad: 300000, script: 30000}, unhandledPromptBehavior: dismiss and notify, webauthn:extension:credBlob: true, webauthn:extension:largeBlob: true, webauthn:extension:minPinLength: true, webauthn:extension:prf: true, webauthn:virtualAuthenticators: true}
Element: [[ChromeDriver: chrome on windows (28dff2686e67783d9956e836031a0d65)] -&gt; xpath: //*[@id=&quot;search_box&quot;]]
Session ID: 28dff2686e67783d9956e836031a0d65
	at org.openqa.selenium.remote.codec.w3c.W3CHttpResponseCodec.createException(W3CHttpResponseCodec.java:200)
	at org.openqa.selenium.remote.codec.w3c.W3CHttpResponseCodec.decode(W3CHttpResponseCodec.java:133)
	at org.openqa.selenium.remote.codec.w3c.W3CHttpResponseCodec.decode(W3CHttpResponseCodec.java:53)
	at org.openqa.selenium.remote.HttpCommandExecutor.execute(HttpCommandExecutor.java:193)
	at org.openqa.selenium.remote.service.DriverCommandExecutor.invokeExecute(DriverCommandExecutor.java:183)
	at org.openqa.selenium.remote.service.DriverCommandExecutor.execute(DriverCommandExecutor.java:158)
	at org.openqa.selenium.remote.RemoteWebDriver.execute(RemoteWebDriver.java:543)
	at org.openqa.selenium.remote.RemoteWebElement.execute(RemoteWebElement.java:257)
	at org.openqa.selenium.remote.RemoteWebElement.sendKeys(RemoteWebElement.java:113)
	at test_classes.shardaaaaa.TESTCASES26(shardaaaaa.java:578)
	at java.base/java.util.ArrayList.forEach(ArrayList.java:1511)
... Removed 32 stack frames</pre></div><a href='#' onClick='toggleBox("stack-trace1746061516", this, "Click to show all stack frames", "Click to hide stack frames")'>Click to show all stack frames</a>
<div class='stack-trace' id='stack-trace1746061516'><pre>org.openqa.selenium.ElementNotInteractableException: element not interactable
  (Session info: chrome=128.0.6613.113)
Build info: version: &apos;4.9.1&apos;, revision: &apos;eb2032df7f&apos;
System info: os.name: &apos;Windows 11&apos;, os.arch: &apos;amd64&apos;, os.version: &apos;10.0&apos;, java.version: &apos;17.0.11&apos;
Driver info: org.openqa.selenium.chrome.ChromeDriver
Command: [28dff2686e67783d9956e836031a0d65, sendKeysToElement {id=f.E73C499CA0FC7E4B40813ED09BF34CBB.d.F06AA8A9773452701F08D6BAF3C90397.e.62, value=[Ljava.lang.CharSequence;@4fd74223}]
Capabilities {acceptInsecureCerts: false, browserName: chrome, browserVersion: 128.0.6613.113, chrome: {chromedriverVersion: 127.0.6533.99 (f31af5097d90..., userDataDir: C:\Users\DELL\AppData\Local...}, fedcm:accounts: true, goog:chromeOptions: {debuggerAddress: localhost:53538}, networkConnectionEnabled: false, pageLoadStrategy: normal, platformName: windows, proxy: Proxy(), se:cdp: ws://localhost:53538/devtoo..., se:cdpVersion: 128.0.6613.113, setWindowRect: true, strictFileInteractability: false, timeouts: {implicit: 0, pageLoad: 300000, script: 30000}, unhandledPromptBehavior: dismiss and notify, webauthn:extension:credBlob: true, webauthn:extension:largeBlob: true, webauthn:extension:minPinLength: true, webauthn:extension:prf: true, webauthn:virtualAuthenticators: true}
Element: [[ChromeDriver: chrome on windows (28dff2686e67783d9956e836031a0d65)] -&gt; xpath: //*[@id=&quot;search_box&quot;]]
Session ID: 28dff2686e67783d9956e836031a0d65
	at java.base/jdk.internal.reflect.NativeConstructorAccessorImpl.newInstance0(Native Method)
	at java.base/jdk.internal.reflect.NativeConstructorAccessorImpl.newInstance(NativeConstructorAccessorImpl.java:77)
	at java.base/jdk.internal.reflect.DelegatingConstructorAccessorImpl.newInstance(DelegatingConstructorAccessorImpl.java:45)
	at java.base/java.lang.reflect.Constructor.newInstanceWithCaller(Constructor.java:499)
	at java.base/java.lang.reflect.Constructor.newInstance(Constructor.java:480)
	at org.openqa.selenium.remote.codec.w3c.W3CHttpResponseCodec.createException(W3CHttpResponseCodec.java:200)
	at org.openqa.selenium.remote.codec.w3c.W3CHttpResponseCodec.decode(W3CHttpResponseCodec.java:133)
	at org.openqa.selenium.remote.codec.w3c.W3CHttpResponseCodec.decode(W3CHttpResponseCodec.java:53)
	at org.openqa.selenium.remote.HttpCommandExecutor.execute(HttpCommandExecutor.java:193)
	at org.openqa.selenium.remote.service.DriverCommandExecutor.invokeExecute(DriverCommandExecutor.java:183)
	at org.openqa.selenium.remote.service.DriverCommandExecutor.execute(DriverCommandExecutor.java:158)
	at org.openqa.selenium.remote.RemoteWebDriver.execute(RemoteWebDriver.java:543)
	at org.openqa.selenium.remote.RemoteWebElement.execute(RemoteWebElement.java:257)
	at org.openqa.selenium.remote.RemoteWebElement.sendKeys(RemoteWebElement.java:113)
	at test_classes.shardaaaaa.TESTCASES26(shardaaaaa.java:578)
	at java.base/jdk.internal.reflect.NativeMethodAccessorImpl.invoke0(Native Method)
	at java.base/jdk.internal.reflect.NativeMethodAccessorImpl.invoke(NativeMethodAccessorImpl.java:77)
	at java.base/jdk.internal.reflect.DelegatingMethodAccessorImpl.invoke(DelegatingMethodAccessorImpl.java:43)
	at java.base/java.lang.reflect.Method.invoke(Method.java:568)
	at org.testng.internal.MethodInvocationHelper.invokeMethod(MethodInvocationHelper.java:133)
	at org.testng.internal.TestInvoker.invokeMethod(TestInvoker.java:598)
	at org.testng.internal.TestInvoker.invokeTestMethod(TestInvoker.java:173)
	at org.testng.internal.MethodRunner.runInSequence(MethodRunner.java:46)
	at org.testng.internal.TestInvoker$MethodInvocationAgent.invoke(TestInvoker.java:824)
	at org.testng.internal.TestInvoker.invokeTestMethods(TestInvoker.java:146)
	at org.testng.internal.TestMethodWorker.invokeTestMethods(TestMethodWorker.java:146)
	at org.testng.internal.TestMethodWorker.run(TestMethodWorker.java:128)
	at java.base/java.util.ArrayList.forEach(ArrayList.java:1511)
	at org.testng.TestRunner.privateRun(TestRunner.java:794)
	at org.testng.TestRunner.run(TestRunner.java:596)
	at org.testng.SuiteRunner.runTest(SuiteRunner.java:377)
	at org.testng.SuiteRunner.runSequentially(SuiteRunner.java:371)
	at org.testng.SuiteRunner.privateRun(SuiteRunner.java:332)
	at org.testng.SuiteRunner.run(SuiteRunner.java:276)
	at org.testng.SuiteRunnerWorker.runSuite(SuiteRunnerWorker.java:53)
	at org.testng.SuiteRunnerWorker.run(SuiteRunnerWorker.java:96)
	at org.testng.TestNG.runSuitesSequentially(TestNG.java:1212)
	at org.testng.TestNG.runSuitesLocally(TestNG.java:1134)
	at org.testng.TestNG.runSuites(TestNG.java:1063)
	at org.testng.TestNG.run(TestNG.java:1031)
	at org.testng.remote.AbstractRemoteTestNG.run(AbstractRemoteTestNG.java:115)
	at org.testng.remote.RemoteTestNG.initAndRun(RemoteTestNG.java:293)
	at org.testng.remote.RemoteTestNG.main(RemoteTestNG.java:91)
</pre></div></td>
<td>10</td>
<td>test_classes.shardaaaaa@18df8434</td></tr>
</table><p>
<table width='100%' border='1' class='invocation-passed'>
<tr><td colspan='4' align='center'><b>PASSED TESTS</b></td></tr>
<tr><td><b>Test method</b></td>
<td width="30%"><b>Exception</b></td>
<td width="10%"><b>Time (seconds)</b></td>
<td><b>Instance</b></td>
</tr>
<tr>
<td title='test_classes.shardaaaaa.TESTCASES67()'><b>TESTCASES67</b><br>Test class: test_classes.shardaaaaa</td>
<td></td>
<td>5</td>
<td>test_classes.shardaaaaa@18df8434</td></tr>
<tr>
<td title='test_classes.shardaaaaa.TESTCASES7()'><b>TESTCASES7</b><br>Test class: test_classes.shardaaaaa</td>
<td></td>
<td>0</td>
<td>test_classes.shardaaaaa@18df8434</td></tr>
<tr>
<td title='test_classes.shardaaaaa.TESTCASES3()'><b>TESTCASES3</b><br>Test class: test_classes.shardaaaaa</td>
<td></td>
<td>0</td>
<td>test_classes.shardaaaaa@18df8434</td></tr>
<tr>
<td title='test_classes.shardaaaaa.TESTCASES78()'><b>TESTCASES78</b><br>Test class: test_classes.shardaaaaa</td>
<td></td>
<td>9</td>
<td>test_classes.shardaaaaa@18df8434</td></tr>
<tr>
<td title='test_classes.shardaaaaa.TESTCASES16()'><b>TESTCASES16</b><br>Test class: test_classes.shardaaaaa</td>
<td></td>
<td>5</td>
<td>test_classes.shardaaaaa@18df8434</td></tr>
<tr>
<td title='test_classes.shardaaaaa.TESTCASES75()'><b>TESTCASES75</b><br>Test class: test_classes.shardaaaaa</td>
<td></td>
<td>9</td>
<td>test_classes.shardaaaaa@18df8434</td></tr>
<tr>
<td title='test_classes.shardaaaaa.TESTCASES62()'><b>TESTCASES62</b><br>Test class: test_classes.shardaaaaa</td>
<td></td>
<td>5</td>
<td>test_classes.shardaaaaa@18df8434</td></tr>
<tr>
<td title='test_classes.shardaaaaa.TESTCASES80()'><b>TESTCASES80</b><br>Test class: test_classes.shardaaaaa</td>
<td></td>
<td>9</td>
<td>test_classes.shardaaaaa@18df8434</td></tr>
<tr>
<td title='test_classes.shardaaaaa.TESTCASES11()'><b>TESTCASES11</b><br>Test class: test_classes.shardaaaaa</td>
<td></td>
<td>0</td>
<td>test_classes.shardaaaaa@18df8434</td></tr>
<tr>
<td title='test_classes.shardaaaaa.TESTCASES61()'><b>TESTCASES61</b><br>Test class: test_classes.shardaaaaa</td>
<td></td>
<td>5</td>
<td>test_classes.shardaaaaa@18df8434</td></tr>
<tr>
<td title='test_classes.shardaaaaa.TESTCASES4()'><b>TESTCASES4</b><br>Test class: test_classes.shardaaaaa</td>
<td></td>
<td>0</td>
<td>test_classes.shardaaaaa@18df8434</td></tr>
<tr>
<td title='test_classes.shardaaaaa.TESTCASES76()'><b>TESTCASES76</b><br>Test class: test_classes.shardaaaaa</td>
<td></td>
<td>9</td>
<td>test_classes.shardaaaaa@18df8434</td></tr>
<tr>
<td title='test_classes.shardaaaaa.TESTCASES72()'><b>TESTCASES72</b><br>Test class: test_classes.shardaaaaa</td>
<td></td>
<td>9</td>
<td>test_classes.shardaaaaa@18df8434</td></tr>
<tr>
<td title='test_classes.shardaaaaa.TESTCASES64()'><b>TESTCASES64</b><br>Test class: test_classes.shardaaaaa</td>
<td></td>
<td>5</td>
<td>test_classes.shardaaaaa@18df8434</td></tr>
<tr>
<td title='test_classes.shardaaaaa.TESTCASES63()'><b>TESTCASES63</b><br>Test class: test_classes.shardaaaaa</td>
<td></td>
<td>5</td>
<td>test_classes.shardaaaaa@18df8434</td></tr>
<tr>
<td title='test_classes.shardaaaaa.TESTCASES60()'><b>TESTCASES60</b><br>Test class: test_classes.shardaaaaa</td>
<td></td>
<td>5</td>
<td>test_classes.shardaaaaa@18df8434</td></tr>
<tr>
<td title='test_classes.shardaaaaa.TESTCASES13()'><b>TESTCASES13</b><br>Test class: test_classes.shardaaaaa</td>
<td></td>
<td>5</td>
<td>test_classes.shardaaaaa@18df8434</td></tr>
<tr>
<td title='test_classes.shardaaaaa.TESTCASES79()'><b>TESTCASES79</b><br>Test class: test_classes.shardaaaaa</td>
<td></td>
<td>9</td>
<td>test_classes.shardaaaaa@18df8434</td></tr>
<tr>
<td title='test_classes.shardaaaaa.TESTCASES74()'><b>TESTCASES74</b><br>Test class: test_classes.shardaaaaa</td>
<td></td>
<td>9</td>
<td>test_classes.shardaaaaa@18df8434</td></tr>
<tr>
<td title='test_classes.shardaaaaa.TESTCASES71()'><b>TESTCASES71</b><br>Test class: test_classes.shardaaaaa</td>
<td></td>
<td>9</td>
<td>test_classes.shardaaaaa@18df8434</td></tr>
<tr>
<td title='test_classes.shardaaaaa.TESTCASES73()'><b>TESTCASES73</b><br>Test class: test_classes.shardaaaaa</td>
<td></td>
<td>9</td>
<td>test_classes.shardaaaaa@18df8434</td></tr>
<tr>
<td title='test_classes.shardaaaaa.TESTCASES2()'><b>TESTCASES2</b><br>Test class: test_classes.shardaaaaa</td>
<td></td>
<td>0</td>
<td>test_classes.shardaaaaa@18df8434</td></tr>
<tr>
<td title='test_classes.shardaaaaa.TESTCASES77()'><b>TESTCASES77</b><br>Test class: test_classes.shardaaaaa</td>
<td></td>
<td>9</td>
<td>test_classes.shardaaaaa@18df8434</td></tr>
<tr>
<td title='test_classes.shardaaaaa.TESTCASES14()'><b>TESTCASES14</b><br>Test class: test_classes.shardaaaaa</td>
<td></td>
<td>5</td>
<td>test_classes.shardaaaaa@18df8434</td></tr>
<tr>
<td title='test_classes.shardaaaaa.TESTCASES5()'><b>TESTCASES5</b><br>Test class: test_classes.shardaaaaa</td>
<td></td>
<td>0</td>
<td>test_classes.shardaaaaa@18df8434</td></tr>
<tr>
<td title='test_classes.shardaaaaa.TESTCASES15()'><b>TESTCASES15</b><br>Test class: test_classes.shardaaaaa</td>
<td></td>
<td>5</td>
<td>test_classes.shardaaaaa@18df8434</td></tr>
<tr>
<td title='test_classes.shardaaaaa.TESTCASES69()'><b>TESTCASES69</b><br>Test class: test_classes.shardaaaaa</td>
<td></td>
<td>5</td>
<td>test_classes.shardaaaaa@18df8434</td></tr>
<tr>
<td title='test_classes.shardaaaaa.TESTCASES65()'><b>TESTCASES65</b><br>Test class: test_classes.shardaaaaa</td>
<td></td>
<td>5</td>
<td>test_classes.shardaaaaa@18df8434</td></tr>
<tr>
<td title='test_classes.shardaaaaa.TESTCASES6()'><b>TESTCASES6</b><br>Test class: test_classes.shardaaaaa</td>
<td></td>
<td>1</td>
<td>test_classes.shardaaaaa@18df8434</td></tr>
<tr>
<td title='test_classes.shardaaaaa.TESTCASES10()'><b>TESTCASES10</b><br>Test class: test_classes.shardaaaaa</td>
<td></td>
<td>0</td>
<td>test_classes.shardaaaaa@18df8434</td></tr>
<tr>
<td title='test_classes.shardaaaaa.TESTCASES9()'><b>TESTCASES9</b><br>Test class: test_classes.shardaaaaa</td>
<td></td>
<td>0</td>
<td>test_classes.shardaaaaa@18df8434</td></tr>
</table><p>
</body>
</html>