<?xml version="1.0" encoding="UTF-8"?>
<!-- Generated by org.testng.reporters.JUnitXMLReporter -->
<testsuite ignored="0" hostname="DESKTOP-TRGGSFM" failures="4" tests="76" name="Default test" time="87.986" errors="0" timestamp="2024-10-04T11:49:38 IST">
  <testcase classname="test_classes.shardaaaaa" name="@BeforeMethod setUp" time="2.255">
    <failure type="org.openqa.selenium.NoSuchWindowException" message="no such window: target window already closed
from unknown error: web view not found
  (Session info: chrome=129.0.6668.71)
Build info: version: &amp;apos;4.9.1&amp;apos;, revision: &amp;apos;eb2032df7f&amp;apos;
System info: os.name: &amp;apos;Windows 11&amp;apos;, os.arch: &amp;apos;amd64&amp;apos;, os.version: &amp;apos;10.0&amp;apos;, java.version: &amp;apos;17.0.11&amp;apos;
Driver info: org.openqa.selenium.chrome.ChromeDriver
Command: [efff361d310d7621edf87933c1a5e002, maximizeCurrentWindow {}]
Capabilities {acceptInsecureCerts: false, browserName: chrome, browserVersion: 129.0.6668.71, chrome: {chromedriverVersion: 129.0.6668.70 (df87d5cf12b1..., userDataDir: C:\Users\DELL\AppData\Local...}, fedcm:accounts: true, goog:chromeOptions: {debuggerAddress: localhost:52074}, networkConnectionEnabled: false, pageLoadStrategy: normal, platformName: windows, proxy: Proxy(), se:cdp: ws://localhost:52074/devtoo..., se:cdpVersion: 129.0.6668.71, setWindowRect: true, strictFileInteractability: false, timeouts: {implicit: 0, pageLoad: 300000, script: 30000}, unhandledPromptBehavior: dismiss and notify, webauthn:extension:credBlob: true, webauthn:extension:largeBlob: true, webauthn:extension:minPinLength: true, webauthn:extension:prf: true, webauthn:virtualAuthenticators: true}
Session ID: efff361d310d7621edf87933c1a5e002">
      <![CDATA[org.openqa.selenium.NoSuchWindowException: no such window: target window already closed
from unknown error: web view not found
  (Session info: chrome=129.0.6668.71)
Build info: version: '4.9.1', revision: 'eb2032df7f'
System info: os.name: 'Windows 11', os.arch: 'amd64', os.version: '10.0', java.version: '17.0.11'
Driver info: org.openqa.selenium.chrome.ChromeDriver
Command: [efff361d310d7621edf87933c1a5e002, maximizeCurrentWindow {}]
Capabilities {acceptInsecureCerts: false, browserName: chrome, browserVersion: 129.0.6668.71, chrome: {chromedriverVersion: 129.0.6668.70 (df87d5cf12b1..., userDataDir: C:\Users\DELL\AppData\Local...}, fedcm:accounts: true, goog:chromeOptions: {debuggerAddress: localhost:52074}, networkConnectionEnabled: false, pageLoadStrategy: normal, platformName: windows, proxy: Proxy(), se:cdp: ws://localhost:52074/devtoo..., se:cdpVersion: 129.0.6668.71, setWindowRect: true, strictFileInteractability: false, timeouts: {implicit: 0, pageLoad: 300000, script: 30000}, unhandledPromptBehavior: dismiss and notify, webauthn:extension:credBlob: true, webauthn:extension:largeBlob: true, webauthn:extension:minPinLength: true, webauthn:extension:prf: true, webauthn:virtualAuthenticators: true}
Session ID: efff361d310d7621edf87933c1a5e002
at java.base/jdk.internal.reflect.NativeConstructorAccessorImpl.newInstance0(Native Method)
at java.base/jdk.internal.reflect.NativeConstructorAccessorImpl.newInstance(NativeConstructorAccessorImpl.java:77)
at java.base/jdk.internal.reflect.DelegatingConstructorAccessorImpl.newInstance(DelegatingConstructorAccessorImpl.java:45)
at java.base/java.lang.reflect.Constructor.newInstanceWithCaller(Constructor.java:499)
at java.base/java.lang.reflect.Constructor.newInstance(Constructor.java:480)
at org.openqa.selenium.remote.codec.w3c.W3CHttpResponseCodec.createException(W3CHttpResponseCodec.java:200)
at org.openqa.selenium.remote.codec.w3c.W3CHttpResponseCodec.decode(W3CHttpResponseCodec.java:133)
at org.openqa.selenium.remote.codec.w3c.W3CHttpResponseCodec.decode(W3CHttpResponseCodec.java:53)
at org.openqa.selenium.remote.HttpCommandExecutor.execute(HttpCommandExecutor.java:193)
at org.openqa.selenium.remote.service.DriverCommandExecutor.invokeExecute(DriverCommandExecutor.java:183)
at org.openqa.selenium.remote.service.DriverCommandExecutor.execute(DriverCommandExecutor.java:158)
at org.openqa.selenium.remote.RemoteWebDriver.execute(RemoteWebDriver.java:543)
at org.openqa.selenium.remote.RemoteWebDriver.execute(RemoteWebDriver.java:598)
at org.openqa.selenium.remote.RemoteWebDriver.execute(RemoteWebDriver.java:602)
at org.openqa.selenium.remote.RemoteWebDriver$RemoteWebDriverOptions$RemoteWindow.maximize(RemoteWebDriver.java:953)
at test_classes.shardaaaaa.setUp(shardaaaaa.java:31)
at java.base/jdk.internal.reflect.NativeMethodAccessorImpl.invoke0(Native Method)
at java.base/jdk.internal.reflect.NativeMethodAccessorImpl.invoke(NativeMethodAccessorImpl.java:77)
at java.base/jdk.internal.reflect.DelegatingMethodAccessorImpl.invoke(DelegatingMethodAccessorImpl.java:43)
at java.base/java.lang.reflect.Method.invoke(Method.java:568)
at org.testng.internal.MethodInvocationHelper.invokeMethod(MethodInvocationHelper.java:133)
at org.testng.internal.MethodInvocationHelper.invokeMethodConsideringTimeout(MethodInvocationHelper.java:62)
at org.testng.internal.ConfigInvoker.invokeConfigurationMethod(ConfigInvoker.java:385)
at org.testng.internal.ConfigInvoker.invokeConfigurations(ConfigInvoker.java:321)
at org.testng.internal.TestInvoker.runConfigMethods(TestInvoker.java:700)
at org.testng.internal.TestInvoker.invokeMethod(TestInvoker.java:527)
at org.testng.internal.TestInvoker.invokeTestMethod(TestInvoker.java:173)
at org.testng.internal.MethodRunner.runInSequence(MethodRunner.java:46)
at org.testng.internal.TestInvoker$MethodInvocationAgent.invoke(TestInvoker.java:824)
at org.testng.internal.TestInvoker.invokeTestMethods(TestInvoker.java:146)
at org.testng.internal.TestMethodWorker.invokeTestMethods(TestMethodWorker.java:146)
at org.testng.internal.TestMethodWorker.run(TestMethodWorker.java:128)
at java.base/java.util.ArrayList.forEach(ArrayList.java:1511)
at org.testng.TestRunner.privateRun(TestRunner.java:794)
at org.testng.TestRunner.run(TestRunner.java:596)
at org.testng.SuiteRunner.runTest(SuiteRunner.java:377)
at org.testng.SuiteRunner.runSequentially(SuiteRunner.java:371)
at org.testng.SuiteRunner.privateRun(SuiteRunner.java:332)
at org.testng.SuiteRunner.run(SuiteRunner.java:276)
at org.testng.SuiteRunnerWorker.runSuite(SuiteRunnerWorker.java:53)
at org.testng.SuiteRunnerWorker.run(SuiteRunnerWorker.java:96)
at org.testng.TestNG.runSuitesSequentially(TestNG.java:1212)
at org.testng.TestNG.runSuitesLocally(TestNG.java:1134)
at org.testng.TestNG.runSuites(TestNG.java:1063)
at org.testng.TestNG.run(TestNG.java:1031)
at org.testng.remote.AbstractRemoteTestNG.run(AbstractRemoteTestNG.java:115)
at org.testng.remote.RemoteTestNG.initAndRun(RemoteTestNG.java:293)
at org.testng.remote.RemoteTestNG.main(RemoteTestNG.java:91)
]]>
    </failure>
  </testcase> <!-- @BeforeMethod setUp -->
  <testcase classname="test_classes.shardaaaaa" name="@BeforeMethod setUp" time="-1.728022776888E9">
    <skipped/>
  </testcase> <!-- @BeforeMethod setUp -->
  <testcase classname="test_classes.shardaaaaa" name="@BeforeMethod setUp" time="-1.728022776916E9">
    <skipped/>
  </testcase> <!-- @BeforeMethod setUp -->
  <testcase classname="test_classes.shardaaaaa" name="@BeforeMethod setUp" time="-1.728022776931E9">
    <skipped/>
  </testcase> <!-- @BeforeMethod setUp -->
  <testcase classname="test_classes.shardaaaaa" name="@BeforeMethod setUp" time="-1.728022776945E9">
    <skipped/>
  </testcase> <!-- @BeforeMethod setUp -->
  <testcase classname="test_classes.shardaaaaa" name="@BeforeMethod setUp" time="-1.728022776956E9">
    <skipped/>
  </testcase> <!-- @BeforeMethod setUp -->
  <testcase classname="test_classes.shardaaaaa" name="@BeforeMethod setUp" time="-1.728022776964E9">
    <skipped/>
  </testcase> <!-- @BeforeMethod setUp -->
  <testcase classname="test_classes.shardaaaaa" name="@BeforeMethod setUp" time="-1.728022776977E9">
    <skipped/>
  </testcase> <!-- @BeforeMethod setUp -->
  <testcase classname="test_classes.shardaaaaa" name="@BeforeMethod setUp" time="-1.728022777033E9">
    <skipped/>
  </testcase> <!-- @BeforeMethod setUp -->
  <testcase classname="test_classes.shardaaaaa" name="@BeforeMethod setUp" time="-1.728022777042E9">
    <skipped/>
  </testcase> <!-- @BeforeMethod setUp -->
  <testcase classname="test_classes.shardaaaaa" name="@BeforeMethod setUp" time="-1.728022777051E9">
    <skipped/>
  </testcase> <!-- @BeforeMethod setUp -->
  <testcase classname="test_classes.shardaaaaa" name="@BeforeMethod setUp" time="-1.728022777073E9">
    <skipped/>
  </testcase> <!-- @BeforeMethod setUp -->
  <testcase classname="test_classes.shardaaaaa" name="@BeforeMethod setUp" time="-1.728022777094E9">
    <skipped/>
  </testcase> <!-- @BeforeMethod setUp -->
  <testcase classname="test_classes.shardaaaaa" name="@BeforeMethod setUp" time="-1.728022777124E9">
    <skipped/>
  </testcase> <!-- @BeforeMethod setUp -->
  <testcase classname="test_classes.shardaaaaa" name="@BeforeMethod setUp" time="-1.728022777134E9">
    <skipped/>
  </testcase> <!-- @BeforeMethod setUp -->
  <testcase classname="test_classes.shardaaaaa" name="@BeforeMethod setUp" time="-1.728022777148E9">
    <skipped/>
  </testcase> <!-- @BeforeMethod setUp -->
  <testcase classname="test_classes.shardaaaaa" name="@BeforeMethod setUp" time="-1.72802277716E9">
    <skipped/>
  </testcase> <!-- @BeforeMethod setUp -->
  <testcase classname="test_classes.shardaaaaa" name="@BeforeMethod setUp" time="-1.728022777167E9">
    <skipped/>
  </testcase> <!-- @BeforeMethod setUp -->
  <testcase classname="test_classes.shardaaaaa" name="@BeforeMethod setUp" time="-1.72802277718E9">
    <skipped/>
  </testcase> <!-- @BeforeMethod setUp -->
  <testcase classname="test_classes.shardaaaaa" name="@BeforeMethod setUp" time="-1.728022777192E9">
    <skipped/>
  </testcase> <!-- @BeforeMethod setUp -->
  <testcase classname="test_classes.shardaaaaa" name="@BeforeMethod setUp" time="-1.728022777196E9">
    <skipped/>
  </testcase> <!-- @BeforeMethod setUp -->
  <testcase classname="test_classes.shardaaaaa" name="@BeforeMethod setUp" time="-1.728022777207E9">
    <skipped/>
  </testcase> <!-- @BeforeMethod setUp -->
  <testcase classname="test_classes.shardaaaaa" name="@BeforeMethod setUp" time="-1.728022777213E9">
    <skipped/>
  </testcase> <!-- @BeforeMethod setUp -->
  <testcase classname="test_classes.shardaaaaa" name="@BeforeMethod setUp" time="-1.728022777226E9">
    <skipped/>
  </testcase> <!-- @BeforeMethod setUp -->
  <testcase classname="test_classes.shardaaaaa" name="@BeforeMethod setUp" time="-1.728022777231E9">
    <skipped/>
  </testcase> <!-- @BeforeMethod setUp -->
  <testcase classname="test_classes.shardaaaaa" name="@BeforeMethod setUp" time="-1.728022777246E9">
    <skipped/>
  </testcase> <!-- @BeforeMethod setUp -->
  <testcase classname="test_classes.shardaaaaa" name="@BeforeMethod setUp" time="-1.72802277725E9">
    <skipped/>
  </testcase> <!-- @BeforeMethod setUp -->
  <testcase classname="test_classes.shardaaaaa" name="@BeforeMethod setUp" time="-1.728022777259E9">
    <skipped/>
  </testcase> <!-- @BeforeMethod setUp -->
  <testcase classname="test_classes.shardaaaaa" name="@BeforeMethod setUp" time="-1.728022777264E9">
    <skipped/>
  </testcase> <!-- @BeforeMethod setUp -->
  <testcase classname="test_classes.shardaaaaa" name="@BeforeMethod setUp" time="-1.728022777274E9">
    <skipped/>
  </testcase> <!-- @BeforeMethod setUp -->
  <testcase classname="test_classes.shardaaaaa" name="@BeforeMethod setUp" time="-1.728022777282E9">
    <skipped/>
  </testcase> <!-- @BeforeMethod setUp -->
  <testcase classname="test_classes.shardaaaaa" name="@BeforeMethod setUp" time="-1.728022777291E9">
    <skipped/>
  </testcase> <!-- @BeforeMethod setUp -->
  <testcase classname="test_classes.shardaaaaa" name="@BeforeMethod setUp" time="-1.728022777299E9">
    <skipped/>
  </testcase> <!-- @BeforeMethod setUp -->
  <testcase classname="test_classes.shardaaaaa" name="@BeforeMethod setUp" time="-1.728022777307E9">
    <skipped/>
  </testcase> <!-- @BeforeMethod setUp -->
  <testcase classname="test_classes.shardaaaaa" name="@BeforeMethod setUp" time="-1.728022777317E9">
    <skipped/>
  </testcase> <!-- @BeforeMethod setUp -->
  <testcase classname="test_classes.shardaaaaa" name="@BeforeMethod setUp" time="-1.72802277734E9">
    <skipped/>
  </testcase> <!-- @BeforeMethod setUp -->
  <testcase classname="test_classes.shardaaaaa" name="@BeforeMethod setUp" time="-1.728022777346E9">
    <skipped/>
  </testcase> <!-- @BeforeMethod setUp -->
  <testcase classname="test_classes.shardaaaaa" name="@BeforeMethod setUp" time="-1.728022777351E9">
    <skipped/>
  </testcase> <!-- @BeforeMethod setUp -->
  <testcase classname="test_classes.shardaaaaa" name="@BeforeMethod setUp" time="-1.728022777375E9">
    <skipped/>
  </testcase> <!-- @BeforeMethod setUp -->
  <testcase classname="test_classes.shardaaaaa" name="@BeforeMethod setUp" time="-1.728022777381E9">
    <skipped/>
  </testcase> <!-- @BeforeMethod setUp -->
  <testcase classname="test_classes.shardaaaaa" name="@BeforeMethod setUp" time="-1.728022777396E9">
    <skipped/>
  </testcase> <!-- @BeforeMethod setUp -->
  <testcase classname="test_classes.shardaaaaa" name="@BeforeMethod setUp" time="-1.728022777409E9">
    <skipped/>
  </testcase> <!-- @BeforeMethod setUp -->
  <testcase classname="test_classes.shardaaaaa" name="@BeforeMethod setUp" time="-1.728022777414E9">
    <skipped/>
  </testcase> <!-- @BeforeMethod setUp -->
  <testcase classname="test_classes.shardaaaaa" name="@BeforeMethod setUp" time="-1.728022777424E9">
    <skipped/>
  </testcase> <!-- @BeforeMethod setUp -->
  <testcase classname="test_classes.shardaaaaa" name="@BeforeMethod setUp" time="-1.728022777431E9">
    <skipped/>
  </testcase> <!-- @BeforeMethod setUp -->
  <testcase classname="test_classes.shardaaaaa" name="@BeforeMethod setUp" time="-1.728022777439E9">
    <skipped/>
  </testcase> <!-- @BeforeMethod setUp -->
  <testcase classname="test_classes.shardaaaaa" name="@BeforeMethod setUp" time="-1.728022777448E9">
    <skipped/>
  </testcase> <!-- @BeforeMethod setUp -->
  <testcase classname="test_classes.shardaaaaa" name="@BeforeMethod setUp" time="-1.728022777459E9">
    <skipped/>
  </testcase> <!-- @BeforeMethod setUp -->
  <testcase classname="test_classes.shardaaaaa" name="@BeforeMethod setUp" time="-1.728022777464E9">
    <skipped/>
  </testcase> <!-- @BeforeMethod setUp -->
  <testcase classname="test_classes.shardaaaaa" name="@BeforeMethod setUp" time="-1.728022777477E9">
    <skipped/>
  </testcase> <!-- @BeforeMethod setUp -->
  <testcase classname="test_classes.shardaaaaa" name="@BeforeMethod setUp" time="-1.728022777481E9">
    <skipped/>
  </testcase> <!-- @BeforeMethod setUp -->
  <testcase classname="test_classes.shardaaaaa" name="@BeforeMethod setUp" time="-1.728022777493E9">
    <skipped/>
  </testcase> <!-- @BeforeMethod setUp -->
  <testcase classname="test_classes.shardaaaaa" name="@BeforeMethod setUp" time="-1.728022777497E9">
    <skipped/>
  </testcase> <!-- @BeforeMethod setUp -->
  <testcase classname="test_classes.shardaaaaa" name="@BeforeMethod setUp" time="-1.728022777509E9">
    <skipped/>
  </testcase> <!-- @BeforeMethod setUp -->
  <testcase classname="test_classes.shardaaaaa" name="@BeforeMethod setUp" time="-1.728022777543E9">
    <skipped/>
  </testcase> <!-- @BeforeMethod setUp -->
  <testcase classname="test_classes.shardaaaaa" name="@BeforeMethod setUp" time="-1.728022777548E9">
    <skipped/>
  </testcase> <!-- @BeforeMethod setUp -->
  <testcase classname="test_classes.shardaaaaa" name="@BeforeMethod setUp" time="-1.728022777561E9">
    <skipped/>
  </testcase> <!-- @BeforeMethod setUp -->
  <testcase classname="test_classes.shardaaaaa" name="@BeforeMethod setUp" time="-1.728022777567E9">
    <skipped/>
  </testcase> <!-- @BeforeMethod setUp -->
  <testcase classname="test_classes.shardaaaaa" name="@BeforeMethod setUp" time="-1.728022777579E9">
    <skipped/>
  </testcase> <!-- @BeforeMethod setUp -->
  <testcase classname="test_classes.shardaaaaa" name="@BeforeMethod setUp" time="-1.728022777585E9">
    <skipped/>
  </testcase> <!-- @BeforeMethod setUp -->
  <testcase classname="test_classes.shardaaaaa" name="@BeforeMethod setUp" time="-1.728022777598E9">
    <skipped/>
  </testcase> <!-- @BeforeMethod setUp -->
  <testcase classname="test_classes.shardaaaaa" name="@BeforeMethod setUp" time="-1.728022777609E9">
    <skipped/>
  </testcase> <!-- @BeforeMethod setUp -->
  <testcase classname="test_classes.shardaaaaa" name="@BeforeMethod setUp" time="-1.728022777616E9">
    <skipped/>
  </testcase> <!-- @BeforeMethod setUp -->
  <testcase classname="test_classes.shardaaaaa" name="@BeforeMethod setUp" time="-1.728022777629E9">
    <skipped/>
  </testcase> <!-- @BeforeMethod setUp -->
  <testcase classname="test_classes.shardaaaaa" name="@BeforeMethod setUp" time="-1.728022777642E9">
    <skipped/>
  </testcase> <!-- @BeforeMethod setUp -->
  <testcase classname="test_classes.shardaaaaa" name="@BeforeMethod setUp" time="-1.728022777649E9">
    <skipped/>
  </testcase> <!-- @BeforeMethod setUp -->
  <testcase classname="test_classes.shardaaaaa" name="@BeforeMethod setUp" time="-1.728022777673E9">
    <skipped/>
  </testcase> <!-- @BeforeMethod setUp -->
  <testcase classname="test_classes.shardaaaaa" name="@BeforeMethod setUp" time="-1.728022777682E9">
    <skipped/>
  </testcase> <!-- @BeforeMethod setUp -->
  <testcase classname="test_classes.shardaaaaa" name="@BeforeMethod setUp" time="-1.7280227777E9">
    <skipped/>
  </testcase> <!-- @BeforeMethod setUp -->
  <testcase classname="test_classes.shardaaaaa" name="@BeforeMethod setUp" time="-1.728022777813E9">
    <skipped/>
  </testcase> <!-- @BeforeMethod setUp -->
  <testcase classname="test_classes.shardaaaaa" name="@BeforeMethod setUp" time="-1.728022777831E9">
    <skipped/>
  </testcase> <!-- @BeforeMethod setUp -->
  <testcase classname="test_classes.shardaaaaa" name="@BeforeMethod setUp" time="-1.728022777848E9">
    <skipped/>
  </testcase> <!-- @BeforeMethod setUp -->
  <testcase classname="test_classes.shardaaaaa" name="@AfterClass tearDown" time="-1.728022777861E9">
    <skipped/>
  </testcase> <!-- @AfterClass tearDown -->
  <testcase classname="test_classes.shardaaaaa" name="TESTCASES1" time="23.931">
    <failure type="org.openqa.selenium.NoSuchElementException" message="no such element: Unable to locate element: {&amp;quot;method&amp;quot;:&amp;quot;xpath&amp;quot;,&amp;quot;selector&amp;quot;:&amp;quot;//h1[contains(text(), &amp;apos;International Business&amp;apos;)]&amp;quot;}
  (Session info: chrome=129.0.6668.71)
For documentation on this error, please visit: https://selenium.dev/exceptions/#no_such_element
Build info: version: &amp;apos;4.9.1&amp;apos;, revision: &amp;apos;eb2032df7f&amp;apos;
System info: os.name: &amp;apos;Windows 11&amp;apos;, os.arch: &amp;apos;amd64&amp;apos;, os.version: &amp;apos;10.0&amp;apos;, java.version: &amp;apos;17.0.11&amp;apos;
Driver info: org.openqa.selenium.chrome.ChromeDriver
Command: [be1c833ef3f017dd43193edf6f02f7bc, findElement {using=xpath, value=//h1[contains(text(), &amp;apos;International Business&amp;apos;)]}]
Capabilities {acceptInsecureCerts: false, browserName: chrome, browserVersion: 129.0.6668.71, chrome: {chromedriverVersion: 129.0.6668.70 (df87d5cf12b1..., userDataDir: C:\Users\DELL\AppData\Local...}, fedcm:accounts: true, goog:chromeOptions: {debuggerAddress: localhost:51852}, networkConnectionEnabled: false, pageLoadStrategy: normal, platformName: windows, proxy: Proxy(), se:cdp: ws://localhost:51852/devtoo..., se:cdpVersion: 129.0.6668.71, setWindowRect: true, strictFileInteractability: false, timeouts: {implicit: 0, pageLoad: 300000, script: 30000}, unhandledPromptBehavior: dismiss and notify, webauthn:extension:credBlob: true, webauthn:extension:largeBlob: true, webauthn:extension:minPinLength: true, webauthn:extension:prf: true, webauthn:virtualAuthenticators: true}
Session ID: be1c833ef3f017dd43193edf6f02f7bc">
      <![CDATA[org.openqa.selenium.NoSuchElementException: no such element: Unable to locate element: {"method":"xpath","selector":"//h1[contains(text(), 'International Business')]"}
  (Session info: chrome=129.0.6668.71)
For documentation on this error, please visit: https://selenium.dev/exceptions/#no_such_element
Build info: version: '4.9.1', revision: 'eb2032df7f'
System info: os.name: 'Windows 11', os.arch: 'amd64', os.version: '10.0', java.version: '17.0.11'
Driver info: org.openqa.selenium.chrome.ChromeDriver
Command: [be1c833ef3f017dd43193edf6f02f7bc, findElement {using=xpath, value=//h1[contains(text(), 'International Business')]}]
Capabilities {acceptInsecureCerts: false, browserName: chrome, browserVersion: 129.0.6668.71, chrome: {chromedriverVersion: 129.0.6668.70 (df87d5cf12b1..., userDataDir: C:\Users\DELL\AppData\Local...}, fedcm:accounts: true, goog:chromeOptions: {debuggerAddress: localhost:51852}, networkConnectionEnabled: false, pageLoadStrategy: normal, platformName: windows, proxy: Proxy(), se:cdp: ws://localhost:51852/devtoo..., se:cdpVersion: 129.0.6668.71, setWindowRect: true, strictFileInteractability: false, timeouts: {implicit: 0, pageLoad: 300000, script: 30000}, unhandledPromptBehavior: dismiss and notify, webauthn:extension:credBlob: true, webauthn:extension:largeBlob: true, webauthn:extension:minPinLength: true, webauthn:extension:prf: true, webauthn:virtualAuthenticators: true}
Session ID: be1c833ef3f017dd43193edf6f02f7bc
at java.base/jdk.internal.reflect.NativeConstructorAccessorImpl.newInstance0(Native Method)
at java.base/jdk.internal.reflect.NativeConstructorAccessorImpl.newInstance(NativeConstructorAccessorImpl.java:77)
at java.base/jdk.internal.reflect.DelegatingConstructorAccessorImpl.newInstance(DelegatingConstructorAccessorImpl.java:45)
at java.base/java.lang.reflect.Constructor.newInstanceWithCaller(Constructor.java:499)
at java.base/java.lang.reflect.Constructor.newInstance(Constructor.java:480)
at org.openqa.selenium.remote.codec.w3c.W3CHttpResponseCodec.createException(W3CHttpResponseCodec.java:200)
at org.openqa.selenium.remote.codec.w3c.W3CHttpResponseCodec.decode(W3CHttpResponseCodec.java:133)
at org.openqa.selenium.remote.codec.w3c.W3CHttpResponseCodec.decode(W3CHttpResponseCodec.java:53)
at org.openqa.selenium.remote.HttpCommandExecutor.execute(HttpCommandExecutor.java:193)
at org.openqa.selenium.remote.service.DriverCommandExecutor.invokeExecute(DriverCommandExecutor.java:183)
at org.openqa.selenium.remote.service.DriverCommandExecutor.execute(DriverCommandExecutor.java:158)
at org.openqa.selenium.remote.RemoteWebDriver.execute(RemoteWebDriver.java:543)
at org.openqa.selenium.remote.ElementLocation$ElementFinder$2.findElement(ElementLocation.java:162)
at org.openqa.selenium.remote.ElementLocation.findElement(ElementLocation.java:60)
at org.openqa.selenium.remote.RemoteWebDriver.findElement(RemoteWebDriver.java:352)
at org.openqa.selenium.remote.RemoteWebDriver.findElement(RemoteWebDriver.java:344)
at test_classes.shardaaaaa.TESTCASES1(shardaaaaa.java:42)
at java.base/jdk.internal.reflect.NativeMethodAccessorImpl.invoke0(Native Method)
at java.base/jdk.internal.reflect.NativeMethodAccessorImpl.invoke(NativeMethodAccessorImpl.java:77)
at java.base/jdk.internal.reflect.DelegatingMethodAccessorImpl.invoke(DelegatingMethodAccessorImpl.java:43)
at java.base/java.lang.reflect.Method.invoke(Method.java:568)
at org.testng.internal.MethodInvocationHelper.invokeMethod(MethodInvocationHelper.java:133)
at org.testng.internal.TestInvoker.invokeMethod(TestInvoker.java:598)
at org.testng.internal.TestInvoker.invokeTestMethod(TestInvoker.java:173)
at org.testng.internal.MethodRunner.runInSequence(MethodRunner.java:46)
at org.testng.internal.TestInvoker$MethodInvocationAgent.invoke(TestInvoker.java:824)
at org.testng.internal.TestInvoker.invokeTestMethods(TestInvoker.java:146)
at org.testng.internal.TestMethodWorker.invokeTestMethods(TestMethodWorker.java:146)
at org.testng.internal.TestMethodWorker.run(TestMethodWorker.java:128)
at java.base/java.util.ArrayList.forEach(ArrayList.java:1511)
at org.testng.TestRunner.privateRun(TestRunner.java:794)
at org.testng.TestRunner.run(TestRunner.java:596)
at org.testng.SuiteRunner.runTest(SuiteRunner.java:377)
at org.testng.SuiteRunner.runSequentially(SuiteRunner.java:371)
at org.testng.SuiteRunner.privateRun(SuiteRunner.java:332)
at org.testng.SuiteRunner.run(SuiteRunner.java:276)
at org.testng.SuiteRunnerWorker.runSuite(SuiteRunnerWorker.java:53)
at org.testng.SuiteRunnerWorker.run(SuiteRunnerWorker.java:96)
at org.testng.TestNG.runSuitesSequentially(TestNG.java:1212)
at org.testng.TestNG.runSuitesLocally(TestNG.java:1134)
at org.testng.TestNG.runSuites(TestNG.java:1063)
at org.testng.TestNG.run(TestNG.java:1031)
at org.testng.remote.AbstractRemoteTestNG.run(AbstractRemoteTestNG.java:115)
at org.testng.remote.RemoteTestNG.initAndRun(RemoteTestNG.java:293)
at org.testng.remote.RemoteTestNG.main(RemoteTestNG.java:91)
]]>
    </failure>
  </testcase> <!-- TESTCASES1 -->
  <testcase classname="test_classes.shardaaaaa" name="TESTCASES2" time="10.976">
    <failure type="org.openqa.selenium.NoSuchElementException" message="no such element: Unable to locate element: {&amp;quot;method&amp;quot;:&amp;quot;xpath&amp;quot;,&amp;quot;selector&amp;quot;:&amp;quot;//h1[contains(text(), &amp;apos;Project Management&amp;apos;)]&amp;quot;}
  (Session info: chrome=129.0.6668.71)
For documentation on this error, please visit: https://selenium.dev/exceptions/#no_such_element
Build info: version: &amp;apos;4.9.1&amp;apos;, revision: &amp;apos;eb2032df7f&amp;apos;
System info: os.name: &amp;apos;Windows 11&amp;apos;, os.arch: &amp;apos;amd64&amp;apos;, os.version: &amp;apos;10.0&amp;apos;, java.version: &amp;apos;17.0.11&amp;apos;
Driver info: org.openqa.selenium.chrome.ChromeDriver
Command: [cf6187f1b8aed6443cf44e6bf6999cf1, findElement {using=xpath, value=//h1[contains(text(), &amp;apos;Project Management&amp;apos;)]}]
Capabilities {acceptInsecureCerts: false, browserName: chrome, browserVersion: 129.0.6668.71, chrome: {chromedriverVersion: 129.0.6668.70 (df87d5cf12b1..., userDataDir: C:\Users\DELL\AppData\Local...}, fedcm:accounts: true, goog:chromeOptions: {debuggerAddress: localhost:51941}, networkConnectionEnabled: false, pageLoadStrategy: normal, platformName: windows, proxy: Proxy(), se:cdp: ws://localhost:51941/devtoo..., se:cdpVersion: 129.0.6668.71, setWindowRect: true, strictFileInteractability: false, timeouts: {implicit: 0, pageLoad: 300000, script: 30000}, unhandledPromptBehavior: dismiss and notify, webauthn:extension:credBlob: true, webauthn:extension:largeBlob: true, webauthn:extension:minPinLength: true, webauthn:extension:prf: true, webauthn:virtualAuthenticators: true}
Session ID: cf6187f1b8aed6443cf44e6bf6999cf1">
      <![CDATA[org.openqa.selenium.NoSuchElementException: no such element: Unable to locate element: {"method":"xpath","selector":"//h1[contains(text(), 'Project Management')]"}
  (Session info: chrome=129.0.6668.71)
For documentation on this error, please visit: https://selenium.dev/exceptions/#no_such_element
Build info: version: '4.9.1', revision: 'eb2032df7f'
System info: os.name: 'Windows 11', os.arch: 'amd64', os.version: '10.0', java.version: '17.0.11'
Driver info: org.openqa.selenium.chrome.ChromeDriver
Command: [cf6187f1b8aed6443cf44e6bf6999cf1, findElement {using=xpath, value=//h1[contains(text(), 'Project Management')]}]
Capabilities {acceptInsecureCerts: false, browserName: chrome, browserVersion: 129.0.6668.71, chrome: {chromedriverVersion: 129.0.6668.70 (df87d5cf12b1..., userDataDir: C:\Users\DELL\AppData\Local...}, fedcm:accounts: true, goog:chromeOptions: {debuggerAddress: localhost:51941}, networkConnectionEnabled: false, pageLoadStrategy: normal, platformName: windows, proxy: Proxy(), se:cdp: ws://localhost:51941/devtoo..., se:cdpVersion: 129.0.6668.71, setWindowRect: true, strictFileInteractability: false, timeouts: {implicit: 0, pageLoad: 300000, script: 30000}, unhandledPromptBehavior: dismiss and notify, webauthn:extension:credBlob: true, webauthn:extension:largeBlob: true, webauthn:extension:minPinLength: true, webauthn:extension:prf: true, webauthn:virtualAuthenticators: true}
Session ID: cf6187f1b8aed6443cf44e6bf6999cf1
at java.base/jdk.internal.reflect.NativeConstructorAccessorImpl.newInstance0(Native Method)
at java.base/jdk.internal.reflect.NativeConstructorAccessorImpl.newInstance(NativeConstructorAccessorImpl.java:77)
at java.base/jdk.internal.reflect.DelegatingConstructorAccessorImpl.newInstance(DelegatingConstructorAccessorImpl.java:45)
at java.base/java.lang.reflect.Constructor.newInstanceWithCaller(Constructor.java:499)
at java.base/java.lang.reflect.Constructor.newInstance(Constructor.java:480)
at org.openqa.selenium.remote.codec.w3c.W3CHttpResponseCodec.createException(W3CHttpResponseCodec.java:200)
at org.openqa.selenium.remote.codec.w3c.W3CHttpResponseCodec.decode(W3CHttpResponseCodec.java:133)
at org.openqa.selenium.remote.codec.w3c.W3CHttpResponseCodec.decode(W3CHttpResponseCodec.java:53)
at org.openqa.selenium.remote.HttpCommandExecutor.execute(HttpCommandExecutor.java:193)
at org.openqa.selenium.remote.service.DriverCommandExecutor.invokeExecute(DriverCommandExecutor.java:183)
at org.openqa.selenium.remote.service.DriverCommandExecutor.execute(DriverCommandExecutor.java:158)
at org.openqa.selenium.remote.RemoteWebDriver.execute(RemoteWebDriver.java:543)
at org.openqa.selenium.remote.ElementLocation$ElementFinder$2.findElement(ElementLocation.java:162)
at org.openqa.selenium.remote.ElementLocation.findElement(ElementLocation.java:60)
at org.openqa.selenium.remote.RemoteWebDriver.findElement(RemoteWebDriver.java:352)
at org.openqa.selenium.remote.RemoteWebDriver.findElement(RemoteWebDriver.java:344)
at test_classes.shardaaaaa.TESTCASES2(shardaaaaa.java:64)
at java.base/jdk.internal.reflect.NativeMethodAccessorImpl.invoke0(Native Method)
at java.base/jdk.internal.reflect.NativeMethodAccessorImpl.invoke(NativeMethodAccessorImpl.java:77)
at java.base/jdk.internal.reflect.DelegatingMethodAccessorImpl.invoke(DelegatingMethodAccessorImpl.java:43)
at java.base/java.lang.reflect.Method.invoke(Method.java:568)
at org.testng.internal.MethodInvocationHelper.invokeMethod(MethodInvocationHelper.java:133)
at org.testng.internal.TestInvoker.invokeMethod(TestInvoker.java:598)
at org.testng.internal.TestInvoker.invokeTestMethod(TestInvoker.java:173)
at org.testng.internal.MethodRunner.runInSequence(MethodRunner.java:46)
at org.testng.internal.TestInvoker$MethodInvocationAgent.invoke(TestInvoker.java:824)
at org.testng.internal.TestInvoker.invokeTestMethods(TestInvoker.java:146)
at org.testng.internal.TestMethodWorker.invokeTestMethods(TestMethodWorker.java:146)
at org.testng.internal.TestMethodWorker.run(TestMethodWorker.java:128)
at java.base/java.util.ArrayList.forEach(ArrayList.java:1511)
at org.testng.TestRunner.privateRun(TestRunner.java:794)
at org.testng.TestRunner.run(TestRunner.java:596)
at org.testng.SuiteRunner.runTest(SuiteRunner.java:377)
at org.testng.SuiteRunner.runSequentially(SuiteRunner.java:371)
at org.testng.SuiteRunner.privateRun(SuiteRunner.java:332)
at org.testng.SuiteRunner.run(SuiteRunner.java:276)
at org.testng.SuiteRunnerWorker.runSuite(SuiteRunnerWorker.java:53)
at org.testng.SuiteRunnerWorker.run(SuiteRunnerWorker.java:96)
at org.testng.TestNG.runSuitesSequentially(TestNG.java:1212)
at org.testng.TestNG.runSuitesLocally(TestNG.java:1134)
at org.testng.TestNG.runSuites(TestNG.java:1063)
at org.testng.TestNG.run(TestNG.java:1031)
at org.testng.remote.AbstractRemoteTestNG.run(AbstractRemoteTestNG.java:115)
at org.testng.remote.RemoteTestNG.initAndRun(RemoteTestNG.java:293)
at org.testng.remote.RemoteTestNG.main(RemoteTestNG.java:91)
]]>
    </failure>
  </testcase> <!-- TESTCASES2 -->
  <testcase classname="test_classes.shardaaaaa" name="TESTCASES3" time="11.012">
    <failure type="org.openqa.selenium.NoSuchElementException" message="no such element: Unable to locate element: {&amp;quot;method&amp;quot;:&amp;quot;xpath&amp;quot;,&amp;quot;selector&amp;quot;:&amp;quot;//h1[contains(text(), &amp;apos;Marketing&amp;apos;)]&amp;quot;}
  (Session info: chrome=129.0.6668.71)
For documentation on this error, please visit: https://selenium.dev/exceptions/#no_such_element
Build info: version: &amp;apos;4.9.1&amp;apos;, revision: &amp;apos;eb2032df7f&amp;apos;
System info: os.name: &amp;apos;Windows 11&amp;apos;, os.arch: &amp;apos;amd64&amp;apos;, os.version: &amp;apos;10.0&amp;apos;, java.version: &amp;apos;17.0.11&amp;apos;
Driver info: org.openqa.selenium.chrome.ChromeDriver
Command: [ad9a188c4deed1de61df646394006276, findElement {using=xpath, value=//h1[contains(text(), &amp;apos;Marketing&amp;apos;)]}]
Capabilities {acceptInsecureCerts: false, browserName: chrome, browserVersion: 129.0.6668.71, chrome: {chromedriverVersion: 129.0.6668.70 (df87d5cf12b1..., userDataDir: C:\Users\DELL\AppData\Local...}, fedcm:accounts: true, goog:chromeOptions: {debuggerAddress: localhost:51978}, networkConnectionEnabled: false, pageLoadStrategy: normal, platformName: windows, proxy: Proxy(), se:cdp: ws://localhost:51978/devtoo..., se:cdpVersion: 129.0.6668.71, setWindowRect: true, strictFileInteractability: false, timeouts: {implicit: 0, pageLoad: 300000, script: 30000}, unhandledPromptBehavior: dismiss and notify, webauthn:extension:credBlob: true, webauthn:extension:largeBlob: true, webauthn:extension:minPinLength: true, webauthn:extension:prf: true, webauthn:virtualAuthenticators: true}
Session ID: ad9a188c4deed1de61df646394006276">
      <![CDATA[org.openqa.selenium.NoSuchElementException: no such element: Unable to locate element: {"method":"xpath","selector":"//h1[contains(text(), 'Marketing')]"}
  (Session info: chrome=129.0.6668.71)
For documentation on this error, please visit: https://selenium.dev/exceptions/#no_such_element
Build info: version: '4.9.1', revision: 'eb2032df7f'
System info: os.name: 'Windows 11', os.arch: 'amd64', os.version: '10.0', java.version: '17.0.11'
Driver info: org.openqa.selenium.chrome.ChromeDriver
Command: [ad9a188c4deed1de61df646394006276, findElement {using=xpath, value=//h1[contains(text(), 'Marketing')]}]
Capabilities {acceptInsecureCerts: false, browserName: chrome, browserVersion: 129.0.6668.71, chrome: {chromedriverVersion: 129.0.6668.70 (df87d5cf12b1..., userDataDir: C:\Users\DELL\AppData\Local...}, fedcm:accounts: true, goog:chromeOptions: {debuggerAddress: localhost:51978}, networkConnectionEnabled: false, pageLoadStrategy: normal, platformName: windows, proxy: Proxy(), se:cdp: ws://localhost:51978/devtoo..., se:cdpVersion: 129.0.6668.71, setWindowRect: true, strictFileInteractability: false, timeouts: {implicit: 0, pageLoad: 300000, script: 30000}, unhandledPromptBehavior: dismiss and notify, webauthn:extension:credBlob: true, webauthn:extension:largeBlob: true, webauthn:extension:minPinLength: true, webauthn:extension:prf: true, webauthn:virtualAuthenticators: true}
Session ID: ad9a188c4deed1de61df646394006276
at java.base/jdk.internal.reflect.NativeConstructorAccessorImpl.newInstance0(Native Method)
at java.base/jdk.internal.reflect.NativeConstructorAccessorImpl.newInstance(NativeConstructorAccessorImpl.java:77)
at java.base/jdk.internal.reflect.DelegatingConstructorAccessorImpl.newInstance(DelegatingConstructorAccessorImpl.java:45)
at java.base/java.lang.reflect.Constructor.newInstanceWithCaller(Constructor.java:499)
at java.base/java.lang.reflect.Constructor.newInstance(Constructor.java:480)
at org.openqa.selenium.remote.codec.w3c.W3CHttpResponseCodec.createException(W3CHttpResponseCodec.java:200)
at org.openqa.selenium.remote.codec.w3c.W3CHttpResponseCodec.decode(W3CHttpResponseCodec.java:133)
at org.openqa.selenium.remote.codec.w3c.W3CHttpResponseCodec.decode(W3CHttpResponseCodec.java:53)
at org.openqa.selenium.remote.HttpCommandExecutor.execute(HttpCommandExecutor.java:193)
at org.openqa.selenium.remote.service.DriverCommandExecutor.invokeExecute(DriverCommandExecutor.java:183)
at org.openqa.selenium.remote.service.DriverCommandExecutor.execute(DriverCommandExecutor.java:158)
at org.openqa.selenium.remote.RemoteWebDriver.execute(RemoteWebDriver.java:543)
at org.openqa.selenium.remote.ElementLocation$ElementFinder$2.findElement(ElementLocation.java:162)
at org.openqa.selenium.remote.ElementLocation.findElement(ElementLocation.java:60)
at org.openqa.selenium.remote.RemoteWebDriver.findElement(RemoteWebDriver.java:352)
at org.openqa.selenium.remote.RemoteWebDriver.findElement(RemoteWebDriver.java:344)
at test_classes.shardaaaaa.TESTCASES3(shardaaaaa.java:85)
at java.base/jdk.internal.reflect.NativeMethodAccessorImpl.invoke0(Native Method)
at java.base/jdk.internal.reflect.NativeMethodAccessorImpl.invoke(NativeMethodAccessorImpl.java:77)
at java.base/jdk.internal.reflect.DelegatingMethodAccessorImpl.invoke(DelegatingMethodAccessorImpl.java:43)
at java.base/java.lang.reflect.Method.invoke(Method.java:568)
at org.testng.internal.MethodInvocationHelper.invokeMethod(MethodInvocationHelper.java:133)
at org.testng.internal.TestInvoker.invokeMethod(TestInvoker.java:598)
at org.testng.internal.TestInvoker.invokeTestMethod(TestInvoker.java:173)
at org.testng.internal.MethodRunner.runInSequence(MethodRunner.java:46)
at org.testng.internal.TestInvoker$MethodInvocationAgent.invoke(TestInvoker.java:824)
at org.testng.internal.TestInvoker.invokeTestMethods(TestInvoker.java:146)
at org.testng.internal.TestMethodWorker.invokeTestMethods(TestMethodWorker.java:146)
at org.testng.internal.TestMethodWorker.run(TestMethodWorker.java:128)
at java.base/java.util.ArrayList.forEach(ArrayList.java:1511)
at org.testng.TestRunner.privateRun(TestRunner.java:794)
at org.testng.TestRunner.run(TestRunner.java:596)
at org.testng.SuiteRunner.runTest(SuiteRunner.java:377)
at org.testng.SuiteRunner.runSequentially(SuiteRunner.java:371)
at org.testng.SuiteRunner.privateRun(SuiteRunner.java:332)
at org.testng.SuiteRunner.run(SuiteRunner.java:276)
at org.testng.SuiteRunnerWorker.runSuite(SuiteRunnerWorker.java:53)
at org.testng.SuiteRunnerWorker.run(SuiteRunnerWorker.java:96)
at org.testng.TestNG.runSuitesSequentially(TestNG.java:1212)
at org.testng.TestNG.runSuitesLocally(TestNG.java:1134)
at org.testng.TestNG.runSuites(TestNG.java:1063)
at org.testng.TestNG.run(TestNG.java:1031)
at org.testng.remote.AbstractRemoteTestNG.run(AbstractRemoteTestNG.java:115)
at org.testng.remote.RemoteTestNG.initAndRun(RemoteTestNG.java:293)
at org.testng.remote.RemoteTestNG.main(RemoteTestNG.java:91)
]]>
    </failure>
  </testcase> <!-- TESTCASES3 -->
  <testcase classname="test_classes.shardaaaaa" name="TESTCASES4" time="11.174">
    <failure type="org.openqa.selenium.NoSuchElementException" message="no such element: Unable to locate element: {&amp;quot;method&amp;quot;:&amp;quot;xpath&amp;quot;,&amp;quot;selector&amp;quot;:&amp;quot;//h1[contains(text(), &amp;apos;Finance&amp;apos;)]&amp;quot;}
  (Session info: chrome=129.0.6668.71)
For documentation on this error, please visit: https://selenium.dev/exceptions/#no_such_element
Build info: version: &amp;apos;4.9.1&amp;apos;, revision: &amp;apos;eb2032df7f&amp;apos;
System info: os.name: &amp;apos;Windows 11&amp;apos;, os.arch: &amp;apos;amd64&amp;apos;, os.version: &amp;apos;10.0&amp;apos;, java.version: &amp;apos;17.0.11&amp;apos;
Driver info: org.openqa.selenium.chrome.ChromeDriver
Command: [c2b3ada5a921ce1b8a5aa0f91fe2d8d0, findElement {using=xpath, value=//h1[contains(text(), &amp;apos;Finance&amp;apos;)]}]
Capabilities {acceptInsecureCerts: false, browserName: chrome, browserVersion: 129.0.6668.71, chrome: {chromedriverVersion: 129.0.6668.70 (df87d5cf12b1..., userDataDir: C:\Users\DELL\AppData\Local...}, fedcm:accounts: true, goog:chromeOptions: {debuggerAddress: localhost:52029}, networkConnectionEnabled: false, pageLoadStrategy: normal, platformName: windows, proxy: Proxy(), se:cdp: ws://localhost:52029/devtoo..., se:cdpVersion: 129.0.6668.71, setWindowRect: true, strictFileInteractability: false, timeouts: {implicit: 0, pageLoad: 300000, script: 30000}, unhandledPromptBehavior: dismiss and notify, webauthn:extension:credBlob: true, webauthn:extension:largeBlob: true, webauthn:extension:minPinLength: true, webauthn:extension:prf: true, webauthn:virtualAuthenticators: true}
Session ID: c2b3ada5a921ce1b8a5aa0f91fe2d8d0">
      <![CDATA[org.openqa.selenium.NoSuchElementException: no such element: Unable to locate element: {"method":"xpath","selector":"//h1[contains(text(), 'Finance')]"}
  (Session info: chrome=129.0.6668.71)
For documentation on this error, please visit: https://selenium.dev/exceptions/#no_such_element
Build info: version: '4.9.1', revision: 'eb2032df7f'
System info: os.name: 'Windows 11', os.arch: 'amd64', os.version: '10.0', java.version: '17.0.11'
Driver info: org.openqa.selenium.chrome.ChromeDriver
Command: [c2b3ada5a921ce1b8a5aa0f91fe2d8d0, findElement {using=xpath, value=//h1[contains(text(), 'Finance')]}]
Capabilities {acceptInsecureCerts: false, browserName: chrome, browserVersion: 129.0.6668.71, chrome: {chromedriverVersion: 129.0.6668.70 (df87d5cf12b1..., userDataDir: C:\Users\DELL\AppData\Local...}, fedcm:accounts: true, goog:chromeOptions: {debuggerAddress: localhost:52029}, networkConnectionEnabled: false, pageLoadStrategy: normal, platformName: windows, proxy: Proxy(), se:cdp: ws://localhost:52029/devtoo..., se:cdpVersion: 129.0.6668.71, setWindowRect: true, strictFileInteractability: false, timeouts: {implicit: 0, pageLoad: 300000, script: 30000}, unhandledPromptBehavior: dismiss and notify, webauthn:extension:credBlob: true, webauthn:extension:largeBlob: true, webauthn:extension:minPinLength: true, webauthn:extension:prf: true, webauthn:virtualAuthenticators: true}
Session ID: c2b3ada5a921ce1b8a5aa0f91fe2d8d0
at java.base/jdk.internal.reflect.NativeConstructorAccessorImpl.newInstance0(Native Method)
at java.base/jdk.internal.reflect.NativeConstructorAccessorImpl.newInstance(NativeConstructorAccessorImpl.java:77)
at java.base/jdk.internal.reflect.DelegatingConstructorAccessorImpl.newInstance(DelegatingConstructorAccessorImpl.java:45)
at java.base/java.lang.reflect.Constructor.newInstanceWithCaller(Constructor.java:499)
at java.base/java.lang.reflect.Constructor.newInstance(Constructor.java:480)
at org.openqa.selenium.remote.codec.w3c.W3CHttpResponseCodec.createException(W3CHttpResponseCodec.java:200)
at org.openqa.selenium.remote.codec.w3c.W3CHttpResponseCodec.decode(W3CHttpResponseCodec.java:133)
at org.openqa.selenium.remote.codec.w3c.W3CHttpResponseCodec.decode(W3CHttpResponseCodec.java:53)
at org.openqa.selenium.remote.HttpCommandExecutor.execute(HttpCommandExecutor.java:193)
at org.openqa.selenium.remote.service.DriverCommandExecutor.invokeExecute(DriverCommandExecutor.java:183)
at org.openqa.selenium.remote.service.DriverCommandExecutor.execute(DriverCommandExecutor.java:158)
at org.openqa.selenium.remote.RemoteWebDriver.execute(RemoteWebDriver.java:543)
at org.openqa.selenium.remote.ElementLocation$ElementFinder$2.findElement(ElementLocation.java:162)
at org.openqa.selenium.remote.ElementLocation.findElement(ElementLocation.java:60)
at org.openqa.selenium.remote.RemoteWebDriver.findElement(RemoteWebDriver.java:352)
at org.openqa.selenium.remote.RemoteWebDriver.findElement(RemoteWebDriver.java:344)
at test_classes.shardaaaaa.TESTCASES4(shardaaaaa.java:106)
at java.base/jdk.internal.reflect.NativeMethodAccessorImpl.invoke0(Native Method)
at java.base/jdk.internal.reflect.NativeMethodAccessorImpl.invoke(NativeMethodAccessorImpl.java:77)
at java.base/jdk.internal.reflect.DelegatingMethodAccessorImpl.invoke(DelegatingMethodAccessorImpl.java:43)
at java.base/java.lang.reflect.Method.invoke(Method.java:568)
at org.testng.internal.MethodInvocationHelper.invokeMethod(MethodInvocationHelper.java:133)
at org.testng.internal.TestInvoker.invokeMethod(TestInvoker.java:598)
at org.testng.internal.TestInvoker.invokeTestMethod(TestInvoker.java:173)
at org.testng.internal.MethodRunner.runInSequence(MethodRunner.java:46)
at org.testng.internal.TestInvoker$MethodInvocationAgent.invoke(TestInvoker.java:824)
at org.testng.internal.TestInvoker.invokeTestMethods(TestInvoker.java:146)
at org.testng.internal.TestMethodWorker.invokeTestMethods(TestMethodWorker.java:146)
at org.testng.internal.TestMethodWorker.run(TestMethodWorker.java:128)
at java.base/java.util.ArrayList.forEach(ArrayList.java:1511)
at org.testng.TestRunner.privateRun(TestRunner.java:794)
at org.testng.TestRunner.run(TestRunner.java:596)
at org.testng.SuiteRunner.runTest(SuiteRunner.java:377)
at org.testng.SuiteRunner.runSequentially(SuiteRunner.java:371)
at org.testng.SuiteRunner.privateRun(SuiteRunner.java:332)
at org.testng.SuiteRunner.run(SuiteRunner.java:276)
at org.testng.SuiteRunnerWorker.runSuite(SuiteRunnerWorker.java:53)
at org.testng.SuiteRunnerWorker.run(SuiteRunnerWorker.java:96)
at org.testng.TestNG.runSuitesSequentially(TestNG.java:1212)
at org.testng.TestNG.runSuitesLocally(TestNG.java:1134)
at org.testng.TestNG.runSuites(TestNG.java:1063)
at org.testng.TestNG.run(TestNG.java:1031)
at org.testng.remote.AbstractRemoteTestNG.run(AbstractRemoteTestNG.java:115)
at org.testng.remote.RemoteTestNG.initAndRun(RemoteTestNG.java:293)
at org.testng.remote.RemoteTestNG.main(RemoteTestNG.java:91)
]]>
    </failure>
  </testcase> <!-- TESTCASES4 -->
  <testcase classname="test_classes.shardaaaaa" name="TESTCASES5" time="0.0">
    <skipped/>
  </testcase> <!-- TESTCASES5 -->
  <testcase classname="test_classes.shardaaaaa" name="TESTCASES6" time="0.0">
    <skipped/>
  </testcase> <!-- TESTCASES6 -->
  <testcase classname="test_classes.shardaaaaa" name="TESTCASES7" time="0.0">
    <skipped/>
  </testcase> <!-- TESTCASES7 -->
  <testcase classname="test_classes.shardaaaaa" name="TESTCASES8" time="0.0">
    <skipped/>
  </testcase> <!-- TESTCASES8 -->
  <testcase classname="test_classes.shardaaaaa" name="TESTCASES9" time="0.0">
    <skipped/>
  </testcase> <!-- TESTCASES9 -->
  <testcase classname="test_classes.shardaaaaa" name="TESTCASES10" time="0.0">
    <skipped/>
  </testcase> <!-- TESTCASES10 -->
  <testcase classname="test_classes.shardaaaaa" name="TESTCASES11" time="0.0">
    <skipped/>
  </testcase> <!-- TESTCASES11 -->
  <testcase classname="test_classes.shardaaaaa" name="TESTCASES12" time="0.0">
    <skipped/>
  </testcase> <!-- TESTCASES12 -->
  <testcase classname="test_classes.shardaaaaa" name="TESTCASES13" time="0.0">
    <skipped/>
  </testcase> <!-- TESTCASES13 -->
  <testcase classname="test_classes.shardaaaaa" name="TESTCASES14" time="0.0">
    <skipped/>
  </testcase> <!-- TESTCASES14 -->
  <testcase classname="test_classes.shardaaaaa" name="TESTCASES15" time="0.0">
    <skipped/>
  </testcase> <!-- TESTCASES15 -->
  <testcase classname="test_classes.shardaaaaa" name="TESTCASES16" time="0.0">
    <skipped/>
  </testcase> <!-- TESTCASES16 -->
  <testcase classname="test_classes.shardaaaaa" name="TESTCASES17" time="0.0">
    <skipped/>
  </testcase> <!-- TESTCASES17 -->
  <testcase classname="test_classes.shardaaaaa" name="TESTCASES18" time="0.0">
    <skipped/>
  </testcase> <!-- TESTCASES18 -->
  <testcase classname="test_classes.shardaaaaa" name="TESTCASES19" time="0.0">
    <skipped/>
  </testcase> <!-- TESTCASES19 -->
  <testcase classname="test_classes.shardaaaaa" name="TESTCASES20" time="0.0">
    <skipped/>
  </testcase> <!-- TESTCASES20 -->
  <testcase classname="test_classes.shardaaaaa" name="TESTCASES21" time="0.0">
    <skipped/>
  </testcase> <!-- TESTCASES21 -->
  <testcase classname="test_classes.shardaaaaa" name="TESTCASES22" time="0.0">
    <skipped/>
  </testcase> <!-- TESTCASES22 -->
  <testcase classname="test_classes.shardaaaaa" name="TESTCASES23" time="0.0">
    <skipped/>
  </testcase> <!-- TESTCASES23 -->
  <testcase classname="test_classes.shardaaaaa" name="TESTCASES24" time="0.0">
    <skipped/>
  </testcase> <!-- TESTCASES24 -->
  <testcase classname="test_classes.shardaaaaa" name="TESTCASES25" time="0.0">
    <skipped/>
  </testcase> <!-- TESTCASES25 -->
  <testcase classname="test_classes.shardaaaaa" name="TESTCASES27" time="0.0">
    <skipped/>
  </testcase> <!-- TESTCASES27 -->
  <testcase classname="test_classes.shardaaaaa" name="TESTCASES28" time="0.0">
    <skipped/>
  </testcase> <!-- TESTCASES28 -->
  <testcase classname="test_classes.shardaaaaa" name="TESTCASES30" time="0.0">
    <skipped/>
  </testcase> <!-- TESTCASES30 -->
  <testcase classname="test_classes.shardaaaaa" name="TESTCASES31" time="0.0">
    <skipped/>
  </testcase> <!-- TESTCASES31 -->
  <testcase classname="test_classes.shardaaaaa" name="TESTCASES32" time="0.0">
    <skipped/>
  </testcase> <!-- TESTCASES32 -->
  <testcase classname="test_classes.shardaaaaa" name="TESTCASES35" time="0.0">
    <skipped/>
  </testcase> <!-- TESTCASES35 -->
  <testcase classname="test_classes.shardaaaaa" name="TESTCASES36" time="0.0">
    <skipped/>
  </testcase> <!-- TESTCASES36 -->
  <testcase classname="test_classes.shardaaaaa" name="TESTCASES37" time="0.0">
    <skipped/>
  </testcase> <!-- TESTCASES37 -->
  <testcase classname="test_classes.shardaaaaa" name="TESTCASES38" time="0.0">
    <skipped/>
  </testcase> <!-- TESTCASES38 -->
  <testcase classname="test_classes.shardaaaaa" name="TESTCASES39" time="0.0">
    <skipped/>
  </testcase> <!-- TESTCASES39 -->
  <testcase classname="test_classes.shardaaaaa" name="TESTCASES40" time="0.0">
    <skipped/>
  </testcase> <!-- TESTCASES40 -->
  <testcase classname="test_classes.shardaaaaa" name="TESTCASES41" time="0.0">
    <skipped/>
  </testcase> <!-- TESTCASES41 -->
  <testcase classname="test_classes.shardaaaaa" name="TESTCASES42" time="0.0">
    <skipped/>
  </testcase> <!-- TESTCASES42 -->
  <testcase classname="test_classes.shardaaaaa" name="TESTCASES43" time="0.0">
    <skipped/>
  </testcase> <!-- TESTCASES43 -->
  <testcase classname="test_classes.shardaaaaa" name="TESTCASES44" time="0.0">
    <skipped/>
  </testcase> <!-- TESTCASES44 -->
  <testcase classname="test_classes.shardaaaaa" name="TESTCASES45" time="0.0">
    <skipped/>
  </testcase> <!-- TESTCASES45 -->
  <testcase classname="test_classes.shardaaaaa" name="TESTCASES46" time="0.0">
    <skipped/>
  </testcase> <!-- TESTCASES46 -->
  <testcase classname="test_classes.shardaaaaa" name="TESTCASES47" time="0.0">
    <skipped/>
  </testcase> <!-- TESTCASES47 -->
  <testcase classname="test_classes.shardaaaaa" name="TESTCASES48" time="0.0">
    <skipped/>
  </testcase> <!-- TESTCASES48 -->
  <testcase classname="test_classes.shardaaaaa" name="TESTCASES49" time="0.0">
    <skipped/>
  </testcase> <!-- TESTCASES49 -->
  <testcase classname="test_classes.shardaaaaa" name="TESTCASES50" time="0.0">
    <skipped/>
  </testcase> <!-- TESTCASES50 -->
  <testcase classname="test_classes.shardaaaaa" name="TESTCASES51" time="0.0">
    <skipped/>
  </testcase> <!-- TESTCASES51 -->
  <testcase classname="test_classes.shardaaaaa" name="TESTCASES52" time="0.0">
    <skipped/>
  </testcase> <!-- TESTCASES52 -->
  <testcase classname="test_classes.shardaaaaa" name="TESTCASES53" time="0.0">
    <skipped/>
  </testcase> <!-- TESTCASES53 -->
  <testcase classname="test_classes.shardaaaaa" name="TESTCASES54" time="0.0">
    <skipped/>
  </testcase> <!-- TESTCASES54 -->
  <testcase classname="test_classes.shardaaaaa" name="TESTCASES55" time="0.0">
    <skipped/>
  </testcase> <!-- TESTCASES55 -->
  <testcase classname="test_classes.shardaaaaa" name="TESTCASES56" time="0.0">
    <skipped/>
  </testcase> <!-- TESTCASES56 -->
  <testcase classname="test_classes.shardaaaaa" name="TESTCASES57" time="0.0">
    <skipped/>
  </testcase> <!-- TESTCASES57 -->
  <testcase classname="test_classes.shardaaaaa" name="TESTCASES58" time="0.0">
    <skipped/>
  </testcase> <!-- TESTCASES58 -->
  <testcase classname="test_classes.shardaaaaa" name="TESTCASES59" time="0.0">
    <skipped/>
  </testcase> <!-- TESTCASES59 -->
  <testcase classname="test_classes.shardaaaaa" name="TESTCASES60" time="0.0">
    <skipped/>
  </testcase> <!-- TESTCASES60 -->
  <testcase classname="test_classes.shardaaaaa" name="TESTCASES61" time="0.0">
    <skipped/>
  </testcase> <!-- TESTCASES61 -->
  <testcase classname="test_classes.shardaaaaa" name="TESTCASES62" time="0.0">
    <skipped/>
  </testcase> <!-- TESTCASES62 -->
  <testcase classname="test_classes.shardaaaaa" name="TESTCASES63" time="0.0">
    <skipped/>
  </testcase> <!-- TESTCASES63 -->
  <testcase classname="test_classes.shardaaaaa" name="TESTCASES64" time="0.0">
    <skipped/>
  </testcase> <!-- TESTCASES64 -->
  <testcase classname="test_classes.shardaaaaa" name="TESTCASES65" time="0.0">
    <skipped/>
  </testcase> <!-- TESTCASES65 -->
  <testcase classname="test_classes.shardaaaaa" name="TESTCASES66" time="0.0">
    <skipped/>
  </testcase> <!-- TESTCASES66 -->
  <testcase classname="test_classes.shardaaaaa" name="TESTCASES67" time="0.0">
    <skipped/>
  </testcase> <!-- TESTCASES67 -->
  <testcase classname="test_classes.shardaaaaa" name="TESTCASES68" time="0.0">
    <skipped/>
  </testcase> <!-- TESTCASES68 -->
  <testcase classname="test_classes.shardaaaaa" name="TESTCASES69" time="0.0">
    <skipped/>
  </testcase> <!-- TESTCASES69 -->
  <testcase classname="test_classes.shardaaaaa" name="TESTCASES70" time="0.0">
    <skipped/>
  </testcase> <!-- TESTCASES70 -->
  <testcase classname="test_classes.shardaaaaa" name="TESTCASES71" time="0.0">
    <skipped/>
  </testcase> <!-- TESTCASES71 -->
  <testcase classname="test_classes.shardaaaaa" name="TESTCASES72" time="0.0">
    <skipped/>
  </testcase> <!-- TESTCASES72 -->
  <testcase classname="test_classes.shardaaaaa" name="TESTCASES73" time="0.0">
    <skipped/>
  </testcase> <!-- TESTCASES73 -->
  <testcase classname="test_classes.shardaaaaa" name="TESTCASES74" time="0.0">
    <skipped/>
  </testcase> <!-- TESTCASES74 -->
  <testcase classname="test_classes.shardaaaaa" name="TESTCASES75" time="0.0">
    <skipped/>
  </testcase> <!-- TESTCASES75 -->
  <testcase classname="test_classes.shardaaaaa" name="TESTCASES76" time="0.0">
    <skipped/>
  </testcase> <!-- TESTCASES76 -->
  <testcase classname="test_classes.shardaaaaa" name="TESTCASES77" time="0.0">
    <skipped/>
  </testcase> <!-- TESTCASES77 -->
  <testcase classname="test_classes.shardaaaaa" name="TESTCASES78" time="0.0">
    <skipped/>
  </testcase> <!-- TESTCASES78 -->
  <testcase classname="test_classes.shardaaaaa" name="TESTCASES79" time="0.0">
    <skipped/>
  </testcase> <!-- TESTCASES79 -->
  <testcase classname="test_classes.shardaaaaa" name="TESTCASES80" time="0.0">
    <skipped/>
  </testcase> <!-- TESTCASES80 -->
</testsuite> <!-- Default test -->
