<html>
<head>
<title>TestNG:  Default test</title>
<link href="../testng.css" rel="stylesheet" type="text/css" />
<link href="../my-testng.css" rel="stylesheet" type="text/css" />

<style type="text/css">
.log { display: none;} 
.stack-trace { display: none;} 
</style>
<script type="text/javascript">
<!--
function flip(e) {
  current = e.style.display;
  if (current == 'block') {
    e.style.display = 'none';
    return 0;
  }
  else {
    e.style.display = 'block';
    return 1;
  }
}

function toggleBox(szDivId, elem, msg1, msg2)
{
  var res = -1;  if (document.getElementById) {
    res = flip(document.getElementById(szDivId));
  }
  else if (document.all) {
    // this is the way old msie versions work
    res = flip(document.all[szDivId]);
  }
  if(elem) {
    if(res == 0) elem.innerHTML = msg1; else elem.innerHTML = msg2;
  }

}

function toggleAllBoxes() {
  if (document.getElementsByTagName) {
    d = document.getElementsByTagName('div');
    for (i = 0; i < d.length; i++) {
      if (d[i].className == 'log') {
        flip(d[i]);
      }
    }
  }
}

// -->
</script>

</head>
<body>
<h2 align='center'>Default test</h2><table border='1' align="center">
<tr>
<td>Tests passed/Failed/Skipped:</td><td>76/2/0</td>
</tr><tr>
<td>Started on:</td><td>Thu Sep 26 16:29:07 IST 2024</td>
</tr>
<tr><td>Total time:</td><td>657 seconds (657377 ms)</td>
</tr><tr>
<td>Included groups:</td><td></td>
</tr><tr>
<td>Excluded groups:</td><td></td>
</tr>
</table><p/>
<small><i>(Hover the method name to see the test class name)</i></small><p/>
<table width='100%' border='1' class='invocation-failed'>
<tr><td colspan='4' align='center'><b>FAILED TESTS</b></td></tr>
<tr><td><b>Test method</b></td>
<td width="30%"><b>Exception</b></td>
<td width="10%"><b>Time (seconds)</b></td>
<td><b>Instance</b></td>
</tr>
<tr>
<td title='test_classes.shardaaaaa.TESTCASES33()'><b>TESTCASES33</b><br>Test class: test_classes.shardaaaaa</td>
<td><div><pre>org.openqa.selenium.ElementClickInterceptedException: element click intercepted: Element &lt;button data-v-39aa2613=&quot;&quot; class=&quot;absolute bg-[#EC027C] w-[160px] h-[50px] text-[16px] rounded-3xl text-white font-bold bottom-[-28%]&quot;&gt;...&lt;/button&gt; is not clickable at point (146, 115). Other element would receive the click: &lt;div data-v-2e87554d=&quot;&quot; class=&quot;flex p-2 items-center gap-x-4 xl:gap-x-10&quot;&gt;...&lt;/div&gt;
  (Session info: chrome=129.0.6668.71)
Build info: version: &apos;4.9.1&apos;, revision: &apos;eb2032df7f&apos;
System info: os.name: &apos;Windows 11&apos;, os.arch: &apos;amd64&apos;, os.version: &apos;10.0&apos;, java.version: &apos;17.0.11&apos;
Driver info: org.openqa.selenium.chrome.ChromeDriver
Command: [a654cc724b224a4ac6e0c51f7f1441e2, clickElement {id=f.DC93339C371942433878FB38664DE2C1.d.55881D8FE9C2DBB72D402C1450ECD681.e.75}]
Capabilities {acceptInsecureCerts: false, browserName: chrome, browserVersion: 129.0.6668.71, chrome: {chromedriverVersion: 129.0.6668.70 (df87d5cf12b1..., userDataDir: C:\Users\DELL\AppData\Local...}, fedcm:accounts: true, goog:chromeOptions: {debuggerAddress: localhost:55361}, networkConnectionEnabled: false, pageLoadStrategy: normal, platformName: windows, proxy: Proxy(), se:cdp: ws://localhost:55361/devtoo..., se:cdpVersion: 129.0.6668.71, setWindowRect: true, strictFileInteractability: false, timeouts: {implicit: 0, pageLoad: 300000, script: 30000}, unhandledPromptBehavior: dismiss and notify, webauthn:extension:credBlob: true, webauthn:extension:largeBlob: true, webauthn:extension:minPinLength: true, webauthn:extension:prf: true, webauthn:virtualAuthenticators: true}
Element: [[ChromeDriver: chrome on windows (a654cc724b224a4ac6e0c51f7f1441e2)] -&gt; xpath: //*[@id=&quot;app&quot;]/div/section[1]/div/div[3]/div/div[1]/div[2]/div/div/div[1]/div[2]/a/button]
Session ID: a654cc724b224a4ac6e0c51f7f1441e2
	at java.base/jdk.internal.reflect.NativeConstructorAccessorImpl.newInstance0(Native Method)
	at java.base/jdk.internal.reflect.NativeConstructorAccessorImpl.newInstance(NativeConstructorAccessorImpl.java:77)
	at java.base/jdk.internal.reflect.DelegatingConstructorAccessorImpl.newInstance(DelegatingConstructorAccessorImpl.java:45)
	at java.base/java.lang.reflect.Constructor.newInstanceWithCaller(Constructor.java:499)
	at java.base/java.lang.reflect.Constructor.newInstance(Constructor.java:480)
	at org.openqa.selenium.remote.codec.w3c.W3CHttpResponseCodec.createException(W3CHttpResponseCodec.java:200)
	at org.openqa.selenium.remote.codec.w3c.W3CHttpResponseCodec.decode(W3CHttpResponseCodec.java:133)
	at org.openqa.selenium.remote.codec.w3c.W3CHttpResponseCodec.decode(W3CHttpResponseCodec.java:53)
	at org.openqa.selenium.remote.HttpCommandExecutor.execute(HttpCommandExecutor.java:193)
	at org.openqa.selenium.remote.service.DriverCommandExecutor.invokeExecute(DriverCommandExecutor.java:183)
	at org.openqa.selenium.remote.service.DriverCommandExecutor.execute(DriverCommandExecutor.java:158)
	at org.openqa.selenium.remote.RemoteWebDriver.execute(RemoteWebDriver.java:543)
	at org.openqa.selenium.remote.RemoteWebElement.execute(RemoteWebElement.java:257)
	at org.openqa.selenium.remote.RemoteWebElement.click(RemoteWebElement.java:78)
	at test_classes.shardaaaaa.TESTCASES33(shardaaaaa.java:746)
	at java.base/jdk.internal.reflect.NativeMethodAccessorImpl.invoke0(Native Method)
	at java.base/jdk.internal.reflect.NativeMethodAccessorImpl.invoke(NativeMethodAccessorImpl.java:77)
	at java.base/jdk.internal.reflect.DelegatingMethodAccessorImpl.invoke(DelegatingMethodAccessorImpl.java:43)
	at java.base/java.lang.reflect.Method.invoke(Method.java:568)
	at org.testng.internal.MethodInvocationHelper.invokeMethod(MethodInvocationHelper.java:133)
	at org.testng.internal.TestInvoker.invokeMethod(TestInvoker.java:598)
	at org.testng.internal.TestInvoker.invokeTestMethod(TestInvoker.java:173)
	at org.testng.internal.MethodRunner.runInSequence(MethodRunner.java:46)
	at org.testng.internal.TestInvoker$MethodInvocationAgent.invoke(TestInvoker.java:824)
	at org.testng.internal.TestInvoker.invokeTestMethods(TestInvoker.java:146)
	at org.testng.internal.TestMethodWorker.invokeTestMethods(TestMethodWorker.java:146)
	at org.testng.internal.TestMethodWorker.run(TestMethodWorker.java:128)
	at java.base/java.util.ArrayList.forEach(ArrayList.java:1511)
	at org.testng.TestRunner.privateRun(TestRunner.java:794)
	at org.testng.TestRunner.run(TestRunner.java:596)
	at org.testng.SuiteRunner.runTest(SuiteRunner.java:377)
	at org.testng.SuiteRunner.runSequentially(SuiteRunner.java:371)
	at org.testng.SuiteRunner.privateRun(SuiteRunner.java:332)
	at org.testng.SuiteRunner.run(SuiteRunner.java:276)
	at org.testng.SuiteRunnerWorker.runSuite(SuiteRunnerWorker.java:53)
	at org.testng.SuiteRunnerWorker.run(SuiteRunnerWorker.java:96)
	at org.testng.TestNG.runSuitesSequentially(TestNG.java:1212)
	at org.testng.TestNG.runSuitesLocally(TestNG.java:1134)
	at org.testng.TestNG.runSuites(TestNG.java:1063)
	at org.testng.TestNG.run(TestNG.java:1031)
	at org.testng.remote.AbstractRemoteTestNG.run(AbstractRemoteTestNG.java:115)
	at org.testng.remote.RemoteTestNG.initAndRun(RemoteTestNG.java:293)
	at org.testng.remote.RemoteTestNG.main(RemoteTestNG.java:91)
</pre></div><a href='#' onClick='toggleBox("stack-trace646482993", this, "Click to show all stack frames", "Click to hide stack frames")'>Click to show all stack frames</a>
<div class='stack-trace' id='stack-trace646482993'><pre>org.openqa.selenium.ElementClickInterceptedException: element click intercepted: Element &lt;button data-v-39aa2613=&quot;&quot; class=&quot;absolute bg-[#EC027C] w-[160px] h-[50px] text-[16px] rounded-3xl text-white font-bold bottom-[-28%]&quot;&gt;...&lt;/button&gt; is not clickable at point (146, 115). Other element would receive the click: &lt;div data-v-2e87554d=&quot;&quot; class=&quot;flex p-2 items-center gap-x-4 xl:gap-x-10&quot;&gt;...&lt;/div&gt;
  (Session info: chrome=129.0.6668.71)
Build info: version: &apos;4.9.1&apos;, revision: &apos;eb2032df7f&apos;
System info: os.name: &apos;Windows 11&apos;, os.arch: &apos;amd64&apos;, os.version: &apos;10.0&apos;, java.version: &apos;17.0.11&apos;
Driver info: org.openqa.selenium.chrome.ChromeDriver
Command: [a654cc724b224a4ac6e0c51f7f1441e2, clickElement {id=f.DC93339C371942433878FB38664DE2C1.d.55881D8FE9C2DBB72D402C1450ECD681.e.75}]
Capabilities {acceptInsecureCerts: false, browserName: chrome, browserVersion: 129.0.6668.71, chrome: {chromedriverVersion: 129.0.6668.70 (df87d5cf12b1..., userDataDir: C:\Users\DELL\AppData\Local...}, fedcm:accounts: true, goog:chromeOptions: {debuggerAddress: localhost:55361}, networkConnectionEnabled: false, pageLoadStrategy: normal, platformName: windows, proxy: Proxy(), se:cdp: ws://localhost:55361/devtoo..., se:cdpVersion: 129.0.6668.71, setWindowRect: true, strictFileInteractability: false, timeouts: {implicit: 0, pageLoad: 300000, script: 30000}, unhandledPromptBehavior: dismiss and notify, webauthn:extension:credBlob: true, webauthn:extension:largeBlob: true, webauthn:extension:minPinLength: true, webauthn:extension:prf: true, webauthn:virtualAuthenticators: true}
Element: [[ChromeDriver: chrome on windows (a654cc724b224a4ac6e0c51f7f1441e2)] -&gt; xpath: //*[@id=&quot;app&quot;]/div/section[1]/div/div[3]/div/div[1]/div[2]/div/div/div[1]/div[2]/a/button]
Session ID: a654cc724b224a4ac6e0c51f7f1441e2
	at java.base/jdk.internal.reflect.NativeConstructorAccessorImpl.newInstance0(Native Method)
	at java.base/jdk.internal.reflect.NativeConstructorAccessorImpl.newInstance(NativeConstructorAccessorImpl.java:77)
	at java.base/jdk.internal.reflect.DelegatingConstructorAccessorImpl.newInstance(DelegatingConstructorAccessorImpl.java:45)
	at java.base/java.lang.reflect.Constructor.newInstanceWithCaller(Constructor.java:499)
	at java.base/java.lang.reflect.Constructor.newInstance(Constructor.java:480)
	at org.openqa.selenium.remote.codec.w3c.W3CHttpResponseCodec.createException(W3CHttpResponseCodec.java:200)
	at org.openqa.selenium.remote.codec.w3c.W3CHttpResponseCodec.decode(W3CHttpResponseCodec.java:133)
	at org.openqa.selenium.remote.codec.w3c.W3CHttpResponseCodec.decode(W3CHttpResponseCodec.java:53)
	at org.openqa.selenium.remote.HttpCommandExecutor.execute(HttpCommandExecutor.java:193)
	at org.openqa.selenium.remote.service.DriverCommandExecutor.invokeExecute(DriverCommandExecutor.java:183)
	at org.openqa.selenium.remote.service.DriverCommandExecutor.execute(DriverCommandExecutor.java:158)
	at org.openqa.selenium.remote.RemoteWebDriver.execute(RemoteWebDriver.java:543)
	at org.openqa.selenium.remote.RemoteWebElement.execute(RemoteWebElement.java:257)
	at org.openqa.selenium.remote.RemoteWebElement.click(RemoteWebElement.java:78)
	at test_classes.shardaaaaa.TESTCASES33(shardaaaaa.java:746)
	at java.base/jdk.internal.reflect.NativeMethodAccessorImpl.invoke0(Native Method)
	at java.base/jdk.internal.reflect.NativeMethodAccessorImpl.invoke(NativeMethodAccessorImpl.java:77)
	at java.base/jdk.internal.reflect.DelegatingMethodAccessorImpl.invoke(DelegatingMethodAccessorImpl.java:43)
	at java.base/java.lang.reflect.Method.invoke(Method.java:568)
	at org.testng.internal.MethodInvocationHelper.invokeMethod(MethodInvocationHelper.java:133)
	at org.testng.internal.TestInvoker.invokeMethod(TestInvoker.java:598)
	at org.testng.internal.TestInvoker.invokeTestMethod(TestInvoker.java:173)
	at org.testng.internal.MethodRunner.runInSequence(MethodRunner.java:46)
	at org.testng.internal.TestInvoker$MethodInvocationAgent.invoke(TestInvoker.java:824)
	at org.testng.internal.TestInvoker.invokeTestMethods(TestInvoker.java:146)
	at org.testng.internal.TestMethodWorker.invokeTestMethods(TestMethodWorker.java:146)
	at org.testng.internal.TestMethodWorker.run(TestMethodWorker.java:128)
	at java.base/java.util.ArrayList.forEach(ArrayList.java:1511)
	at org.testng.TestRunner.privateRun(TestRunner.java:794)
	at org.testng.TestRunner.run(TestRunner.java:596)
	at org.testng.SuiteRunner.runTest(SuiteRunner.java:377)
	at org.testng.SuiteRunner.runSequentially(SuiteRunner.java:371)
	at org.testng.SuiteRunner.privateRun(SuiteRunner.java:332)
	at org.testng.SuiteRunner.run(SuiteRunner.java:276)
	at org.testng.SuiteRunnerWorker.runSuite(SuiteRunnerWorker.java:53)
	at org.testng.SuiteRunnerWorker.run(SuiteRunnerWorker.java:96)
	at org.testng.TestNG.runSuitesSequentially(TestNG.java:1212)
	at org.testng.TestNG.runSuitesLocally(TestNG.java:1134)
	at org.testng.TestNG.runSuites(TestNG.java:1063)
	at org.testng.TestNG.run(TestNG.java:1031)
	at org.testng.remote.AbstractRemoteTestNG.run(AbstractRemoteTestNG.java:115)
	at org.testng.remote.RemoteTestNG.initAndRun(RemoteTestNG.java:293)
	at org.testng.remote.RemoteTestNG.main(RemoteTestNG.java:91)
</pre></div></td>
<td>3</td>
<td>test_classes.shardaaaaa@51c668e3</td></tr>
<tr>
<td title='test_classes.shardaaaaa.TESTCASES34()'><b>TESTCASES34</b><br>Test class: test_classes.shardaaaaa</td>
<td><div><pre>org.openqa.selenium.ElementClickInterceptedException: element click intercepted: Element &lt;div data-v-39aa2613=&quot;&quot; class=&quot;text-[15px] lg:text-[28px] border-b pb-1 cursor-pointer whitespace-nowrap text-[#ec027c] border-[#ec027c]  font-medium&quot;&gt;...&lt;/div&gt; is not clickable at point (496, 102). Other element would receive the click: &lt;div data-v-2e87554d=&quot;&quot; class=&quot;flex p-2 items-center gap-x-4 xl:gap-x-10&quot;&gt;...&lt;/div&gt;
  (Session info: chrome=129.0.6668.71)
Build info: version: &apos;4.9.1&apos;, revision: &apos;eb2032df7f&apos;
System info: os.name: &apos;Windows 11&apos;, os.arch: &apos;amd64&apos;, os.version: &apos;10.0&apos;, java.version: &apos;17.0.11&apos;
Driver info: org.openqa.selenium.chrome.ChromeDriver
Command: [210700f2e5efcf696ebf468f780bce35, clickElement {id=f.EC0AA1AA6CFF9A2E357C3CC77B23A189.d.B612C6E3789696A99C64020D1198B680.e.70}]
Capabilities {acceptInsecureCerts: false, browserName: chrome, browserVersion: 129.0.6668.71, chrome: {chromedriverVersion: 129.0.6668.70 (df87d5cf12b1..., userDataDir: C:\Users\DELL\AppData\Local...}, fedcm:accounts: true, goog:chromeOptions: {debuggerAddress: localhost:55408}, networkConnectionEnabled: false, pageLoadStrategy: normal, platformName: windows, proxy: Proxy(), se:cdp: ws://localhost:55408/devtoo..., se:cdpVersion: 129.0.6668.71, setWindowRect: true, strictFileInteractability: false, timeouts: {implicit: 0, pageLoad: 300000, script: 30000}, unhandledPromptBehavior: dismiss and notify, webauthn:extension:credBlob: true, webauthn:extension:largeBlob: true, webauthn:extension:minPinLength: true, webauthn:extension:prf: true, webauthn:virtualAuthenticators: true}
Element: [[ChromeDriver: chrome on windows (210700f2e5efcf696ebf468f780bce35)] -&gt; xpath: /html/body/div[1]/div/section[1]/div/div[2]/div[3]]
Session ID: 210700f2e5efcf696ebf468f780bce35
	at java.base/jdk.internal.reflect.NativeConstructorAccessorImpl.newInstance0(Native Method)
	at java.base/jdk.internal.reflect.NativeConstructorAccessorImpl.newInstance(NativeConstructorAccessorImpl.java:77)
	at java.base/jdk.internal.reflect.DelegatingConstructorAccessorImpl.newInstance(DelegatingConstructorAccessorImpl.java:45)
	at java.base/java.lang.reflect.Constructor.newInstanceWithCaller(Constructor.java:499)
	at java.base/java.lang.reflect.Constructor.newInstance(Constructor.java:480)
	at org.openqa.selenium.remote.codec.w3c.W3CHttpResponseCodec.createException(W3CHttpResponseCodec.java:200)
	at org.openqa.selenium.remote.codec.w3c.W3CHttpResponseCodec.decode(W3CHttpResponseCodec.java:133)
	at org.openqa.selenium.remote.codec.w3c.W3CHttpResponseCodec.decode(W3CHttpResponseCodec.java:53)
	at org.openqa.selenium.remote.HttpCommandExecutor.execute(HttpCommandExecutor.java:193)
	at org.openqa.selenium.remote.service.DriverCommandExecutor.invokeExecute(DriverCommandExecutor.java:183)
	at org.openqa.selenium.remote.service.DriverCommandExecutor.execute(DriverCommandExecutor.java:158)
	at org.openqa.selenium.remote.RemoteWebDriver.execute(RemoteWebDriver.java:543)
	at org.openqa.selenium.remote.RemoteWebElement.execute(RemoteWebElement.java:257)
	at org.openqa.selenium.remote.RemoteWebElement.click(RemoteWebElement.java:78)
	at test_classes.shardaaaaa.TESTCASES34(shardaaaaa.java:765)
	at java.base/jdk.internal.reflect.NativeMethodAccessorImpl.invoke0(Native Method)
	at java.base/jdk.internal.reflect.NativeMethodAccessorImpl.invoke(NativeMethodAccessorImpl.java:77)
	at java.base/jdk.internal.reflect.DelegatingMethodAccessorImpl.invoke(DelegatingMethodAccessorImpl.java:43)
	at java.base/java.lang.reflect.Method.invoke(Method.java:568)
	at org.testng.internal.MethodInvocationHelper.invokeMethod(MethodInvocationHelper.java:133)
	at org.testng.internal.TestInvoker.invokeMethod(TestInvoker.java:598)
	at org.testng.internal.TestInvoker.invokeTestMethod(TestInvoker.java:173)
	at org.testng.internal.MethodRunner.runInSequence(MethodRunner.java:46)
	at org.testng.internal.TestInvoker$MethodInvocationAgent.invoke(TestInvoker.java:824)
	at org.testng.internal.TestInvoker.invokeTestMethods(TestInvoker.java:146)
	at org.testng.internal.TestMethodWorker.invokeTestMethods(TestMethodWorker.java:146)
	at org.testng.internal.TestMethodWorker.run(TestMethodWorker.java:128)
	at java.base/java.util.ArrayList.forEach(ArrayList.java:1511)
	at org.testng.TestRunner.privateRun(TestRunner.java:794)
	at org.testng.TestRunner.run(TestRunner.java:596)
	at org.testng.SuiteRunner.runTest(SuiteRunner.java:377)
	at org.testng.SuiteRunner.runSequentially(SuiteRunner.java:371)
	at org.testng.SuiteRunner.privateRun(SuiteRunner.java:332)
	at org.testng.SuiteRunner.run(SuiteRunner.java:276)
	at org.testng.SuiteRunnerWorker.runSuite(SuiteRunnerWorker.java:53)
	at org.testng.SuiteRunnerWorker.run(SuiteRunnerWorker.java:96)
	at org.testng.TestNG.runSuitesSequentially(TestNG.java:1212)
	at org.testng.TestNG.runSuitesLocally(TestNG.java:1134)
	at org.testng.TestNG.runSuites(TestNG.java:1063)
	at org.testng.TestNG.run(TestNG.java:1031)
	at org.testng.remote.AbstractRemoteTestNG.run(AbstractRemoteTestNG.java:115)
	at org.testng.remote.RemoteTestNG.initAndRun(RemoteTestNG.java:293)
	at org.testng.remote.RemoteTestNG.main(RemoteTestNG.java:91)
</pre></div><a href='#' onClick='toggleBox("stack-trace2090866284", this, "Click to show all stack frames", "Click to hide stack frames")'>Click to show all stack frames</a>
<div class='stack-trace' id='stack-trace2090866284'><pre>org.openqa.selenium.ElementClickInterceptedException: element click intercepted: Element &lt;div data-v-39aa2613=&quot;&quot; class=&quot;text-[15px] lg:text-[28px] border-b pb-1 cursor-pointer whitespace-nowrap text-[#ec027c] border-[#ec027c]  font-medium&quot;&gt;...&lt;/div&gt; is not clickable at point (496, 102). Other element would receive the click: &lt;div data-v-2e87554d=&quot;&quot; class=&quot;flex p-2 items-center gap-x-4 xl:gap-x-10&quot;&gt;...&lt;/div&gt;
  (Session info: chrome=129.0.6668.71)
Build info: version: &apos;4.9.1&apos;, revision: &apos;eb2032df7f&apos;
System info: os.name: &apos;Windows 11&apos;, os.arch: &apos;amd64&apos;, os.version: &apos;10.0&apos;, java.version: &apos;17.0.11&apos;
Driver info: org.openqa.selenium.chrome.ChromeDriver
Command: [210700f2e5efcf696ebf468f780bce35, clickElement {id=f.EC0AA1AA6CFF9A2E357C3CC77B23A189.d.B612C6E3789696A99C64020D1198B680.e.70}]
Capabilities {acceptInsecureCerts: false, browserName: chrome, browserVersion: 129.0.6668.71, chrome: {chromedriverVersion: 129.0.6668.70 (df87d5cf12b1..., userDataDir: C:\Users\DELL\AppData\Local...}, fedcm:accounts: true, goog:chromeOptions: {debuggerAddress: localhost:55408}, networkConnectionEnabled: false, pageLoadStrategy: normal, platformName: windows, proxy: Proxy(), se:cdp: ws://localhost:55408/devtoo..., se:cdpVersion: 129.0.6668.71, setWindowRect: true, strictFileInteractability: false, timeouts: {implicit: 0, pageLoad: 300000, script: 30000}, unhandledPromptBehavior: dismiss and notify, webauthn:extension:credBlob: true, webauthn:extension:largeBlob: true, webauthn:extension:minPinLength: true, webauthn:extension:prf: true, webauthn:virtualAuthenticators: true}
Element: [[ChromeDriver: chrome on windows (210700f2e5efcf696ebf468f780bce35)] -&gt; xpath: /html/body/div[1]/div/section[1]/div/div[2]/div[3]]
Session ID: 210700f2e5efcf696ebf468f780bce35
	at java.base/jdk.internal.reflect.NativeConstructorAccessorImpl.newInstance0(Native Method)
	at java.base/jdk.internal.reflect.NativeConstructorAccessorImpl.newInstance(NativeConstructorAccessorImpl.java:77)
	at java.base/jdk.internal.reflect.DelegatingConstructorAccessorImpl.newInstance(DelegatingConstructorAccessorImpl.java:45)
	at java.base/java.lang.reflect.Constructor.newInstanceWithCaller(Constructor.java:499)
	at java.base/java.lang.reflect.Constructor.newInstance(Constructor.java:480)
	at org.openqa.selenium.remote.codec.w3c.W3CHttpResponseCodec.createException(W3CHttpResponseCodec.java:200)
	at org.openqa.selenium.remote.codec.w3c.W3CHttpResponseCodec.decode(W3CHttpResponseCodec.java:133)
	at org.openqa.selenium.remote.codec.w3c.W3CHttpResponseCodec.decode(W3CHttpResponseCodec.java:53)
	at org.openqa.selenium.remote.HttpCommandExecutor.execute(HttpCommandExecutor.java:193)
	at org.openqa.selenium.remote.service.DriverCommandExecutor.invokeExecute(DriverCommandExecutor.java:183)
	at org.openqa.selenium.remote.service.DriverCommandExecutor.execute(DriverCommandExecutor.java:158)
	at org.openqa.selenium.remote.RemoteWebDriver.execute(RemoteWebDriver.java:543)
	at org.openqa.selenium.remote.RemoteWebElement.execute(RemoteWebElement.java:257)
	at org.openqa.selenium.remote.RemoteWebElement.click(RemoteWebElement.java:78)
	at test_classes.shardaaaaa.TESTCASES34(shardaaaaa.java:765)
	at java.base/jdk.internal.reflect.NativeMethodAccessorImpl.invoke0(Native Method)
	at java.base/jdk.internal.reflect.NativeMethodAccessorImpl.invoke(NativeMethodAccessorImpl.java:77)
	at java.base/jdk.internal.reflect.DelegatingMethodAccessorImpl.invoke(DelegatingMethodAccessorImpl.java:43)
	at java.base/java.lang.reflect.Method.invoke(Method.java:568)
	at org.testng.internal.MethodInvocationHelper.invokeMethod(MethodInvocationHelper.java:133)
	at org.testng.internal.TestInvoker.invokeMethod(TestInvoker.java:598)
	at org.testng.internal.TestInvoker.invokeTestMethod(TestInvoker.java:173)
	at org.testng.internal.MethodRunner.runInSequence(MethodRunner.java:46)
	at org.testng.internal.TestInvoker$MethodInvocationAgent.invoke(TestInvoker.java:824)
	at org.testng.internal.TestInvoker.invokeTestMethods(TestInvoker.java:146)
	at org.testng.internal.TestMethodWorker.invokeTestMethods(TestMethodWorker.java:146)
	at org.testng.internal.TestMethodWorker.run(TestMethodWorker.java:128)
	at java.base/java.util.ArrayList.forEach(ArrayList.java:1511)
	at org.testng.TestRunner.privateRun(TestRunner.java:794)
	at org.testng.TestRunner.run(TestRunner.java:596)
	at org.testng.SuiteRunner.runTest(SuiteRunner.java:377)
	at org.testng.SuiteRunner.runSequentially(SuiteRunner.java:371)
	at org.testng.SuiteRunner.privateRun(SuiteRunner.java:332)
	at org.testng.SuiteRunner.run(SuiteRunner.java:276)
	at org.testng.SuiteRunnerWorker.runSuite(SuiteRunnerWorker.java:53)
	at org.testng.SuiteRunnerWorker.run(SuiteRunnerWorker.java:96)
	at org.testng.TestNG.runSuitesSequentially(TestNG.java:1212)
	at org.testng.TestNG.runSuitesLocally(TestNG.java:1134)
	at org.testng.TestNG.runSuites(TestNG.java:1063)
	at org.testng.TestNG.run(TestNG.java:1031)
	at org.testng.remote.AbstractRemoteTestNG.run(AbstractRemoteTestNG.java:115)
	at org.testng.remote.RemoteTestNG.initAndRun(RemoteTestNG.java:293)
	at org.testng.remote.RemoteTestNG.main(RemoteTestNG.java:91)
</pre></div></td>
<td>1</td>
<td>test_classes.shardaaaaa@51c668e3</td></tr>
</table><p>
<table width='100%' border='1' class='invocation-passed'>
<tr><td colspan='4' align='center'><b>PASSED TESTS</b></td></tr>
<tr><td><b>Test method</b></td>
<td width="30%"><b>Exception</b></td>
<td width="10%"><b>Time (seconds)</b></td>
<td><b>Instance</b></td>
</tr>
<tr>
<td title='test_classes.shardaaaaa.TESTCASES11()'><b>TESTCASES11</b><br>Test class: test_classes.shardaaaaa</td>
<td></td>
<td>1</td>
<td>test_classes.shardaaaaa@51c668e3</td></tr>
<tr>
<td title='test_classes.shardaaaaa.TESTCASES47()'><b>TESTCASES47</b><br>Test class: test_classes.shardaaaaa</td>
<td></td>
<td>5</td>
<td>test_classes.shardaaaaa@51c668e3</td></tr>
<tr>
<td title='test_classes.shardaaaaa.TESTCASES65()'><b>TESTCASES65</b><br>Test class: test_classes.shardaaaaa</td>
<td></td>
<td>6</td>
<td>test_classes.shardaaaaa@51c668e3</td></tr>
<tr>
<td title='test_classes.shardaaaaa.TESTCASES41()'><b>TESTCASES41</b><br>Test class: test_classes.shardaaaaa</td>
<td></td>
<td>5</td>
<td>test_classes.shardaaaaa@51c668e3</td></tr>
<tr>
<td title='test_classes.shardaaaaa.TESTCASES37()'><b>TESTCASES37</b><br>Test class: test_classes.shardaaaaa</td>
<td></td>
<td>5</td>
<td>test_classes.shardaaaaa@51c668e3</td></tr>
<tr>
<td title='test_classes.shardaaaaa.TESTCASES59()'><b>TESTCASES59</b><br>Test class: test_classes.shardaaaaa</td>
<td></td>
<td>5</td>
<td>test_classes.shardaaaaa@51c668e3</td></tr>
<tr>
<td title='test_classes.shardaaaaa.TESTCASES27()'><b>TESTCASES27</b><br>Test class: test_classes.shardaaaaa</td>
<td></td>
<td>0</td>
<td>test_classes.shardaaaaa@51c668e3</td></tr>
<tr>
<td title='test_classes.shardaaaaa.TESTCASES74()'><b>TESTCASES74</b><br>Test class: test_classes.shardaaaaa</td>
<td></td>
<td>9</td>
<td>test_classes.shardaaaaa@51c668e3</td></tr>
<tr>
<td title='test_classes.shardaaaaa.TESTCASES20()'><b>TESTCASES20</b><br>Test class: test_classes.shardaaaaa</td>
<td></td>
<td>5</td>
<td>test_classes.shardaaaaa@51c668e3</td></tr>
<tr>
<td title='test_classes.shardaaaaa.TESTCASES42()'><b>TESTCASES42</b><br>Test class: test_classes.shardaaaaa</td>
<td></td>
<td>5</td>
<td>test_classes.shardaaaaa@51c668e3</td></tr>
<tr>
<td title='test_classes.shardaaaaa.TESTCASES36()'><b>TESTCASES36</b><br>Test class: test_classes.shardaaaaa</td>
<td></td>
<td>2</td>
<td>test_classes.shardaaaaa@51c668e3</td></tr>
<tr>
<td title='test_classes.shardaaaaa.TESTCASES60()'><b>TESTCASES60</b><br>Test class: test_classes.shardaaaaa</td>
<td></td>
<td>5</td>
<td>test_classes.shardaaaaa@51c668e3</td></tr>
<tr>
<td title='test_classes.shardaaaaa.TESTCASES17()'><b>TESTCASES17</b><br>Test class: test_classes.shardaaaaa</td>
<td></td>
<td>5</td>
<td>test_classes.shardaaaaa@51c668e3</td></tr>
<tr>
<td title='test_classes.shardaaaaa.TESTCASES80()'><b>TESTCASES80</b><br>Test class: test_classes.shardaaaaa</td>
<td></td>
<td>9</td>
<td>test_classes.shardaaaaa@51c668e3</td></tr>
<tr>
<td title='test_classes.shardaaaaa.TESTCASES54()'><b>TESTCASES54</b><br>Test class: test_classes.shardaaaaa</td>
<td></td>
<td>9</td>
<td>test_classes.shardaaaaa@51c668e3</td></tr>
<tr>
<td title='test_classes.shardaaaaa.TESTCASES6()'><b>TESTCASES6</b><br>Test class: test_classes.shardaaaaa</td>
<td></td>
<td>0</td>
<td>test_classes.shardaaaaa@51c668e3</td></tr>
<tr>
<td title='test_classes.shardaaaaa.TESTCASES57()'><b>TESTCASES57</b><br>Test class: test_classes.shardaaaaa</td>
<td></td>
<td>9</td>
<td>test_classes.shardaaaaa@51c668e3</td></tr>
<tr>
<td title='test_classes.shardaaaaa.TESTCASES46()'><b>TESTCASES46</b><br>Test class: test_classes.shardaaaaa</td>
<td></td>
<td>5</td>
<td>test_classes.shardaaaaa@51c668e3</td></tr>
<tr>
<td title='test_classes.shardaaaaa.TESTCASES55()'><b>TESTCASES55</b><br>Test class: test_classes.shardaaaaa</td>
<td></td>
<td>9</td>
<td>test_classes.shardaaaaa@51c668e3</td></tr>
<tr>
<td title='test_classes.shardaaaaa.TESTCASES19()'><b>TESTCASES19</b><br>Test class: test_classes.shardaaaaa</td>
<td></td>
<td>5</td>
<td>test_classes.shardaaaaa@51c668e3</td></tr>
<tr>
<td title='test_classes.shardaaaaa.TESTCASES12()'><b>TESTCASES12</b><br>Test class: test_classes.shardaaaaa</td>
<td></td>
<td>7</td>
<td>test_classes.shardaaaaa@51c668e3</td></tr>
<tr>
<td title='test_classes.shardaaaaa.TESTCASES4()'><b>TESTCASES4</b><br>Test class: test_classes.shardaaaaa</td>
<td></td>
<td>1</td>
<td>test_classes.shardaaaaa@51c668e3</td></tr>
<tr>
<td title='test_classes.shardaaaaa.TESTCASES38()'><b>TESTCASES38</b><br>Test class: test_classes.shardaaaaa</td>
<td></td>
<td>5</td>
<td>test_classes.shardaaaaa@51c668e3</td></tr>
<tr>
<td title='test_classes.shardaaaaa.TESTCASES9()'><b>TESTCASES9</b><br>Test class: test_classes.shardaaaaa</td>
<td></td>
<td>0</td>
<td>test_classes.shardaaaaa@51c668e3</td></tr>
<tr>
<td title='test_classes.shardaaaaa.TESTCASES64()'><b>TESTCASES64</b><br>Test class: test_classes.shardaaaaa</td>
<td></td>
<td>5</td>
<td>test_classes.shardaaaaa@51c668e3</td></tr>
<tr>
<td title='test_classes.shardaaaaa.TESTCASES69()'><b>TESTCASES69</b><br>Test class: test_classes.shardaaaaa</td>
<td></td>
<td>5</td>
<td>test_classes.shardaaaaa@51c668e3</td></tr>
<tr>
<td title='test_classes.shardaaaaa.TESTCASES68()'><b>TESTCASES68</b><br>Test class: test_classes.shardaaaaa</td>
<td></td>
<td>5</td>
<td>test_classes.shardaaaaa@51c668e3</td></tr>
<tr>
<td title='test_classes.shardaaaaa.TESTCASES13()'><b>TESTCASES13</b><br>Test class: test_classes.shardaaaaa</td>
<td></td>
<td>5</td>
<td>test_classes.shardaaaaa@51c668e3</td></tr>
<tr>
<td title='test_classes.shardaaaaa.TESTCASES32()'><b>TESTCASES32</b><br>Test class: test_classes.shardaaaaa</td>
<td></td>
<td>9</td>
<td>test_classes.shardaaaaa@51c668e3</td></tr>
<tr>
<td title='test_classes.shardaaaaa.TESTCASES30()'><b>TESTCASES30</b><br>Test class: test_classes.shardaaaaa</td>
<td></td>
<td>1</td>
<td>test_classes.shardaaaaa@51c668e3</td></tr>
<tr>
<td title='test_classes.shardaaaaa.TESTCASES61()'><b>TESTCASES61</b><br>Test class: test_classes.shardaaaaa</td>
<td></td>
<td>5</td>
<td>test_classes.shardaaaaa@51c668e3</td></tr>
<tr>
<td title='test_classes.shardaaaaa.TESTCASES43()'><b>TESTCASES43</b><br>Test class: test_classes.shardaaaaa</td>
<td></td>
<td>5</td>
<td>test_classes.shardaaaaa@51c668e3</td></tr>
<tr>
<td title='test_classes.shardaaaaa.TESTCASES52()'><b>TESTCASES52</b><br>Test class: test_classes.shardaaaaa</td>
<td></td>
<td>9</td>
<td>test_classes.shardaaaaa@51c668e3</td></tr>
<tr>
<td title='test_classes.shardaaaaa.TESTCASES70()'><b>TESTCASES70</b><br>Test class: test_classes.shardaaaaa</td>
<td></td>
<td>9</td>
<td>test_classes.shardaaaaa@51c668e3</td></tr>
<tr>
<td title='test_classes.shardaaaaa.TESTCASES1()'><b>TESTCASES1</b><br>Test class: test_classes.shardaaaaa</td>
<td></td>
<td>0</td>
<td>test_classes.shardaaaaa@51c668e3</td></tr>
<tr>
<td title='test_classes.shardaaaaa.TESTCASES71()'><b>TESTCASES71</b><br>Test class: test_classes.shardaaaaa</td>
<td></td>
<td>9</td>
<td>test_classes.shardaaaaa@51c668e3</td></tr>
<tr>
<td title='test_classes.shardaaaaa.TESTCASES35()'><b>TESTCASES35</b><br>Test class: test_classes.shardaaaaa</td>
<td></td>
<td>2</td>
<td>test_classes.shardaaaaa@51c668e3</td></tr>
<tr>
<td title='test_classes.shardaaaaa.TESTCASES79()'><b>TESTCASES79</b><br>Test class: test_classes.shardaaaaa</td>
<td></td>
<td>9</td>
<td>test_classes.shardaaaaa@51c668e3</td></tr>
<tr>
<td title='test_classes.shardaaaaa.TESTCASES2()'><b>TESTCASES2</b><br>Test class: test_classes.shardaaaaa</td>
<td></td>
<td>0</td>
<td>test_classes.shardaaaaa@51c668e3</td></tr>
<tr>
<td title='test_classes.shardaaaaa.TESTCASES78()'><b>TESTCASES78</b><br>Test class: test_classes.shardaaaaa</td>
<td></td>
<td>9</td>
<td>test_classes.shardaaaaa@51c668e3</td></tr>
<tr>
<td title='test_classes.shardaaaaa.TESTCASES48()'><b>TESTCASES48</b><br>Test class: test_classes.shardaaaaa</td>
<td></td>
<td>9</td>
<td>test_classes.shardaaaaa@51c668e3</td></tr>
<tr>
<td title='test_classes.shardaaaaa.TESTCASES76()'><b>TESTCASES76</b><br>Test class: test_classes.shardaaaaa</td>
<td></td>
<td>10</td>
<td>test_classes.shardaaaaa@51c668e3</td></tr>
<tr>
<td title='test_classes.shardaaaaa.TESTCASES72()'><b>TESTCASES72</b><br>Test class: test_classes.shardaaaaa</td>
<td></td>
<td>9</td>
<td>test_classes.shardaaaaa@51c668e3</td></tr>
<tr>
<td title='test_classes.shardaaaaa.TESTCASES28()'><b>TESTCASES28</b><br>Test class: test_classes.shardaaaaa</td>
<td></td>
<td>4</td>
<td>test_classes.shardaaaaa@51c668e3</td></tr>
<tr>
<td title='test_classes.shardaaaaa.TESTCASES3()'><b>TESTCASES3</b><br>Test class: test_classes.shardaaaaa</td>
<td></td>
<td>1</td>
<td>test_classes.shardaaaaa@51c668e3</td></tr>
<tr>
<td title='test_classes.shardaaaaa.TESTCASES63()'><b>TESTCASES63</b><br>Test class: test_classes.shardaaaaa</td>
<td></td>
<td>5</td>
<td>test_classes.shardaaaaa@51c668e3</td></tr>
<tr>
<td title='test_classes.shardaaaaa.TESTCASES5()'><b>TESTCASES5</b><br>Test class: test_classes.shardaaaaa</td>
<td></td>
<td>0</td>
<td>test_classes.shardaaaaa@51c668e3</td></tr>
<tr>
<td title='test_classes.shardaaaaa.TESTCASES58()'><b>TESTCASES58</b><br>Test class: test_classes.shardaaaaa</td>
<td></td>
<td>9</td>
<td>test_classes.shardaaaaa@51c668e3</td></tr>
<tr>
<td title='test_classes.shardaaaaa.TESTCASES62()'><b>TESTCASES62</b><br>Test class: test_classes.shardaaaaa</td>
<td></td>
<td>5</td>
<td>test_classes.shardaaaaa@51c668e3</td></tr>
<tr>
<td title='test_classes.shardaaaaa.TESTCASES50()'><b>TESTCASES50</b><br>Test class: test_classes.shardaaaaa</td>
<td></td>
<td>9</td>
<td>test_classes.shardaaaaa@51c668e3</td></tr>
<tr>
<td title='test_classes.shardaaaaa.TESTCASES53()'><b>TESTCASES53</b><br>Test class: test_classes.shardaaaaa</td>
<td></td>
<td>9</td>
<td>test_classes.shardaaaaa@51c668e3</td></tr>
<tr>
<td title='test_classes.shardaaaaa.TESTCASES56()'><b>TESTCASES56</b><br>Test class: test_classes.shardaaaaa</td>
<td></td>
<td>9</td>
<td>test_classes.shardaaaaa@51c668e3</td></tr>
<tr>
<td title='test_classes.shardaaaaa.TESTCASES10()'><b>TESTCASES10</b><br>Test class: test_classes.shardaaaaa</td>
<td></td>
<td>0</td>
<td>test_classes.shardaaaaa@51c668e3</td></tr>
<tr>
<td title='test_classes.shardaaaaa.TESTCASES15()'><b>TESTCASES15</b><br>Test class: test_classes.shardaaaaa</td>
<td></td>
<td>5</td>
<td>test_classes.shardaaaaa@51c668e3</td></tr>
<tr>
<td title='test_classes.shardaaaaa.TESTCASES22()'><b>TESTCASES22</b><br>Test class: test_classes.shardaaaaa</td>
<td></td>
<td>5</td>
<td>test_classes.shardaaaaa@51c668e3</td></tr>
<tr>
<td title='test_classes.shardaaaaa.TESTCASES39()'><b>TESTCASES39</b><br>Test class: test_classes.shardaaaaa</td>
<td></td>
<td>5</td>
<td>test_classes.shardaaaaa@51c668e3</td></tr>
<tr>
<td title='test_classes.shardaaaaa.TESTCASES21()'><b>TESTCASES21</b><br>Test class: test_classes.shardaaaaa</td>
<td></td>
<td>4</td>
<td>test_classes.shardaaaaa@51c668e3</td></tr>
<tr>
<td title='test_classes.shardaaaaa.TESTCASES49()'><b>TESTCASES49</b><br>Test class: test_classes.shardaaaaa</td>
<td></td>
<td>9</td>
<td>test_classes.shardaaaaa@51c668e3</td></tr>
<tr>
<td title='test_classes.shardaaaaa.TESTCASES73()'><b>TESTCASES73</b><br>Test class: test_classes.shardaaaaa</td>
<td></td>
<td>9</td>
<td>test_classes.shardaaaaa@51c668e3</td></tr>
<tr>
<td title='test_classes.shardaaaaa.TESTCASES23()'><b>TESTCASES23</b><br>Test class: test_classes.shardaaaaa</td>
<td></td>
<td>0</td>
<td>test_classes.shardaaaaa@51c668e3</td></tr>
<tr>
<td title='test_classes.shardaaaaa.TESTCASES24()'><b>TESTCASES24</b><br>Test class: test_classes.shardaaaaa</td>
<td></td>
<td>0</td>
<td>test_classes.shardaaaaa@51c668e3</td></tr>
<tr>
<td title='test_classes.shardaaaaa.TESTCASES44()'><b>TESTCASES44</b><br>Test class: test_classes.shardaaaaa</td>
<td></td>
<td>5</td>
<td>test_classes.shardaaaaa@51c668e3</td></tr>
<tr>
<td title='test_classes.shardaaaaa.TESTCASES14()'><b>TESTCASES14</b><br>Test class: test_classes.shardaaaaa</td>
<td></td>
<td>5</td>
<td>test_classes.shardaaaaa@51c668e3</td></tr>
<tr>
<td title='test_classes.shardaaaaa.TESTCASES66()'><b>TESTCASES66</b><br>Test class: test_classes.shardaaaaa</td>
<td></td>
<td>5</td>
<td>test_classes.shardaaaaa@51c668e3</td></tr>
<tr>
<td title='test_classes.shardaaaaa.TESTCASES75()'><b>TESTCASES75</b><br>Test class: test_classes.shardaaaaa</td>
<td></td>
<td>9</td>
<td>test_classes.shardaaaaa@51c668e3</td></tr>
<tr>
<td title='test_classes.shardaaaaa.TESTCASES77()'><b>TESTCASES77</b><br>Test class: test_classes.shardaaaaa</td>
<td></td>
<td>10</td>
<td>test_classes.shardaaaaa@51c668e3</td></tr>
<tr>
<td title='test_classes.shardaaaaa.TESTCASES18()'><b>TESTCASES18</b><br>Test class: test_classes.shardaaaaa</td>
<td></td>
<td>5</td>
<td>test_classes.shardaaaaa@51c668e3</td></tr>
<tr>
<td title='test_classes.shardaaaaa.TESTCASES31()'><b>TESTCASES31</b><br>Test class: test_classes.shardaaaaa</td>
<td></td>
<td>4</td>
<td>test_classes.shardaaaaa@51c668e3</td></tr>
<tr>
<td title='test_classes.shardaaaaa.TESTCASES8()'><b>TESTCASES8</b><br>Test class: test_classes.shardaaaaa</td>
<td></td>
<td>0</td>
<td>test_classes.shardaaaaa@51c668e3</td></tr>
<tr>
<td title='test_classes.shardaaaaa.TESTCASES45()'><b>TESTCASES45</b><br>Test class: test_classes.shardaaaaa</td>
<td></td>
<td>5</td>
<td>test_classes.shardaaaaa@51c668e3</td></tr>
<tr>
<td title='test_classes.shardaaaaa.TESTCASES67()'><b>TESTCASES67</b><br>Test class: test_classes.shardaaaaa</td>
<td></td>
<td>5</td>
<td>test_classes.shardaaaaa@51c668e3</td></tr>
<tr>
<td title='test_classes.shardaaaaa.TESTCASES16()'><b>TESTCASES16</b><br>Test class: test_classes.shardaaaaa</td>
<td></td>
<td>5</td>
<td>test_classes.shardaaaaa@51c668e3</td></tr>
<tr>
<td title='test_classes.shardaaaaa.TESTCASES40()'><b>TESTCASES40</b><br>Test class: test_classes.shardaaaaa</td>
<td></td>
<td>5</td>
<td>test_classes.shardaaaaa@51c668e3</td></tr>
<tr>
<td title='test_classes.shardaaaaa.TESTCASES7()'><b>TESTCASES7</b><br>Test class: test_classes.shardaaaaa</td>
<td></td>
<td>0</td>
<td>test_classes.shardaaaaa@51c668e3</td></tr>
<tr>
<td title='test_classes.shardaaaaa.TESTCASES25()'><b>TESTCASES25</b><br>Test class: test_classes.shardaaaaa</td>
<td></td>
<td>1</td>
<td>test_classes.shardaaaaa@51c668e3</td></tr>
<tr>
<td title='test_classes.shardaaaaa.TESTCASES51()'><b>TESTCASES51</b><br>Test class: test_classes.shardaaaaa</td>
<td></td>
<td>9</td>
<td>test_classes.shardaaaaa@51c668e3</td></tr>
</table><p>
</body>
</html>