<?xml version="1.0" encoding="UTF-8"?>
<testng-results ignored="0" total="78" passed="76" failed="2" skipped="0">
  <reporter-output>
  </reporter-output>
  <suite started-at="2024-09-26T16:29:07 IST" name="Default suite" finished-at="2024-09-26T16:40:04 IST" duration-ms="657377">
    <groups>
    </groups>
    <test started-at="2024-09-26T16:29:07 IST" name="Default test" finished-at="2024-09-26T16:40:04 IST" duration-ms="657377">
      <class name="test_classes.shardaaaaa">
        <test-method is-config="true" signature="setUp()[pri:0, instance:test_classes.shardaaaaa@51c668e3]" started-at="2024-09-26T16:29:07 IST" name="setUp" finished-at="2024-09-26T16:29:11 IST" duration-ms="3637" status="PASS">
          <reporter-output>
          </reporter-output>
        </test-method> <!-- setUp -->
        <test-method signature="TESTCASES1()[pri:1, instance:test_classes.shardaaaaa@51c668e3]" started-at="2024-09-26T16:29:11 IST" name="TESTCASES1" finished-at="2024-09-26T16:29:12 IST" duration-ms="852" status="PASS">
          <reporter-output>
          </reporter-output>
        </test-method> <!-- TESTCASES1 -->
        <test-method is-config="true" signature="setUp()[pri:0, instance:test_classes.shardaaaaa@51c668e3]" started-at="2024-09-26T16:29:12 IST" name="setUp" finished-at="2024-09-26T16:29:14 IST" duration-ms="2354" status="PASS">
          <reporter-output>
          </reporter-output>
        </test-method> <!-- setUp -->
        <test-method signature="TESTCASES2()[pri:2, instance:test_classes.shardaaaaa@51c668e3]" started-at="2024-09-26T16:29:14 IST" name="TESTCASES2" finished-at="2024-09-26T16:29:15 IST" duration-ms="958" status="PASS">
          <reporter-output>
          </reporter-output>
        </test-method> <!-- TESTCASES2 -->
        <test-method is-config="true" signature="setUp()[pri:0, instance:test_classes.shardaaaaa@51c668e3]" started-at="2024-09-26T16:29:15 IST" name="setUp" finished-at="2024-09-26T16:29:17 IST" duration-ms="2331" status="PASS">
          <reporter-output>
          </reporter-output>
        </test-method> <!-- setUp -->
        <test-method signature="TESTCASES3()[pri:3, instance:test_classes.shardaaaaa@51c668e3]" started-at="2024-09-26T16:29:17 IST" name="TESTCASES3" finished-at="2024-09-26T16:29:18 IST" duration-ms="1038" status="PASS">
          <reporter-output>
          </reporter-output>
        </test-method> <!-- TESTCASES3 -->
        <test-method is-config="true" signature="setUp()[pri:0, instance:test_classes.shardaaaaa@51c668e3]" started-at="2024-09-26T16:29:18 IST" name="setUp" finished-at="2024-09-26T16:29:21 IST" duration-ms="2416" status="PASS">
          <reporter-output>
          </reporter-output>
        </test-method> <!-- setUp -->
        <test-method signature="TESTCASES4()[pri:4, instance:test_classes.shardaaaaa@51c668e3]" started-at="2024-09-26T16:29:21 IST" name="TESTCASES4" finished-at="2024-09-26T16:29:22 IST" duration-ms="1141" status="PASS">
          <reporter-output>
          </reporter-output>
        </test-method> <!-- TESTCASES4 -->
        <test-method is-config="true" signature="setUp()[pri:0, instance:test_classes.shardaaaaa@51c668e3]" started-at="2024-09-26T16:29:22 IST" name="setUp" finished-at="2024-09-26T16:29:24 IST" duration-ms="2473" status="PASS">
          <reporter-output>
          </reporter-output>
        </test-method> <!-- setUp -->
        <test-method signature="TESTCASES5()[pri:5, instance:test_classes.shardaaaaa@51c668e3]" started-at="2024-09-26T16:29:24 IST" name="TESTCASES5" finished-at="2024-09-26T16:29:25 IST" duration-ms="865" status="PASS">
          <reporter-output>
          </reporter-output>
        </test-method> <!-- TESTCASES5 -->
        <test-method is-config="true" signature="setUp()[pri:0, instance:test_classes.shardaaaaa@51c668e3]" started-at="2024-09-26T16:29:25 IST" name="setUp" finished-at="2024-09-26T16:29:34 IST" duration-ms="8358" status="PASS">
          <reporter-output>
          </reporter-output>
        </test-method> <!-- setUp -->
        <test-method signature="TESTCASES6()[pri:6, instance:test_classes.shardaaaaa@51c668e3]" started-at="2024-09-26T16:29:34 IST" name="TESTCASES6" finished-at="2024-09-26T16:29:35 IST" duration-ms="942" status="PASS">
          <reporter-output>
          </reporter-output>
        </test-method> <!-- TESTCASES6 -->
        <test-method is-config="true" signature="setUp()[pri:0, instance:test_classes.shardaaaaa@51c668e3]" started-at="2024-09-26T16:29:35 IST" name="setUp" finished-at="2024-09-26T16:29:37 IST" duration-ms="2215" status="PASS">
          <reporter-output>
          </reporter-output>
        </test-method> <!-- setUp -->
        <test-method signature="TESTCASES7()[pri:7, instance:test_classes.shardaaaaa@51c668e3]" started-at="2024-09-26T16:29:37 IST" name="TESTCASES7" finished-at="2024-09-26T16:29:38 IST" duration-ms="868" status="PASS">
          <reporter-output>
          </reporter-output>
        </test-method> <!-- TESTCASES7 -->
        <test-method is-config="true" signature="setUp()[pri:0, instance:test_classes.shardaaaaa@51c668e3]" started-at="2024-09-26T16:29:38 IST" name="setUp" finished-at="2024-09-26T16:29:40 IST" duration-ms="2366" status="PASS">
          <reporter-output>
          </reporter-output>
        </test-method> <!-- setUp -->
        <test-method signature="TESTCASES8()[pri:8, instance:test_classes.shardaaaaa@51c668e3]" started-at="2024-09-26T16:29:40 IST" name="TESTCASES8" finished-at="2024-09-26T16:29:41 IST" duration-ms="804" status="PASS">
          <reporter-output>
          </reporter-output>
        </test-method> <!-- TESTCASES8 -->
        <test-method is-config="true" signature="setUp()[pri:0, instance:test_classes.shardaaaaa@51c668e3]" started-at="2024-09-26T16:29:41 IST" name="setUp" finished-at="2024-09-26T16:29:43 IST" duration-ms="2565" status="PASS">
          <reporter-output>
          </reporter-output>
        </test-method> <!-- setUp -->
        <test-method signature="TESTCASES9()[pri:9, instance:test_classes.shardaaaaa@51c668e3]" started-at="2024-09-26T16:29:43 IST" name="TESTCASES9" finished-at="2024-09-26T16:29:44 IST" duration-ms="920" status="PASS">
          <reporter-output>
          </reporter-output>
        </test-method> <!-- TESTCASES9 -->
        <test-method is-config="true" signature="setUp()[pri:0, instance:test_classes.shardaaaaa@51c668e3]" started-at="2024-09-26T16:29:44 IST" name="setUp" finished-at="2024-09-26T16:29:47 IST" duration-ms="2338" status="PASS">
          <reporter-output>
          </reporter-output>
        </test-method> <!-- setUp -->
        <test-method signature="TESTCASES10()[pri:10, instance:test_classes.shardaaaaa@51c668e3]" started-at="2024-09-26T16:29:47 IST" name="TESTCASES10" finished-at="2024-09-26T16:29:47 IST" duration-ms="886" status="PASS">
          <reporter-output>
          </reporter-output>
        </test-method> <!-- TESTCASES10 -->
        <test-method is-config="true" signature="setUp()[pri:0, instance:test_classes.shardaaaaa@51c668e3]" started-at="2024-09-26T16:29:47 IST" name="setUp" finished-at="2024-09-26T16:29:50 IST" duration-ms="2224" status="PASS">
          <reporter-output>
          </reporter-output>
        </test-method> <!-- setUp -->
        <test-method signature="TESTCASES11()[pri:11, instance:test_classes.shardaaaaa@51c668e3]" started-at="2024-09-26T16:29:50 IST" name="TESTCASES11" finished-at="2024-09-26T16:29:51 IST" duration-ms="1371" status="PASS">
          <reporter-output>
          </reporter-output>
        </test-method> <!-- TESTCASES11 -->
        <test-method is-config="true" signature="setUp()[pri:0, instance:test_classes.shardaaaaa@51c668e3]" started-at="2024-09-26T16:29:51 IST" name="setUp" finished-at="2024-09-26T16:29:53 IST" duration-ms="2380" status="PASS">
          <reporter-output>
          </reporter-output>
        </test-method> <!-- setUp -->
        <test-method signature="TESTCASES12()[pri:12, instance:test_classes.shardaaaaa@51c668e3]" started-at="2024-09-26T16:29:53 IST" name="TESTCASES12" finished-at="2024-09-26T16:30:01 IST" duration-ms="7327" status="PASS">
          <reporter-output>
          </reporter-output>
        </test-method> <!-- TESTCASES12 -->
        <test-method is-config="true" signature="setUp()[pri:0, instance:test_classes.shardaaaaa@51c668e3]" started-at="2024-09-26T16:30:01 IST" name="setUp" finished-at="2024-09-26T16:30:03 IST" duration-ms="2310" status="PASS">
          <reporter-output>
          </reporter-output>
        </test-method> <!-- setUp -->
        <test-method signature="TESTCASES13()[pri:13, instance:test_classes.shardaaaaa@51c668e3]" started-at="2024-09-26T16:30:03 IST" name="TESTCASES13" finished-at="2024-09-26T16:30:08 IST" duration-ms="5097" status="PASS">
          <reporter-output>
          </reporter-output>
        </test-method> <!-- TESTCASES13 -->
        <test-method is-config="true" signature="setUp()[pri:0, instance:test_classes.shardaaaaa@51c668e3]" started-at="2024-09-26T16:30:08 IST" name="setUp" finished-at="2024-09-26T16:30:10 IST" duration-ms="2181" status="PASS">
          <reporter-output>
          </reporter-output>
        </test-method> <!-- setUp -->
        <test-method signature="TESTCASES14()[pri:14, instance:test_classes.shardaaaaa@51c668e3]" started-at="2024-09-26T16:30:10 IST" name="TESTCASES14" finished-at="2024-09-26T16:30:15 IST" duration-ms="5064" status="PASS">
          <reporter-output>
          </reporter-output>
        </test-method> <!-- TESTCASES14 -->
        <test-method is-config="true" signature="setUp()[pri:0, instance:test_classes.shardaaaaa@51c668e3]" started-at="2024-09-26T16:30:15 IST" name="setUp" finished-at="2024-09-26T16:30:18 IST" duration-ms="2436" status="PASS">
          <reporter-output>
          </reporter-output>
        </test-method> <!-- setUp -->
        <test-method signature="TESTCASES15()[pri:15, instance:test_classes.shardaaaaa@51c668e3]" started-at="2024-09-26T16:30:18 IST" name="TESTCASES15" finished-at="2024-09-26T16:30:23 IST" duration-ms="5080" status="PASS">
          <reporter-output>
          </reporter-output>
        </test-method> <!-- TESTCASES15 -->
        <test-method is-config="true" signature="setUp()[pri:0, instance:test_classes.shardaaaaa@51c668e3]" started-at="2024-09-26T16:30:23 IST" name="setUp" finished-at="2024-09-26T16:30:26 IST" duration-ms="2631" status="PASS">
          <reporter-output>
          </reporter-output>
        </test-method> <!-- setUp -->
        <test-method signature="TESTCASES16()[pri:16, instance:test_classes.shardaaaaa@51c668e3]" started-at="2024-09-26T16:30:26 IST" name="TESTCASES16" finished-at="2024-09-26T16:30:31 IST" duration-ms="5103" status="PASS">
          <reporter-output>
          </reporter-output>
        </test-method> <!-- TESTCASES16 -->
        <test-method is-config="true" signature="setUp()[pri:0, instance:test_classes.shardaaaaa@51c668e3]" started-at="2024-09-26T16:30:31 IST" name="setUp" finished-at="2024-09-26T16:30:33 IST" duration-ms="2467" status="PASS">
          <reporter-output>
          </reporter-output>
        </test-method> <!-- setUp -->
        <test-method signature="TESTCASES17()[pri:17, instance:test_classes.shardaaaaa@51c668e3]" started-at="2024-09-26T16:30:33 IST" name="TESTCASES17" finished-at="2024-09-26T16:30:38 IST" duration-ms="5074" status="PASS">
          <reporter-output>
          </reporter-output>
        </test-method> <!-- TESTCASES17 -->
        <test-method is-config="true" signature="setUp()[pri:0, instance:test_classes.shardaaaaa@51c668e3]" started-at="2024-09-26T16:30:38 IST" name="setUp" finished-at="2024-09-26T16:30:41 IST" duration-ms="2432" status="PASS">
          <reporter-output>
          </reporter-output>
        </test-method> <!-- setUp -->
        <test-method signature="TESTCASES18()[pri:18, instance:test_classes.shardaaaaa@51c668e3]" started-at="2024-09-26T16:30:41 IST" name="TESTCASES18" finished-at="2024-09-26T16:30:46 IST" duration-ms="5224" status="PASS">
          <reporter-output>
          </reporter-output>
        </test-method> <!-- TESTCASES18 -->
        <test-method is-config="true" signature="setUp()[pri:0, instance:test_classes.shardaaaaa@51c668e3]" started-at="2024-09-26T16:30:46 IST" name="setUp" finished-at="2024-09-26T16:30:48 IST" duration-ms="2258" status="PASS">
          <reporter-output>
          </reporter-output>
        </test-method> <!-- setUp -->
        <test-method signature="TESTCASES19()[pri:19, instance:test_classes.shardaaaaa@51c668e3]" started-at="2024-09-26T16:30:48 IST" name="TESTCASES19" finished-at="2024-09-26T16:30:53 IST" duration-ms="5304" status="PASS">
          <reporter-output>
          </reporter-output>
        </test-method> <!-- TESTCASES19 -->
        <test-method is-config="true" signature="setUp()[pri:0, instance:test_classes.shardaaaaa@51c668e3]" started-at="2024-09-26T16:30:53 IST" name="setUp" finished-at="2024-09-26T16:30:56 IST" duration-ms="2659" status="PASS">
          <reporter-output>
          </reporter-output>
        </test-method> <!-- setUp -->
        <test-method signature="TESTCASES20()[pri:20, instance:test_classes.shardaaaaa@51c668e3]" started-at="2024-09-26T16:30:56 IST" name="TESTCASES20" finished-at="2024-09-26T16:31:01 IST" duration-ms="5132" status="PASS">
          <reporter-output>
          </reporter-output>
        </test-method> <!-- TESTCASES20 -->
        <test-method is-config="true" signature="setUp()[pri:0, instance:test_classes.shardaaaaa@51c668e3]" started-at="2024-09-26T16:31:01 IST" name="setUp" finished-at="2024-09-26T16:31:04 IST" duration-ms="2310" status="PASS">
          <reporter-output>
          </reporter-output>
        </test-method> <!-- setUp -->
        <test-method signature="TESTCASES21()[pri:21, instance:test_classes.shardaaaaa@51c668e3]" started-at="2024-09-26T16:31:04 IST" name="TESTCASES21" finished-at="2024-09-26T16:31:09 IST" duration-ms="4925" status="PASS">
          <reporter-output>
          </reporter-output>
        </test-method> <!-- TESTCASES21 -->
        <test-method is-config="true" signature="setUp()[pri:0, instance:test_classes.shardaaaaa@51c668e3]" started-at="2024-09-26T16:31:09 IST" name="setUp" finished-at="2024-09-26T16:31:11 IST" duration-ms="2479" status="PASS">
          <reporter-output>
          </reporter-output>
        </test-method> <!-- setUp -->
        <test-method signature="TESTCASES22()[pri:22, instance:test_classes.shardaaaaa@51c668e3]" started-at="2024-09-26T16:31:11 IST" name="TESTCASES22" finished-at="2024-09-26T16:31:16 IST" duration-ms="5035" status="PASS">
          <reporter-output>
          </reporter-output>
        </test-method> <!-- TESTCASES22 -->
        <test-method is-config="true" signature="setUp()[pri:0, instance:test_classes.shardaaaaa@51c668e3]" started-at="2024-09-26T16:31:16 IST" name="setUp" finished-at="2024-09-26T16:31:18 IST" duration-ms="2452" status="PASS">
          <reporter-output>
          </reporter-output>
        </test-method> <!-- setUp -->
        <test-method signature="TESTCASES23()[pri:23, instance:test_classes.shardaaaaa@51c668e3]" started-at="2024-09-26T16:31:18 IST" name="TESTCASES23" finished-at="2024-09-26T16:31:19 IST" duration-ms="917" status="PASS">
          <reporter-output>
          </reporter-output>
        </test-method> <!-- TESTCASES23 -->
        <test-method is-config="true" signature="setUp()[pri:0, instance:test_classes.shardaaaaa@51c668e3]" started-at="2024-09-26T16:31:19 IST" name="setUp" finished-at="2024-09-26T16:31:22 IST" duration-ms="2463" status="PASS">
          <reporter-output>
          </reporter-output>
        </test-method> <!-- setUp -->
        <test-method signature="TESTCASES24()[pri:24, instance:test_classes.shardaaaaa@51c668e3]" started-at="2024-09-26T16:31:22 IST" name="TESTCASES24" finished-at="2024-09-26T16:31:23 IST" duration-ms="674" status="PASS">
          <reporter-output>
          </reporter-output>
        </test-method> <!-- TESTCASES24 -->
        <test-method is-config="true" signature="setUp()[pri:0, instance:test_classes.shardaaaaa@51c668e3]" started-at="2024-09-26T16:31:23 IST" name="setUp" finished-at="2024-09-26T16:31:25 IST" duration-ms="2158" status="PASS">
          <reporter-output>
          </reporter-output>
        </test-method> <!-- setUp -->
        <test-method signature="TESTCASES25()[pri:25, instance:test_classes.shardaaaaa@51c668e3]" started-at="2024-09-26T16:31:25 IST" name="TESTCASES25" finished-at="2024-09-26T16:31:26 IST" duration-ms="1087" status="PASS">
          <reporter-output>
          </reporter-output>
        </test-method> <!-- TESTCASES25 -->
        <test-method is-config="true" signature="setUp()[pri:0, instance:test_classes.shardaaaaa@51c668e3]" started-at="2024-09-26T16:31:26 IST" name="setUp" finished-at="2024-09-26T16:31:28 IST" duration-ms="2324" status="PASS">
          <reporter-output>
          </reporter-output>
        </test-method> <!-- setUp -->
        <test-method signature="TESTCASES27()[pri:27, instance:test_classes.shardaaaaa@51c668e3]" started-at="2024-09-26T16:31:28 IST" name="TESTCASES27" finished-at="2024-09-26T16:31:29 IST" duration-ms="412" status="PASS">
          <reporter-output>
          </reporter-output>
        </test-method> <!-- TESTCASES27 -->
        <test-method is-config="true" signature="setUp()[pri:0, instance:test_classes.shardaaaaa@51c668e3]" started-at="2024-09-26T16:31:29 IST" name="setUp" finished-at="2024-09-26T16:31:31 IST" duration-ms="2264" status="PASS">
          <reporter-output>
          </reporter-output>
        </test-method> <!-- setUp -->
        <test-method signature="TESTCASES28()[pri:28, instance:test_classes.shardaaaaa@51c668e3]" started-at="2024-09-26T16:31:31 IST" name="TESTCASES28" finished-at="2024-09-26T16:31:35 IST" duration-ms="4704" status="PASS">
          <reporter-output>
          </reporter-output>
        </test-method> <!-- TESTCASES28 -->
        <test-method is-config="true" signature="setUp()[pri:0, instance:test_classes.shardaaaaa@51c668e3]" started-at="2024-09-26T16:31:35 IST" name="setUp" finished-at="2024-09-26T16:31:38 IST" duration-ms="2624" status="PASS">
          <reporter-output>
          </reporter-output>
        </test-method> <!-- setUp -->
        <test-method signature="TESTCASES30()[pri:30, instance:test_classes.shardaaaaa@51c668e3]" started-at="2024-09-26T16:31:38 IST" name="TESTCASES30" finished-at="2024-09-26T16:31:39 IST" duration-ms="1136" status="PASS">
          <reporter-output>
          </reporter-output>
        </test-method> <!-- TESTCASES30 -->
        <test-method is-config="true" signature="setUp()[pri:0, instance:test_classes.shardaaaaa@51c668e3]" started-at="2024-09-26T16:31:39 IST" name="setUp" finished-at="2024-09-26T16:31:42 IST" duration-ms="2540" status="PASS">
          <reporter-output>
          </reporter-output>
        </test-method> <!-- setUp -->
        <test-method signature="TESTCASES31()[pri:31, instance:test_classes.shardaaaaa@51c668e3]" started-at="2024-09-26T16:31:42 IST" name="TESTCASES31" finished-at="2024-09-26T16:31:47 IST" duration-ms="4758" status="PASS">
          <reporter-output>
          </reporter-output>
        </test-method> <!-- TESTCASES31 -->
        <test-method is-config="true" signature="setUp()[pri:0, instance:test_classes.shardaaaaa@51c668e3]" started-at="2024-09-26T16:31:47 IST" name="setUp" finished-at="2024-09-26T16:31:49 IST" duration-ms="2888" status="PASS">
          <reporter-output>
          </reporter-output>
        </test-method> <!-- setUp -->
        <test-method signature="TESTCASES32()[pri:32, instance:test_classes.shardaaaaa@51c668e3]" started-at="2024-09-26T16:31:49 IST" name="TESTCASES32" finished-at="2024-09-26T16:31:59 IST" duration-ms="9680" status="PASS">
          <reporter-output>
          </reporter-output>
        </test-method> <!-- TESTCASES32 -->
        <test-method is-config="true" signature="setUp()[pri:0, instance:test_classes.shardaaaaa@51c668e3]" started-at="2024-09-26T16:31:59 IST" name="setUp" finished-at="2024-09-26T16:32:02 IST" duration-ms="3253" status="PASS">
          <reporter-output>
          </reporter-output>
        </test-method> <!-- setUp -->
        <test-method signature="TESTCASES33()[pri:33, instance:test_classes.shardaaaaa@51c668e3]" started-at="2024-09-26T16:32:02 IST" name="TESTCASES33" finished-at="2024-09-26T16:32:06 IST" duration-ms="3441" status="FAIL">
          <exception class="org.openqa.selenium.ElementClickInterceptedException">
            <message>
              <![CDATA[element click intercepted: Element <button data-v-39aa2613="" class="absolute bg-[#EC027C] w-[160px] h-[50px] text-[16px] rounded-3xl text-white font-bold bottom-[-28%]">...</button> is not clickable at point (146, 115). Other element would receive the click: <div data-v-2e87554d="" class="flex p-2 items-center gap-x-4 xl:gap-x-10">...</div>
  (Session info: chrome=129.0.6668.71)
Build info: version: '4.9.1', revision: 'eb2032df7f'
System info: os.name: 'Windows 11', os.arch: 'amd64', os.version: '10.0', java.version: '17.0.11'
Driver info: org.openqa.selenium.chrome.ChromeDriver
Command: [a654cc724b224a4ac6e0c51f7f1441e2, clickElement {id=f.DC93339C371942433878FB38664DE2C1.d.55881D8FE9C2DBB72D402C1450ECD681.e.75}]
Capabilities {acceptInsecureCerts: false, browserName: chrome, browserVersion: 129.0.6668.71, chrome: {chromedriverVersion: 129.0.6668.70 (df87d5cf12b1..., userDataDir: C:\Users\DELL\AppData\Local...}, fedcm:accounts: true, goog:chromeOptions: {debuggerAddress: localhost:55361}, networkConnectionEnabled: false, pageLoadStrategy: normal, platformName: windows, proxy: Proxy(), se:cdp: ws://localhost:55361/devtoo..., se:cdpVersion: 129.0.6668.71, setWindowRect: true, strictFileInteractability: false, timeouts: {implicit: 0, pageLoad: 300000, script: 30000}, unhandledPromptBehavior: dismiss and notify, webauthn:extension:credBlob: true, webauthn:extension:largeBlob: true, webauthn:extension:minPinLength: true, webauthn:extension:prf: true, webauthn:virtualAuthenticators: true}
Element: [[ChromeDriver: chrome on windows (a654cc724b224a4ac6e0c51f7f1441e2)] -> xpath: //*[@id="app"]/div/section[1]/div/div[3]/div/div[1]/div[2]/div/div/div[1]/div[2]/a/button]
Session ID: a654cc724b224a4ac6e0c51f7f1441e2]]>
            </message>
            <full-stacktrace>
              <![CDATA[org.openqa.selenium.ElementClickInterceptedException: element click intercepted: Element <button data-v-39aa2613="" class="absolute bg-[#EC027C] w-[160px] h-[50px] text-[16px] rounded-3xl text-white font-bold bottom-[-28%]">...</button> is not clickable at point (146, 115). Other element would receive the click: <div data-v-2e87554d="" class="flex p-2 items-center gap-x-4 xl:gap-x-10">...</div>
  (Session info: chrome=129.0.6668.71)
Build info: version: '4.9.1', revision: 'eb2032df7f'
System info: os.name: 'Windows 11', os.arch: 'amd64', os.version: '10.0', java.version: '17.0.11'
Driver info: org.openqa.selenium.chrome.ChromeDriver
Command: [a654cc724b224a4ac6e0c51f7f1441e2, clickElement {id=f.DC93339C371942433878FB38664DE2C1.d.55881D8FE9C2DBB72D402C1450ECD681.e.75}]
Capabilities {acceptInsecureCerts: false, browserName: chrome, browserVersion: 129.0.6668.71, chrome: {chromedriverVersion: 129.0.6668.70 (df87d5cf12b1..., userDataDir: C:\Users\DELL\AppData\Local...}, fedcm:accounts: true, goog:chromeOptions: {debuggerAddress: localhost:55361}, networkConnectionEnabled: false, pageLoadStrategy: normal, platformName: windows, proxy: Proxy(), se:cdp: ws://localhost:55361/devtoo..., se:cdpVersion: 129.0.6668.71, setWindowRect: true, strictFileInteractability: false, timeouts: {implicit: 0, pageLoad: 300000, script: 30000}, unhandledPromptBehavior: dismiss and notify, webauthn:extension:credBlob: true, webauthn:extension:largeBlob: true, webauthn:extension:minPinLength: true, webauthn:extension:prf: true, webauthn:virtualAuthenticators: true}
Element: [[ChromeDriver: chrome on windows (a654cc724b224a4ac6e0c51f7f1441e2)] -> xpath: //*[@id="app"]/div/section[1]/div/div[3]/div/div[1]/div[2]/div/div/div[1]/div[2]/a/button]
Session ID: a654cc724b224a4ac6e0c51f7f1441e2
at java.base/jdk.internal.reflect.NativeConstructorAccessorImpl.newInstance0(Native Method)
at java.base/jdk.internal.reflect.NativeConstructorAccessorImpl.newInstance(NativeConstructorAccessorImpl.java:77)
at java.base/jdk.internal.reflect.DelegatingConstructorAccessorImpl.newInstance(DelegatingConstructorAccessorImpl.java:45)
at java.base/java.lang.reflect.Constructor.newInstanceWithCaller(Constructor.java:499)
at java.base/java.lang.reflect.Constructor.newInstance(Constructor.java:480)
at org.openqa.selenium.remote.codec.w3c.W3CHttpResponseCodec.createException(W3CHttpResponseCodec.java:200)
at org.openqa.selenium.remote.codec.w3c.W3CHttpResponseCodec.decode(W3CHttpResponseCodec.java:133)
at org.openqa.selenium.remote.codec.w3c.W3CHttpResponseCodec.decode(W3CHttpResponseCodec.java:53)
at org.openqa.selenium.remote.HttpCommandExecutor.execute(HttpCommandExecutor.java:193)
at org.openqa.selenium.remote.service.DriverCommandExecutor.invokeExecute(DriverCommandExecutor.java:183)
at org.openqa.selenium.remote.service.DriverCommandExecutor.execute(DriverCommandExecutor.java:158)
at org.openqa.selenium.remote.RemoteWebDriver.execute(RemoteWebDriver.java:543)
at org.openqa.selenium.remote.RemoteWebElement.execute(RemoteWebElement.java:257)
at org.openqa.selenium.remote.RemoteWebElement.click(RemoteWebElement.java:78)
at test_classes.shardaaaaa.TESTCASES33(shardaaaaa.java:746)
at java.base/jdk.internal.reflect.NativeMethodAccessorImpl.invoke0(Native Method)
at java.base/jdk.internal.reflect.NativeMethodAccessorImpl.invoke(NativeMethodAccessorImpl.java:77)
at java.base/jdk.internal.reflect.DelegatingMethodAccessorImpl.invoke(DelegatingMethodAccessorImpl.java:43)
at java.base/java.lang.reflect.Method.invoke(Method.java:568)
at org.testng.internal.MethodInvocationHelper.invokeMethod(MethodInvocationHelper.java:133)
at org.testng.internal.TestInvoker.invokeMethod(TestInvoker.java:598)
at org.testng.internal.TestInvoker.invokeTestMethod(TestInvoker.java:173)
at org.testng.internal.MethodRunner.runInSequence(MethodRunner.java:46)
at org.testng.internal.TestInvoker$MethodInvocationAgent.invoke(TestInvoker.java:824)
at org.testng.internal.TestInvoker.invokeTestMethods(TestInvoker.java:146)
at org.testng.internal.TestMethodWorker.invokeTestMethods(TestMethodWorker.java:146)
at org.testng.internal.TestMethodWorker.run(TestMethodWorker.java:128)
at java.base/java.util.ArrayList.forEach(ArrayList.java:1511)
at org.testng.TestRunner.privateRun(TestRunner.java:794)
at org.testng.TestRunner.run(TestRunner.java:596)
at org.testng.SuiteRunner.runTest(SuiteRunner.java:377)
at org.testng.SuiteRunner.runSequentially(SuiteRunner.java:371)
at org.testng.SuiteRunner.privateRun(SuiteRunner.java:332)
at org.testng.SuiteRunner.run(SuiteRunner.java:276)
at org.testng.SuiteRunnerWorker.runSuite(SuiteRunnerWorker.java:53)
at org.testng.SuiteRunnerWorker.run(SuiteRunnerWorker.java:96)
at org.testng.TestNG.runSuitesSequentially(TestNG.java:1212)
at org.testng.TestNG.runSuitesLocally(TestNG.java:1134)
at org.testng.TestNG.runSuites(TestNG.java:1063)
at org.testng.TestNG.run(TestNG.java:1031)
at org.testng.remote.AbstractRemoteTestNG.run(AbstractRemoteTestNG.java:115)
at org.testng.remote.RemoteTestNG.initAndRun(RemoteTestNG.java:293)
at org.testng.remote.RemoteTestNG.main(RemoteTestNG.java:91)
]]>
            </full-stacktrace>
          </exception> <!-- org.openqa.selenium.ElementClickInterceptedException -->
          <reporter-output>
          </reporter-output>
        </test-method> <!-- TESTCASES33 -->
        <test-method is-config="true" signature="setUp()[pri:0, instance:test_classes.shardaaaaa@51c668e3]" started-at="2024-09-26T16:32:06 IST" name="setUp" finished-at="2024-09-26T16:32:09 IST" duration-ms="3034" status="PASS">
          <reporter-output>
          </reporter-output>
        </test-method> <!-- setUp -->
        <test-method signature="TESTCASES34()[pri:34, instance:test_classes.shardaaaaa@51c668e3]" started-at="2024-09-26T16:32:09 IST" name="TESTCASES34" finished-at="2024-09-26T16:32:10 IST" duration-ms="1450" status="FAIL">
          <exception class="org.openqa.selenium.ElementClickInterceptedException">
            <message>
              <![CDATA[element click intercepted: Element <div data-v-39aa2613="" class="text-[15px] lg:text-[28px] border-b pb-1 cursor-pointer whitespace-nowrap text-[#ec027c] border-[#ec027c]  font-medium">...</div> is not clickable at point (496, 102). Other element would receive the click: <div data-v-2e87554d="" class="flex p-2 items-center gap-x-4 xl:gap-x-10">...</div>
  (Session info: chrome=129.0.6668.71)
Build info: version: '4.9.1', revision: 'eb2032df7f'
System info: os.name: 'Windows 11', os.arch: 'amd64', os.version: '10.0', java.version: '17.0.11'
Driver info: org.openqa.selenium.chrome.ChromeDriver
Command: [210700f2e5efcf696ebf468f780bce35, clickElement {id=f.EC0AA1AA6CFF9A2E357C3CC77B23A189.d.B612C6E3789696A99C64020D1198B680.e.70}]
Capabilities {acceptInsecureCerts: false, browserName: chrome, browserVersion: 129.0.6668.71, chrome: {chromedriverVersion: 129.0.6668.70 (df87d5cf12b1..., userDataDir: C:\Users\DELL\AppData\Local...}, fedcm:accounts: true, goog:chromeOptions: {debuggerAddress: localhost:55408}, networkConnectionEnabled: false, pageLoadStrategy: normal, platformName: windows, proxy: Proxy(), se:cdp: ws://localhost:55408/devtoo..., se:cdpVersion: 129.0.6668.71, setWindowRect: true, strictFileInteractability: false, timeouts: {implicit: 0, pageLoad: 300000, script: 30000}, unhandledPromptBehavior: dismiss and notify, webauthn:extension:credBlob: true, webauthn:extension:largeBlob: true, webauthn:extension:minPinLength: true, webauthn:extension:prf: true, webauthn:virtualAuthenticators: true}
Element: [[ChromeDriver: chrome on windows (210700f2e5efcf696ebf468f780bce35)] -> xpath: /html/body/div[1]/div/section[1]/div/div[2]/div[3]]
Session ID: 210700f2e5efcf696ebf468f780bce35]]>
            </message>
            <full-stacktrace>
              <![CDATA[org.openqa.selenium.ElementClickInterceptedException: element click intercepted: Element <div data-v-39aa2613="" class="text-[15px] lg:text-[28px] border-b pb-1 cursor-pointer whitespace-nowrap text-[#ec027c] border-[#ec027c]  font-medium">...</div> is not clickable at point (496, 102). Other element would receive the click: <div data-v-2e87554d="" class="flex p-2 items-center gap-x-4 xl:gap-x-10">...</div>
  (Session info: chrome=129.0.6668.71)
Build info: version: '4.9.1', revision: 'eb2032df7f'
System info: os.name: 'Windows 11', os.arch: 'amd64', os.version: '10.0', java.version: '17.0.11'
Driver info: org.openqa.selenium.chrome.ChromeDriver
Command: [210700f2e5efcf696ebf468f780bce35, clickElement {id=f.EC0AA1AA6CFF9A2E357C3CC77B23A189.d.B612C6E3789696A99C64020D1198B680.e.70}]
Capabilities {acceptInsecureCerts: false, browserName: chrome, browserVersion: 129.0.6668.71, chrome: {chromedriverVersion: 129.0.6668.70 (df87d5cf12b1..., userDataDir: C:\Users\DELL\AppData\Local...}, fedcm:accounts: true, goog:chromeOptions: {debuggerAddress: localhost:55408}, networkConnectionEnabled: false, pageLoadStrategy: normal, platformName: windows, proxy: Proxy(), se:cdp: ws://localhost:55408/devtoo..., se:cdpVersion: 129.0.6668.71, setWindowRect: true, strictFileInteractability: false, timeouts: {implicit: 0, pageLoad: 300000, script: 30000}, unhandledPromptBehavior: dismiss and notify, webauthn:extension:credBlob: true, webauthn:extension:largeBlob: true, webauthn:extension:minPinLength: true, webauthn:extension:prf: true, webauthn:virtualAuthenticators: true}
Element: [[ChromeDriver: chrome on windows (210700f2e5efcf696ebf468f780bce35)] -> xpath: /html/body/div[1]/div/section[1]/div/div[2]/div[3]]
Session ID: 210700f2e5efcf696ebf468f780bce35
at java.base/jdk.internal.reflect.NativeConstructorAccessorImpl.newInstance0(Native Method)
at java.base/jdk.internal.reflect.NativeConstructorAccessorImpl.newInstance(NativeConstructorAccessorImpl.java:77)
at java.base/jdk.internal.reflect.DelegatingConstructorAccessorImpl.newInstance(DelegatingConstructorAccessorImpl.java:45)
at java.base/java.lang.reflect.Constructor.newInstanceWithCaller(Constructor.java:499)
at java.base/java.lang.reflect.Constructor.newInstance(Constructor.java:480)
at org.openqa.selenium.remote.codec.w3c.W3CHttpResponseCodec.createException(W3CHttpResponseCodec.java:200)
at org.openqa.selenium.remote.codec.w3c.W3CHttpResponseCodec.decode(W3CHttpResponseCodec.java:133)
at org.openqa.selenium.remote.codec.w3c.W3CHttpResponseCodec.decode(W3CHttpResponseCodec.java:53)
at org.openqa.selenium.remote.HttpCommandExecutor.execute(HttpCommandExecutor.java:193)
at org.openqa.selenium.remote.service.DriverCommandExecutor.invokeExecute(DriverCommandExecutor.java:183)
at org.openqa.selenium.remote.service.DriverCommandExecutor.execute(DriverCommandExecutor.java:158)
at org.openqa.selenium.remote.RemoteWebDriver.execute(RemoteWebDriver.java:543)
at org.openqa.selenium.remote.RemoteWebElement.execute(RemoteWebElement.java:257)
at org.openqa.selenium.remote.RemoteWebElement.click(RemoteWebElement.java:78)
at test_classes.shardaaaaa.TESTCASES34(shardaaaaa.java:765)
at java.base/jdk.internal.reflect.NativeMethodAccessorImpl.invoke0(Native Method)
at java.base/jdk.internal.reflect.NativeMethodAccessorImpl.invoke(NativeMethodAccessorImpl.java:77)
at java.base/jdk.internal.reflect.DelegatingMethodAccessorImpl.invoke(DelegatingMethodAccessorImpl.java:43)
at java.base/java.lang.reflect.Method.invoke(Method.java:568)
at org.testng.internal.MethodInvocationHelper.invokeMethod(MethodInvocationHelper.java:133)
at org.testng.internal.TestInvoker.invokeMethod(TestInvoker.java:598)
at org.testng.internal.TestInvoker.invokeTestMethod(TestInvoker.java:173)
at org.testng.internal.MethodRunner.runInSequence(MethodRunner.java:46)
at org.testng.internal.TestInvoker$MethodInvocationAgent.invoke(TestInvoker.java:824)
at org.testng.internal.TestInvoker.invokeTestMethods(TestInvoker.java:146)
at org.testng.internal.TestMethodWorker.invokeTestMethods(TestMethodWorker.java:146)
at org.testng.internal.TestMethodWorker.run(TestMethodWorker.java:128)
at java.base/java.util.ArrayList.forEach(ArrayList.java:1511)
at org.testng.TestRunner.privateRun(TestRunner.java:794)
at org.testng.TestRunner.run(TestRunner.java:596)
at org.testng.SuiteRunner.runTest(SuiteRunner.java:377)
at org.testng.SuiteRunner.runSequentially(SuiteRunner.java:371)
at org.testng.SuiteRunner.privateRun(SuiteRunner.java:332)
at org.testng.SuiteRunner.run(SuiteRunner.java:276)
at org.testng.SuiteRunnerWorker.runSuite(SuiteRunnerWorker.java:53)
at org.testng.SuiteRunnerWorker.run(SuiteRunnerWorker.java:96)
at org.testng.TestNG.runSuitesSequentially(TestNG.java:1212)
at org.testng.TestNG.runSuitesLocally(TestNG.java:1134)
at org.testng.TestNG.runSuites(TestNG.java:1063)
at org.testng.TestNG.run(TestNG.java:1031)
at org.testng.remote.AbstractRemoteTestNG.run(AbstractRemoteTestNG.java:115)
at org.testng.remote.RemoteTestNG.initAndRun(RemoteTestNG.java:293)
at org.testng.remote.RemoteTestNG.main(RemoteTestNG.java:91)
]]>
            </full-stacktrace>
          </exception> <!-- org.openqa.selenium.ElementClickInterceptedException -->
          <reporter-output>
          </reporter-output>
        </test-method> <!-- TESTCASES34 -->
        <test-method is-config="true" signature="setUp()[pri:0, instance:test_classes.shardaaaaa@51c668e3]" started-at="2024-09-26T16:32:10 IST" name="setUp" finished-at="2024-09-26T16:32:14 IST" duration-ms="3359" status="PASS">
          <reporter-output>
          </reporter-output>
        </test-method> <!-- setUp -->
        <test-method signature="TESTCASES35()[pri:35, instance:test_classes.shardaaaaa@51c668e3]" started-at="2024-09-26T16:32:14 IST" name="TESTCASES35" finished-at="2024-09-26T16:32:16 IST" duration-ms="2745" status="PASS">
          <reporter-output>
          </reporter-output>
        </test-method> <!-- TESTCASES35 -->
        <test-method is-config="true" signature="setUp()[pri:0, instance:test_classes.shardaaaaa@51c668e3]" started-at="2024-09-26T16:32:16 IST" name="setUp" finished-at="2024-09-26T16:32:21 IST" duration-ms="4706" status="PASS">
          <reporter-output>
          </reporter-output>
        </test-method> <!-- setUp -->
        <test-method signature="TESTCASES36()[pri:36, instance:test_classes.shardaaaaa@51c668e3]" started-at="2024-09-26T16:32:21 IST" name="TESTCASES36" finished-at="2024-09-26T16:32:24 IST" duration-ms="2975" status="PASS">
          <reporter-output>
          </reporter-output>
        </test-method> <!-- TESTCASES36 -->
        <test-method is-config="true" signature="setUp()[pri:0, instance:test_classes.shardaaaaa@51c668e3]" started-at="2024-09-26T16:32:24 IST" name="setUp" finished-at="2024-09-26T16:32:28 IST" duration-ms="4003" status="PASS">
          <reporter-output>
          </reporter-output>
        </test-method> <!-- setUp -->
        <test-method signature="TESTCASES37()[pri:37, instance:test_classes.shardaaaaa@51c668e3]" started-at="2024-09-26T16:32:28 IST" name="TESTCASES37" finished-at="2024-09-26T16:32:34 IST" duration-ms="5772" status="PASS">
          <reporter-output>
          </reporter-output>
        </test-method> <!-- TESTCASES37 -->
        <test-method is-config="true" signature="setUp()[pri:0, instance:test_classes.shardaaaaa@51c668e3]" started-at="2024-09-26T16:32:34 IST" name="setUp" finished-at="2024-09-26T16:32:37 IST" duration-ms="3050" status="PASS">
          <reporter-output>
          </reporter-output>
        </test-method> <!-- setUp -->
        <test-method signature="TESTCASES38()[pri:38, instance:test_classes.shardaaaaa@51c668e3]" started-at="2024-09-26T16:32:37 IST" name="TESTCASES38" finished-at="2024-09-26T16:32:43 IST" duration-ms="5847" status="PASS">
          <reporter-output>
          </reporter-output>
        </test-method> <!-- TESTCASES38 -->
        <test-method is-config="true" signature="setUp()[pri:0, instance:test_classes.shardaaaaa@51c668e3]" started-at="2024-09-26T16:32:43 IST" name="setUp" finished-at="2024-09-26T16:32:46 IST" duration-ms="2841" status="PASS">
          <reporter-output>
          </reporter-output>
        </test-method> <!-- setUp -->
        <test-method signature="TESTCASES39()[pri:39, instance:test_classes.shardaaaaa@51c668e3]" started-at="2024-09-26T16:32:46 IST" name="TESTCASES39" finished-at="2024-09-26T16:32:51 IST" duration-ms="5557" status="PASS">
          <reporter-output>
          </reporter-output>
        </test-method> <!-- TESTCASES39 -->
        <test-method is-config="true" signature="setUp()[pri:0, instance:test_classes.shardaaaaa@51c668e3]" started-at="2024-09-26T16:32:51 IST" name="setUp" finished-at="2024-09-26T16:32:54 IST" duration-ms="2956" status="PASS">
          <reporter-output>
          </reporter-output>
        </test-method> <!-- setUp -->
        <test-method signature="TESTCASES40()[pri:40, instance:test_classes.shardaaaaa@51c668e3]" started-at="2024-09-26T16:32:54 IST" name="TESTCASES40" finished-at="2024-09-26T16:33:00 IST" duration-ms="5424" status="PASS">
          <reporter-output>
          </reporter-output>
        </test-method> <!-- TESTCASES40 -->
        <test-method is-config="true" signature="setUp()[pri:0, instance:test_classes.shardaaaaa@51c668e3]" started-at="2024-09-26T16:33:00 IST" name="setUp" finished-at="2024-09-26T16:33:02 IST" duration-ms="2924" status="PASS">
          <reporter-output>
          </reporter-output>
        </test-method> <!-- setUp -->
        <test-method signature="TESTCASES41()[pri:41, instance:test_classes.shardaaaaa@51c668e3]" started-at="2024-09-26T16:33:02 IST" name="TESTCASES41" finished-at="2024-09-26T16:33:08 IST" duration-ms="5310" status="PASS">
          <reporter-output>
          </reporter-output>
        </test-method> <!-- TESTCASES41 -->
        <test-method is-config="true" signature="setUp()[pri:0, instance:test_classes.shardaaaaa@51c668e3]" started-at="2024-09-26T16:33:08 IST" name="setUp" finished-at="2024-09-26T16:33:11 IST" duration-ms="2807" status="PASS">
          <reporter-output>
          </reporter-output>
        </test-method> <!-- setUp -->
        <test-method signature="TESTCASES42()[pri:42, instance:test_classes.shardaaaaa@51c668e3]" started-at="2024-09-26T16:33:11 IST" name="TESTCASES42" finished-at="2024-09-26T16:33:16 IST" duration-ms="5826" status="PASS">
          <reporter-output>
          </reporter-output>
        </test-method> <!-- TESTCASES42 -->
        <test-method is-config="true" signature="setUp()[pri:0, instance:test_classes.shardaaaaa@51c668e3]" started-at="2024-09-26T16:33:16 IST" name="setUp" finished-at="2024-09-26T16:33:19 IST" duration-ms="2706" status="PASS">
          <reporter-output>
          </reporter-output>
        </test-method> <!-- setUp -->
        <test-method signature="TESTCASES43()[pri:43, instance:test_classes.shardaaaaa@51c668e3]" started-at="2024-09-26T16:33:19 IST" name="TESTCASES43" finished-at="2024-09-26T16:33:25 IST" duration-ms="5606" status="PASS">
          <reporter-output>
          </reporter-output>
        </test-method> <!-- TESTCASES43 -->
        <test-method is-config="true" signature="setUp()[pri:0, instance:test_classes.shardaaaaa@51c668e3]" started-at="2024-09-26T16:33:25 IST" name="setUp" finished-at="2024-09-26T16:33:28 IST" duration-ms="3189" status="PASS">
          <reporter-output>
          </reporter-output>
        </test-method> <!-- setUp -->
        <test-method signature="TESTCASES44()[pri:44, instance:test_classes.shardaaaaa@51c668e3]" started-at="2024-09-26T16:33:28 IST" name="TESTCASES44" finished-at="2024-09-26T16:33:33 IST" duration-ms="5424" status="PASS">
          <reporter-output>
          </reporter-output>
        </test-method> <!-- TESTCASES44 -->
        <test-method is-config="true" signature="setUp()[pri:0, instance:test_classes.shardaaaaa@51c668e3]" started-at="2024-09-26T16:33:33 IST" name="setUp" finished-at="2024-09-26T16:33:36 IST" duration-ms="2808" status="PASS">
          <reporter-output>
          </reporter-output>
        </test-method> <!-- setUp -->
        <test-method signature="TESTCASES45()[pri:45, instance:test_classes.shardaaaaa@51c668e3]" started-at="2024-09-26T16:33:36 IST" name="TESTCASES45" finished-at="2024-09-26T16:33:42 IST" duration-ms="5501" status="PASS">
          <reporter-output>
          </reporter-output>
        </test-method> <!-- TESTCASES45 -->
        <test-method is-config="true" signature="setUp()[pri:0, instance:test_classes.shardaaaaa@51c668e3]" started-at="2024-09-26T16:33:42 IST" name="setUp" finished-at="2024-09-26T16:33:44 IST" duration-ms="2742" status="PASS">
          <reporter-output>
          </reporter-output>
        </test-method> <!-- setUp -->
        <test-method signature="TESTCASES46()[pri:46, instance:test_classes.shardaaaaa@51c668e3]" started-at="2024-09-26T16:33:44 IST" name="TESTCASES46" finished-at="2024-09-26T16:33:50 IST" duration-ms="5408" status="PASS">
          <reporter-output>
          </reporter-output>
        </test-method> <!-- TESTCASES46 -->
        <test-method is-config="true" signature="setUp()[pri:0, instance:test_classes.shardaaaaa@51c668e3]" started-at="2024-09-26T16:33:50 IST" name="setUp" finished-at="2024-09-26T16:33:53 IST" duration-ms="2745" status="PASS">
          <reporter-output>
          </reporter-output>
        </test-method> <!-- setUp -->
        <test-method signature="TESTCASES47()[pri:47, instance:test_classes.shardaaaaa@51c668e3]" started-at="2024-09-26T16:33:53 IST" name="TESTCASES47" finished-at="2024-09-26T16:33:58 IST" duration-ms="5688" status="PASS">
          <reporter-output>
          </reporter-output>
        </test-method> <!-- TESTCASES47 -->
        <test-method is-config="true" signature="setUp()[pri:0, instance:test_classes.shardaaaaa@51c668e3]" started-at="2024-09-26T16:33:58 IST" name="setUp" finished-at="2024-09-26T16:34:01 IST" duration-ms="2678" status="PASS">
          <reporter-output>
          </reporter-output>
        </test-method> <!-- setUp -->
        <test-method signature="TESTCASES48()[pri:48, instance:test_classes.shardaaaaa@51c668e3]" started-at="2024-09-26T16:34:01 IST" name="TESTCASES48" finished-at="2024-09-26T16:34:11 IST" duration-ms="9644" status="PASS">
          <reporter-output>
          </reporter-output>
        </test-method> <!-- TESTCASES48 -->
        <test-method is-config="true" signature="setUp()[pri:0, instance:test_classes.shardaaaaa@51c668e3]" started-at="2024-09-26T16:34:11 IST" name="setUp" finished-at="2024-09-26T16:34:14 IST" duration-ms="3001" status="PASS">
          <reporter-output>
          </reporter-output>
        </test-method> <!-- setUp -->
        <test-method signature="TESTCASES49()[pri:49, instance:test_classes.shardaaaaa@51c668e3]" started-at="2024-09-26T16:34:14 IST" name="TESTCASES49" finished-at="2024-09-26T16:34:23 IST" duration-ms="9732" status="PASS">
          <reporter-output>
          </reporter-output>
        </test-method> <!-- TESTCASES49 -->
        <test-method is-config="true" signature="setUp()[pri:0, instance:test_classes.shardaaaaa@51c668e3]" started-at="2024-09-26T16:34:23 IST" name="setUp" finished-at="2024-09-26T16:34:26 IST" duration-ms="2639" status="PASS">
          <reporter-output>
          </reporter-output>
        </test-method> <!-- setUp -->
        <test-method signature="TESTCASES50()[pri:50, instance:test_classes.shardaaaaa@51c668e3]" started-at="2024-09-26T16:34:26 IST" name="TESTCASES50" finished-at="2024-09-26T16:34:36 IST" duration-ms="9729" status="PASS">
          <reporter-output>
          </reporter-output>
        </test-method> <!-- TESTCASES50 -->
        <test-method is-config="true" signature="setUp()[pri:0, instance:test_classes.shardaaaaa@51c668e3]" started-at="2024-09-26T16:34:36 IST" name="setUp" finished-at="2024-09-26T16:34:38 IST" duration-ms="2635" status="PASS">
          <reporter-output>
          </reporter-output>
        </test-method> <!-- setUp -->
        <test-method signature="TESTCASES51()[pri:51, instance:test_classes.shardaaaaa@51c668e3]" started-at="2024-09-26T16:34:38 IST" name="TESTCASES51" finished-at="2024-09-26T16:34:48 IST" duration-ms="9799" status="PASS">
          <reporter-output>
          </reporter-output>
        </test-method> <!-- TESTCASES51 -->
        <test-method is-config="true" signature="setUp()[pri:0, instance:test_classes.shardaaaaa@51c668e3]" started-at="2024-09-26T16:34:48 IST" name="setUp" finished-at="2024-09-26T16:34:51 IST" duration-ms="2737" status="PASS">
          <reporter-output>
          </reporter-output>
        </test-method> <!-- setUp -->
        <test-method signature="TESTCASES52()[pri:52, instance:test_classes.shardaaaaa@51c668e3]" started-at="2024-09-26T16:34:51 IST" name="TESTCASES52" finished-at="2024-09-26T16:35:01 IST" duration-ms="9725" status="PASS">
          <reporter-output>
          </reporter-output>
        </test-method> <!-- TESTCASES52 -->
        <test-method is-config="true" signature="setUp()[pri:0, instance:test_classes.shardaaaaa@51c668e3]" started-at="2024-09-26T16:35:01 IST" name="setUp" finished-at="2024-09-26T16:35:03 IST" duration-ms="2891" status="PASS">
          <reporter-output>
          </reporter-output>
        </test-method> <!-- setUp -->
        <test-method signature="TESTCASES53()[pri:53, instance:test_classes.shardaaaaa@51c668e3]" started-at="2024-09-26T16:35:03 IST" name="TESTCASES53" finished-at="2024-09-26T16:35:13 IST" duration-ms="9657" status="PASS">
          <reporter-output>
          </reporter-output>
        </test-method> <!-- TESTCASES53 -->
        <test-method is-config="true" signature="setUp()[pri:0, instance:test_classes.shardaaaaa@51c668e3]" started-at="2024-09-26T16:35:13 IST" name="setUp" finished-at="2024-09-26T16:35:16 IST" duration-ms="2693" status="PASS">
          <reporter-output>
          </reporter-output>
        </test-method> <!-- setUp -->
        <test-method signature="TESTCASES54()[pri:54, instance:test_classes.shardaaaaa@51c668e3]" started-at="2024-09-26T16:35:16 IST" name="TESTCASES54" finished-at="2024-09-26T16:35:26 IST" duration-ms="9675" status="PASS">
          <reporter-output>
          </reporter-output>
        </test-method> <!-- TESTCASES54 -->
        <test-method is-config="true" signature="setUp()[pri:0, instance:test_classes.shardaaaaa@51c668e3]" started-at="2024-09-26T16:35:26 IST" name="setUp" finished-at="2024-09-26T16:35:28 IST" duration-ms="2691" status="PASS">
          <reporter-output>
          </reporter-output>
        </test-method> <!-- setUp -->
        <test-method signature="TESTCASES55()[pri:55, instance:test_classes.shardaaaaa@51c668e3]" started-at="2024-09-26T16:35:28 IST" name="TESTCASES55" finished-at="2024-09-26T16:35:38 IST" duration-ms="9602" status="PASS">
          <reporter-output>
          </reporter-output>
        </test-method> <!-- TESTCASES55 -->
        <test-method is-config="true" signature="setUp()[pri:0, instance:test_classes.shardaaaaa@51c668e3]" started-at="2024-09-26T16:35:38 IST" name="setUp" finished-at="2024-09-26T16:35:40 IST" duration-ms="2562" status="PASS">
          <reporter-output>
          </reporter-output>
        </test-method> <!-- setUp -->
        <test-method signature="TESTCASES56()[pri:56, instance:test_classes.shardaaaaa@51c668e3]" started-at="2024-09-26T16:35:40 IST" name="TESTCASES56" finished-at="2024-09-26T16:35:50 IST" duration-ms="9212" status="PASS">
          <reporter-output>
          </reporter-output>
        </test-method> <!-- TESTCASES56 -->
        <test-method is-config="true" signature="setUp()[pri:0, instance:test_classes.shardaaaaa@51c668e3]" started-at="2024-09-26T16:35:50 IST" name="setUp" finished-at="2024-09-26T16:35:53 IST" duration-ms="3018" status="PASS">
          <reporter-output>
          </reporter-output>
        </test-method> <!-- setUp -->
        <test-method signature="TESTCASES57()[pri:57, instance:test_classes.shardaaaaa@51c668e3]" started-at="2024-09-26T16:35:53 IST" name="TESTCASES57" finished-at="2024-09-26T16:36:02 IST" duration-ms="9489" status="PASS">
          <reporter-output>
          </reporter-output>
        </test-method> <!-- TESTCASES57 -->
        <test-method is-config="true" signature="setUp()[pri:0, instance:test_classes.shardaaaaa@51c668e3]" started-at="2024-09-26T16:36:02 IST" name="setUp" finished-at="2024-09-26T16:36:05 IST" duration-ms="2611" status="PASS">
          <reporter-output>
          </reporter-output>
        </test-method> <!-- setUp -->
        <test-method signature="TESTCASES58()[pri:58, instance:test_classes.shardaaaaa@51c668e3]" started-at="2024-09-26T16:36:05 IST" name="TESTCASES58" finished-at="2024-09-26T16:36:14 IST" duration-ms="9751" status="PASS">
          <reporter-output>
          </reporter-output>
        </test-method> <!-- TESTCASES58 -->
        <test-method is-config="true" signature="setUp()[pri:0, instance:test_classes.shardaaaaa@51c668e3]" started-at="2024-09-26T16:36:14 IST" name="setUp" finished-at="2024-09-26T16:36:17 IST" duration-ms="2924" status="PASS">
          <reporter-output>
          </reporter-output>
        </test-method> <!-- setUp -->
        <test-method signature="TESTCASES59()[pri:59, instance:test_classes.shardaaaaa@51c668e3]" started-at="2024-09-26T16:36:17 IST" name="TESTCASES59" finished-at="2024-09-26T16:36:23 IST" duration-ms="5548" status="PASS">
          <reporter-output>
          </reporter-output>
        </test-method> <!-- TESTCASES59 -->
        <test-method is-config="true" signature="setUp()[pri:0, instance:test_classes.shardaaaaa@51c668e3]" started-at="2024-09-26T16:36:23 IST" name="setUp" finished-at="2024-09-26T16:36:26 IST" duration-ms="2616" status="PASS">
          <reporter-output>
          </reporter-output>
        </test-method> <!-- setUp -->
        <test-method signature="TESTCASES60()[pri:60, instance:test_classes.shardaaaaa@51c668e3]" started-at="2024-09-26T16:36:26 IST" name="TESTCASES60" finished-at="2024-09-26T16:36:31 IST" duration-ms="5612" status="PASS">
          <reporter-output>
          </reporter-output>
        </test-method> <!-- TESTCASES60 -->
        <test-method is-config="true" signature="setUp()[pri:0, instance:test_classes.shardaaaaa@51c668e3]" started-at="2024-09-26T16:36:31 IST" name="setUp" finished-at="2024-09-26T16:36:34 IST" duration-ms="2655" status="PASS">
          <reporter-output>
          </reporter-output>
        </test-method> <!-- setUp -->
        <test-method signature="TESTCASES61()[pri:61, instance:test_classes.shardaaaaa@51c668e3]" started-at="2024-09-26T16:36:34 IST" name="TESTCASES61" finished-at="2024-09-26T16:36:40 IST" duration-ms="5761" status="PASS">
          <reporter-output>
          </reporter-output>
        </test-method> <!-- TESTCASES61 -->
        <test-method is-config="true" signature="setUp()[pri:0, instance:test_classes.shardaaaaa@51c668e3]" started-at="2024-09-26T16:36:40 IST" name="setUp" finished-at="2024-09-26T16:36:42 IST" duration-ms="2685" status="PASS">
          <reporter-output>
          </reporter-output>
        </test-method> <!-- setUp -->
        <test-method signature="TESTCASES62()[pri:62, instance:test_classes.shardaaaaa@51c668e3]" started-at="2024-09-26T16:36:42 IST" name="TESTCASES62" finished-at="2024-09-26T16:36:48 IST" duration-ms="5466" status="PASS">
          <reporter-output>
          </reporter-output>
        </test-method> <!-- TESTCASES62 -->
        <test-method is-config="true" signature="setUp()[pri:0, instance:test_classes.shardaaaaa@51c668e3]" started-at="2024-09-26T16:36:48 IST" name="setUp" finished-at="2024-09-26T16:36:50 IST" duration-ms="2639" status="PASS">
          <reporter-output>
          </reporter-output>
        </test-method> <!-- setUp -->
        <test-method signature="TESTCASES63()[pri:63, instance:test_classes.shardaaaaa@51c668e3]" started-at="2024-09-26T16:36:50 IST" name="TESTCASES63" finished-at="2024-09-26T16:36:56 IST" duration-ms="5772" status="PASS">
          <reporter-output>
          </reporter-output>
        </test-method> <!-- TESTCASES63 -->
        <test-method is-config="true" signature="setUp()[pri:0, instance:test_classes.shardaaaaa@51c668e3]" started-at="2024-09-26T16:36:56 IST" name="setUp" finished-at="2024-09-26T16:36:59 IST" duration-ms="2837" status="PASS">
          <reporter-output>
          </reporter-output>
        </test-method> <!-- setUp -->
        <test-method signature="TESTCASES64()[pri:64, instance:test_classes.shardaaaaa@51c668e3]" started-at="2024-09-26T16:36:59 IST" name="TESTCASES64" finished-at="2024-09-26T16:37:05 IST" duration-ms="5560" status="PASS">
          <reporter-output>
          </reporter-output>
        </test-method> <!-- TESTCASES64 -->
        <test-method is-config="true" signature="setUp()[pri:0, instance:test_classes.shardaaaaa@51c668e3]" started-at="2024-09-26T16:37:05 IST" name="setUp" finished-at="2024-09-26T16:37:07 IST" duration-ms="2766" status="PASS">
          <reporter-output>
          </reporter-output>
        </test-method> <!-- setUp -->
        <test-method signature="TESTCASES65()[pri:65, instance:test_classes.shardaaaaa@51c668e3]" started-at="2024-09-26T16:37:07 IST" name="TESTCASES65" finished-at="2024-09-26T16:37:13 IST" duration-ms="6022" status="PASS">
          <reporter-output>
          </reporter-output>
        </test-method> <!-- TESTCASES65 -->
        <test-method is-config="true" signature="setUp()[pri:0, instance:test_classes.shardaaaaa@51c668e3]" started-at="2024-09-26T16:37:13 IST" name="setUp" finished-at="2024-09-26T16:37:16 IST" duration-ms="2825" status="PASS">
          <reporter-output>
          </reporter-output>
        </test-method> <!-- setUp -->
        <test-method signature="TESTCASES66()[pri:66, instance:test_classes.shardaaaaa@51c668e3]" started-at="2024-09-26T16:37:16 IST" name="TESTCASES66" finished-at="2024-09-26T16:37:22 IST" duration-ms="5683" status="PASS">
          <reporter-output>
          </reporter-output>
        </test-method> <!-- TESTCASES66 -->
        <test-method is-config="true" signature="setUp()[pri:0, instance:test_classes.shardaaaaa@51c668e3]" started-at="2024-09-26T16:37:22 IST" name="setUp" finished-at="2024-09-26T16:37:25 IST" duration-ms="2807" status="PASS">
          <reporter-output>
          </reporter-output>
        </test-method> <!-- setUp -->
        <test-method signature="TESTCASES67()[pri:67, instance:test_classes.shardaaaaa@51c668e3]" started-at="2024-09-26T16:37:25 IST" name="TESTCASES67" finished-at="2024-09-26T16:37:30 IST" duration-ms="5598" status="PASS">
          <reporter-output>
          </reporter-output>
        </test-method> <!-- TESTCASES67 -->
        <test-method is-config="true" signature="setUp()[pri:0, instance:test_classes.shardaaaaa@51c668e3]" started-at="2024-09-26T16:37:30 IST" name="setUp" finished-at="2024-09-26T16:37:33 IST" duration-ms="2846" status="PASS">
          <reporter-output>
          </reporter-output>
        </test-method> <!-- setUp -->
        <test-method signature="TESTCASES68()[pri:68, instance:test_classes.shardaaaaa@51c668e3]" started-at="2024-09-26T16:37:33 IST" name="TESTCASES68" finished-at="2024-09-26T16:37:39 IST" duration-ms="5606" status="PASS">
          <reporter-output>
          </reporter-output>
        </test-method> <!-- TESTCASES68 -->
        <test-method is-config="true" signature="setUp()[pri:0, instance:test_classes.shardaaaaa@51c668e3]" started-at="2024-09-26T16:37:39 IST" name="setUp" finished-at="2024-09-26T16:37:42 IST" duration-ms="2964" status="PASS">
          <reporter-output>
          </reporter-output>
        </test-method> <!-- setUp -->
        <test-method signature="TESTCASES69()[pri:69, instance:test_classes.shardaaaaa@51c668e3]" started-at="2024-09-26T16:37:42 IST" name="TESTCASES69" finished-at="2024-09-26T16:37:47 IST" duration-ms="5561" status="PASS">
          <reporter-output>
          </reporter-output>
        </test-method> <!-- TESTCASES69 -->
        <test-method is-config="true" signature="setUp()[pri:0, instance:test_classes.shardaaaaa@51c668e3]" started-at="2024-09-26T16:37:47 IST" name="setUp" finished-at="2024-09-26T16:37:50 IST" duration-ms="2700" status="PASS">
          <reporter-output>
          </reporter-output>
        </test-method> <!-- setUp -->
        <test-method signature="TESTCASES70()[pri:70, instance:test_classes.shardaaaaa@51c668e3]" started-at="2024-09-26T16:37:50 IST" name="TESTCASES70" finished-at="2024-09-26T16:38:00 IST" duration-ms="9629" status="PASS">
          <reporter-output>
          </reporter-output>
        </test-method> <!-- TESTCASES70 -->
        <test-method is-config="true" signature="setUp()[pri:0, instance:test_classes.shardaaaaa@51c668e3]" started-at="2024-09-26T16:38:00 IST" name="setUp" finished-at="2024-09-26T16:38:02 IST" duration-ms="2750" status="PASS">
          <reporter-output>
          </reporter-output>
        </test-method> <!-- setUp -->
        <test-method signature="TESTCASES71()[pri:71, instance:test_classes.shardaaaaa@51c668e3]" started-at="2024-09-26T16:38:02 IST" name="TESTCASES71" finished-at="2024-09-26T16:38:12 IST" duration-ms="9685" status="PASS">
          <reporter-output>
          </reporter-output>
        </test-method> <!-- TESTCASES71 -->
        <test-method is-config="true" signature="setUp()[pri:0, instance:test_classes.shardaaaaa@51c668e3]" started-at="2024-09-26T16:38:12 IST" name="setUp" finished-at="2024-09-26T16:38:15 IST" duration-ms="2783" status="PASS">
          <reporter-output>
          </reporter-output>
        </test-method> <!-- setUp -->
        <test-method signature="TESTCASES72()[pri:72, instance:test_classes.shardaaaaa@51c668e3]" started-at="2024-09-26T16:38:15 IST" name="TESTCASES72" finished-at="2024-09-26T16:38:25 IST" duration-ms="9777" status="PASS">
          <reporter-output>
          </reporter-output>
        </test-method> <!-- TESTCASES72 -->
        <test-method is-config="true" signature="setUp()[pri:0, instance:test_classes.shardaaaaa@51c668e3]" started-at="2024-09-26T16:38:25 IST" name="setUp" finished-at="2024-09-26T16:38:27 IST" duration-ms="2569" status="PASS">
          <reporter-output>
          </reporter-output>
        </test-method> <!-- setUp -->
        <test-method signature="TESTCASES73()[pri:73, instance:test_classes.shardaaaaa@51c668e3]" started-at="2024-09-26T16:38:27 IST" name="TESTCASES73" finished-at="2024-09-26T16:38:37 IST" duration-ms="9794" status="PASS">
          <reporter-output>
          </reporter-output>
        </test-method> <!-- TESTCASES73 -->
        <test-method is-config="true" signature="setUp()[pri:0, instance:test_classes.shardaaaaa@51c668e3]" started-at="2024-09-26T16:38:37 IST" name="setUp" finished-at="2024-09-26T16:38:39 IST" duration-ms="2258" status="PASS">
          <reporter-output>
          </reporter-output>
        </test-method> <!-- setUp -->
        <test-method signature="TESTCASES74()[pri:74, instance:test_classes.shardaaaaa@51c668e3]" started-at="2024-09-26T16:38:39 IST" name="TESTCASES74" finished-at="2024-09-26T16:38:49 IST" duration-ms="9512" status="PASS">
          <reporter-output>
          </reporter-output>
        </test-method> <!-- TESTCASES74 -->
        <test-method is-config="true" signature="setUp()[pri:0, instance:test_classes.shardaaaaa@51c668e3]" started-at="2024-09-26T16:38:49 IST" name="setUp" finished-at="2024-09-26T16:38:51 IST" duration-ms="2795" status="PASS">
          <reporter-output>
          </reporter-output>
        </test-method> <!-- setUp -->
        <test-method signature="TESTCASES75()[pri:75, instance:test_classes.shardaaaaa@51c668e3]" started-at="2024-09-26T16:38:51 IST" name="TESTCASES75" finished-at="2024-09-26T16:39:01 IST" duration-ms="9586" status="PASS">
          <reporter-output>
          </reporter-output>
        </test-method> <!-- TESTCASES75 -->
        <test-method is-config="true" signature="setUp()[pri:0, instance:test_classes.shardaaaaa@51c668e3]" started-at="2024-09-26T16:39:01 IST" name="setUp" finished-at="2024-09-26T16:39:04 IST" duration-ms="2831" status="PASS">
          <reporter-output>
          </reporter-output>
        </test-method> <!-- setUp -->
        <test-method signature="TESTCASES76()[pri:76, instance:test_classes.shardaaaaa@51c668e3]" started-at="2024-09-26T16:39:04 IST" name="TESTCASES76" finished-at="2024-09-26T16:39:15 IST" duration-ms="10627" status="PASS">
          <reporter-output>
          </reporter-output>
        </test-method> <!-- TESTCASES76 -->
        <test-method is-config="true" signature="setUp()[pri:0, instance:test_classes.shardaaaaa@51c668e3]" started-at="2024-09-26T16:39:15 IST" name="setUp" finished-at="2024-09-26T16:39:17 IST" duration-ms="2427" status="PASS">
          <reporter-output>
          </reporter-output>
        </test-method> <!-- setUp -->
        <test-method signature="TESTCASES77()[pri:77, instance:test_classes.shardaaaaa@51c668e3]" started-at="2024-09-26T16:39:17 IST" name="TESTCASES77" finished-at="2024-09-26T16:39:27 IST" duration-ms="10427" status="PASS">
          <reporter-output>
          </reporter-output>
        </test-method> <!-- TESTCASES77 -->
        <test-method is-config="true" signature="setUp()[pri:0, instance:test_classes.shardaaaaa@51c668e3]" started-at="2024-09-26T16:39:27 IST" name="setUp" finished-at="2024-09-26T16:39:30 IST" duration-ms="2546" status="PASS">
          <reporter-output>
          </reporter-output>
        </test-method> <!-- setUp -->
        <test-method signature="TESTCASES78()[pri:78, instance:test_classes.shardaaaaa@51c668e3]" started-at="2024-09-26T16:39:30 IST" name="TESTCASES78" finished-at="2024-09-26T16:39:40 IST" duration-ms="9752" status="PASS">
          <reporter-output>
          </reporter-output>
        </test-method> <!-- TESTCASES78 -->
        <test-method is-config="true" signature="setUp()[pri:0, instance:test_classes.shardaaaaa@51c668e3]" started-at="2024-09-26T16:39:40 IST" name="setUp" finished-at="2024-09-26T16:39:42 IST" duration-ms="2412" status="PASS">
          <reporter-output>
          </reporter-output>
        </test-method> <!-- setUp -->
        <test-method signature="TESTCASES79()[pri:79, instance:test_classes.shardaaaaa@51c668e3]" started-at="2024-09-26T16:39:42 IST" name="TESTCASES79" finished-at="2024-09-26T16:39:52 IST" duration-ms="9963" status="PASS">
          <reporter-output>
          </reporter-output>
        </test-method> <!-- TESTCASES79 -->
        <test-method is-config="true" signature="setUp()[pri:0, instance:test_classes.shardaaaaa@51c668e3]" started-at="2024-09-26T16:39:52 IST" name="setUp" finished-at="2024-09-26T16:39:55 IST" duration-ms="2905" status="PASS">
          <reporter-output>
          </reporter-output>
        </test-method> <!-- setUp -->
        <test-method signature="TESTCASES80()[pri:80, instance:test_classes.shardaaaaa@51c668e3]" started-at="2024-09-26T16:39:55 IST" name="TESTCASES80" finished-at="2024-09-26T16:40:04 IST" duration-ms="9527" status="PASS">
          <reporter-output>
          </reporter-output>
        </test-method> <!-- TESTCASES80 -->
        <test-method is-config="true" signature="tearDown()[pri:0, instance:test_classes.shardaaaaa@51c668e3]" started-at="2024-09-26T16:40:04 IST" name="tearDown" finished-at="2024-09-26T16:40:04 IST" duration-ms="0" status="PASS">
          <reporter-output>
          </reporter-output>
        </test-method> <!-- tearDown -->
      </class> <!-- test_classes.shardaaaaa -->
    </test> <!-- Default test -->
  </suite> <!-- Default suite -->
</testng-results>
