<?xml version="1.0" encoding="UTF-8"?>
<!-- Generated by org.testng.reporters.JUnitReportReporter -->
<testsuite hostname="DESKTOP-TRGGSFM" failures="0" tests="78" name="test_classes.shardaaaaa" time="657.187" errors="2" timestamp="2024-09-26T16:40:05 IST" skipped="0">
  <testcase classname="test_classes.shardaaaaa" name="TESTCASES1" time="3.659"/>
  <system-out/>
  <testcase classname="test_classes.shardaaaaa" name="TESTCASES2" time="3.753"/>
  <system-out/>
  <testcase classname="test_classes.shardaaaaa" name="TESTCASES3" time="3.253"/>
  <system-out/>
  <testcase classname="test_classes.shardaaaaa" name="TESTCASES4" time="3.620"/>
  <system-out/>
  <testcase classname="test_classes.shardaaaaa" name="TESTCASES5" time="3.672"/>
  <system-out/>
  <testcase classname="test_classes.shardaaaaa" name="TESTCASES6" time="3.507"/>
  <system-out/>
  <testcase classname="test_classes.shardaaaaa" name="TESTCASES7" time="3.408"/>
  <system-out/>
  <testcase classname="test_classes.shardaaaaa" name="TESTCASES8" time="3.216"/>
  <system-out/>
  <testcase classname="test_classes.shardaaaaa" name="TESTCASES9" time="3.347"/>
  <system-out/>
  <testcase classname="test_classes.shardaaaaa" name="TESTCASES10" time="3.196"/>
  <system-out/>
  <testcase classname="test_classes.shardaaaaa" name="TESTCASES11" time="4.208"/>
  <system-out/>
  <testcase classname="test_classes.shardaaaaa" name="TESTCASES12" time="9.681"/>
  <system-out/>
  <testcase classname="test_classes.shardaaaaa" name="TESTCASES13" time="7.477"/>
  <system-out/>
  <testcase classname="test_classes.shardaaaaa" name="TESTCASES14" time="8.065"/>
  <system-out/>
  <testcase classname="test_classes.shardaaaaa" name="TESTCASES15" time="7.830"/>
  <system-out/>
  <testcase classname="test_classes.shardaaaaa" name="TESTCASES16" time="7.869"/>
  <system-out/>
  <testcase classname="test_classes.shardaaaaa" name="TESTCASES17" time="7.255"/>
  <system-out/>
  <testcase classname="test_classes.shardaaaaa" name="TESTCASES18" time="7.969"/>
  <system-out/>
  <testcase classname="test_classes.shardaaaaa" name="TESTCASES19" time="8.195"/>
  <system-out/>
  <testcase classname="test_classes.shardaaaaa" name="TESTCASES20" time="7.869"/>
  <system-out/>
  <testcase classname="test_classes.shardaaaaa" name="TESTCASES21" time="7.392"/>
  <system-out/>
  <testcase classname="test_classes.shardaaaaa" name="TESTCASES22" time="8.394"/>
  <system-out/>
  <testcase classname="test_classes.shardaaaaa" name="TESTCASES23" time="5.623"/>
  <system-out/>
  <testcase classname="test_classes.shardaaaaa" name="TESTCASES24" time="3.416"/>
  <system-out/>
  <testcase classname="test_classes.shardaaaaa" name="TESTCASES25" time="3.453"/>
  <system-out/>
  <testcase classname="test_classes.shardaaaaa" name="TESTCASES27" time="3.300"/>
  <system-out/>
  <testcase classname="test_classes.shardaaaaa" name="TESTCASES28" time="7.382"/>
  <system-out/>
  <testcase classname="test_classes.shardaaaaa" name="TESTCASES30" time="3.568"/>
  <system-out/>
  <testcase classname="test_classes.shardaaaaa" name="TESTCASES31" time="13.116"/>
  <system-out/>
  <testcase classname="test_classes.shardaaaaa" name="TESTCASES32" time="12.226"/>
  <system-out/>
  <testcase classname="test_classes.shardaaaaa" name="TESTCASES33" time="6.003">
    <error message="element click intercepted: Element &lt;button data-v-39aa2613=&quot;&quot; class=&quot;absolute bg-[#EC027C] w-[160px] h-[50px] text-[16px] rounded-3xl text-white font-bold bottom-[-28%]&quot;&gt;...&lt;/button&gt; is not clickable at point (146, 115). Other element would receive the click: &lt;div data-v-2e87554d=&quot;&quot; class=&quot;flex p-2 items-center gap-x-4 xl:gap-x-10&quot;&gt;...&lt;/div&gt;
  (Session info: chrome=129.0.6668.71)
Build info: version: &#039;4.9.1&#039;, revision: &#039;eb2032df7f&#039;
System info: os.name: &#039;Windows 11&#039;, os.arch: &#039;amd64&#039;, os.version: &#039;10.0&#039;, java.version: &#039;17.0.11&#039;
Driver info: org.openqa.selenium.chrome.ChromeDriver
Command: [a654cc724b224a4ac6e0c51f7f1441e2, clickElement {id=f.DC93339C371942433878FB38664DE2C1.d.55881D8FE9C2DBB72D402C1450ECD681.e.75}]
Capabilities {acceptInsecureCerts: false, browserName: chrome, browserVersion: 129.0.6668.71, chrome: {chromedriverVersion: 129.0.6668.70 (df87d5cf12b1..., userDataDir: C:\Users\DELL\AppData\Local...}, fedcm:accounts: true, goog:chromeOptions: {debuggerAddress: localhost:55361}, networkConnectionEnabled: false, pageLoadStrategy: normal, platformName: windows, proxy: Proxy(), se:cdp: ws://localhost:55361/devtoo..., se:cdpVersion: 129.0.6668.71, setWindowRect: true, strictFileInteractability: false, timeouts: {implicit: 0, pageLoad: 300000, script: 30000}, unhandledPromptBehavior: dismiss and notify, webauthn:extension:credBlob: true, webauthn:extension:largeBlob: true, webauthn:extension:minPinLength: true, webauthn:extension:prf: true, webauthn:virtualAuthenticators: true}
Element: [[ChromeDriver: chrome on windows (a654cc724b224a4ac6e0c51f7f1441e2)] -&gt; xpath: //*[@id=&quot;app&quot;]/div/section[1]/div/div[3]/div/div[1]/div[2]/div/div/div[1]/div[2]/a/button]
Session ID: a654cc724b224a4ac6e0c51f7f1441e2" type="org.openqa.selenium.ElementClickInterceptedException">
      <![CDATA[org.openqa.selenium.ElementClickInterceptedException: element click intercepted: Element <button data-v-39aa2613="" class="absolute bg-[#EC027C] w-[160px] h-[50px] text-[16px] rounded-3xl text-white font-bold bottom-[-28%]">...</button> is not clickable at point (146, 115). Other element would receive the click: <div data-v-2e87554d="" class="flex p-2 items-center gap-x-4 xl:gap-x-10">...</div>
  (Session info: chrome=129.0.6668.71)
Build info: version: '4.9.1', revision: 'eb2032df7f'
System info: os.name: 'Windows 11', os.arch: 'amd64', os.version: '10.0', java.version: '17.0.11'
Driver info: org.openqa.selenium.chrome.ChromeDriver
Command: [a654cc724b224a4ac6e0c51f7f1441e2, clickElement {id=f.DC93339C371942433878FB38664DE2C1.d.55881D8FE9C2DBB72D402C1450ECD681.e.75}]
Capabilities {acceptInsecureCerts: false, browserName: chrome, browserVersion: 129.0.6668.71, chrome: {chromedriverVersion: 129.0.6668.70 (df87d5cf12b1..., userDataDir: C:\Users\DELL\AppData\Local...}, fedcm:accounts: true, goog:chromeOptions: {debuggerAddress: localhost:55361}, networkConnectionEnabled: false, pageLoadStrategy: normal, platformName: windows, proxy: Proxy(), se:cdp: ws://localhost:55361/devtoo..., se:cdpVersion: 129.0.6668.71, setWindowRect: true, strictFileInteractability: false, timeouts: {implicit: 0, pageLoad: 300000, script: 30000}, unhandledPromptBehavior: dismiss and notify, webauthn:extension:credBlob: true, webauthn:extension:largeBlob: true, webauthn:extension:minPinLength: true, webauthn:extension:prf: true, webauthn:virtualAuthenticators: true}
Element: [[ChromeDriver: chrome on windows (a654cc724b224a4ac6e0c51f7f1441e2)] -> xpath: //*[@id="app"]/div/section[1]/div/div[3]/div/div[1]/div[2]/div/div/div[1]/div[2]/a/button]
Session ID: a654cc724b224a4ac6e0c51f7f1441e2
at java.base/jdk.internal.reflect.NativeConstructorAccessorImpl.newInstance0(Native Method)
at java.base/jdk.internal.reflect.NativeConstructorAccessorImpl.newInstance(NativeConstructorAccessorImpl.java:77)
at java.base/jdk.internal.reflect.DelegatingConstructorAccessorImpl.newInstance(DelegatingConstructorAccessorImpl.java:45)
at java.base/java.lang.reflect.Constructor.newInstanceWithCaller(Constructor.java:499)
at java.base/java.lang.reflect.Constructor.newInstance(Constructor.java:480)
at org.openqa.selenium.remote.codec.w3c.W3CHttpResponseCodec.createException(W3CHttpResponseCodec.java:200)
at org.openqa.selenium.remote.codec.w3c.W3CHttpResponseCodec.decode(W3CHttpResponseCodec.java:133)
at org.openqa.selenium.remote.codec.w3c.W3CHttpResponseCodec.decode(W3CHttpResponseCodec.java:53)
at org.openqa.selenium.remote.HttpCommandExecutor.execute(HttpCommandExecutor.java:193)
at org.openqa.selenium.remote.service.DriverCommandExecutor.invokeExecute(DriverCommandExecutor.java:183)
at org.openqa.selenium.remote.service.DriverCommandExecutor.execute(DriverCommandExecutor.java:158)
at org.openqa.selenium.remote.RemoteWebDriver.execute(RemoteWebDriver.java:543)
at org.openqa.selenium.remote.RemoteWebElement.execute(RemoteWebElement.java:257)
at org.openqa.selenium.remote.RemoteWebElement.click(RemoteWebElement.java:78)
at test_classes.shardaaaaa.TESTCASES33(shardaaaaa.java:746)
at java.base/jdk.internal.reflect.NativeMethodAccessorImpl.invoke0(Native Method)
at java.base/jdk.internal.reflect.NativeMethodAccessorImpl.invoke(NativeMethodAccessorImpl.java:77)
at java.base/jdk.internal.reflect.DelegatingMethodAccessorImpl.invoke(DelegatingMethodAccessorImpl.java:43)
at java.base/java.lang.reflect.Method.invoke(Method.java:568)
at org.testng.internal.MethodInvocationHelper.invokeMethod(MethodInvocationHelper.java:133)
at org.testng.internal.TestInvoker.invokeMethod(TestInvoker.java:598)
at org.testng.internal.TestInvoker.invokeTestMethod(TestInvoker.java:173)
at org.testng.internal.MethodRunner.runInSequence(MethodRunner.java:46)
at org.testng.internal.TestInvoker$MethodInvocationAgent.invoke(TestInvoker.java:824)
at org.testng.internal.TestInvoker.invokeTestMethods(TestInvoker.java:146)
at org.testng.internal.TestMethodWorker.invokeTestMethods(TestMethodWorker.java:146)
at org.testng.internal.TestMethodWorker.run(TestMethodWorker.java:128)
at java.base/java.util.ArrayList.forEach(ArrayList.java:1511)
at org.testng.TestRunner.privateRun(TestRunner.java:794)
at org.testng.TestRunner.run(TestRunner.java:596)
at org.testng.SuiteRunner.runTest(SuiteRunner.java:377)
at org.testng.SuiteRunner.runSequentially(SuiteRunner.java:371)
at org.testng.SuiteRunner.privateRun(SuiteRunner.java:332)
at org.testng.SuiteRunner.run(SuiteRunner.java:276)
at org.testng.SuiteRunnerWorker.runSuite(SuiteRunnerWorker.java:53)
at org.testng.SuiteRunnerWorker.run(SuiteRunnerWorker.java:96)
at org.testng.TestNG.runSuitesSequentially(TestNG.java:1212)
at org.testng.TestNG.runSuitesLocally(TestNG.java:1134)
at org.testng.TestNG.runSuites(TestNG.java:1063)
at org.testng.TestNG.run(TestNG.java:1031)
at org.testng.remote.AbstractRemoteTestNG.run(AbstractRemoteTestNG.java:115)
at org.testng.remote.RemoteTestNG.initAndRun(RemoteTestNG.java:293)
at org.testng.remote.RemoteTestNG.main(RemoteTestNG.java:91)
]]>
    </error>
  </testcase> <!-- TESTCASES33 -->
  <system-out/>
  <testcase classname="test_classes.shardaaaaa" name="TESTCASES34" time="3.708">
    <error message="element click intercepted: Element &lt;div data-v-39aa2613=&quot;&quot; class=&quot;text-[15px] lg:text-[28px] border-b pb-1 cursor-pointer whitespace-nowrap text-[#ec027c] border-[#ec027c]  font-medium&quot;&gt;...&lt;/div&gt; is not clickable at point (496, 102). Other element would receive the click: &lt;div data-v-2e87554d=&quot;&quot; class=&quot;flex p-2 items-center gap-x-4 xl:gap-x-10&quot;&gt;...&lt;/div&gt;
  (Session info: chrome=129.0.6668.71)
Build info: version: &#039;4.9.1&#039;, revision: &#039;eb2032df7f&#039;
System info: os.name: &#039;Windows 11&#039;, os.arch: &#039;amd64&#039;, os.version: &#039;10.0&#039;, java.version: &#039;17.0.11&#039;
Driver info: org.openqa.selenium.chrome.ChromeDriver
Command: [210700f2e5efcf696ebf468f780bce35, clickElement {id=f.EC0AA1AA6CFF9A2E357C3CC77B23A189.d.B612C6E3789696A99C64020D1198B680.e.70}]
Capabilities {acceptInsecureCerts: false, browserName: chrome, browserVersion: 129.0.6668.71, chrome: {chromedriverVersion: 129.0.6668.70 (df87d5cf12b1..., userDataDir: C:\Users\DELL\AppData\Local...}, fedcm:accounts: true, goog:chromeOptions: {debuggerAddress: localhost:55408}, networkConnectionEnabled: false, pageLoadStrategy: normal, platformName: windows, proxy: Proxy(), se:cdp: ws://localhost:55408/devtoo..., se:cdpVersion: 129.0.6668.71, setWindowRect: true, strictFileInteractability: false, timeouts: {implicit: 0, pageLoad: 300000, script: 30000}, unhandledPromptBehavior: dismiss and notify, webauthn:extension:credBlob: true, webauthn:extension:largeBlob: true, webauthn:extension:minPinLength: true, webauthn:extension:prf: true, webauthn:virtualAuthenticators: true}
Element: [[ChromeDriver: chrome on windows (210700f2e5efcf696ebf468f780bce35)] -&gt; xpath: /html/body/div[1]/div/section[1]/div/div[2]/div[3]]
Session ID: 210700f2e5efcf696ebf468f780bce35" type="org.openqa.selenium.ElementClickInterceptedException">
      <![CDATA[org.openqa.selenium.ElementClickInterceptedException: element click intercepted: Element <div data-v-39aa2613="" class="text-[15px] lg:text-[28px] border-b pb-1 cursor-pointer whitespace-nowrap text-[#ec027c] border-[#ec027c]  font-medium">...</div> is not clickable at point (496, 102). Other element would receive the click: <div data-v-2e87554d="" class="flex p-2 items-center gap-x-4 xl:gap-x-10">...</div>
  (Session info: chrome=129.0.6668.71)
Build info: version: '4.9.1', revision: 'eb2032df7f'
System info: os.name: 'Windows 11', os.arch: 'amd64', os.version: '10.0', java.version: '17.0.11'
Driver info: org.openqa.selenium.chrome.ChromeDriver
Command: [210700f2e5efcf696ebf468f780bce35, clickElement {id=f.EC0AA1AA6CFF9A2E357C3CC77B23A189.d.B612C6E3789696A99C64020D1198B680.e.70}]
Capabilities {acceptInsecureCerts: false, browserName: chrome, browserVersion: 129.0.6668.71, chrome: {chromedriverVersion: 129.0.6668.70 (df87d5cf12b1..., userDataDir: C:\Users\DELL\AppData\Local...}, fedcm:accounts: true, goog:chromeOptions: {debuggerAddress: localhost:55408}, networkConnectionEnabled: false, pageLoadStrategy: normal, platformName: windows, proxy: Proxy(), se:cdp: ws://localhost:55408/devtoo..., se:cdpVersion: 129.0.6668.71, setWindowRect: true, strictFileInteractability: false, timeouts: {implicit: 0, pageLoad: 300000, script: 30000}, unhandledPromptBehavior: dismiss and notify, webauthn:extension:credBlob: true, webauthn:extension:largeBlob: true, webauthn:extension:minPinLength: true, webauthn:extension:prf: true, webauthn:virtualAuthenticators: true}
Element: [[ChromeDriver: chrome on windows (210700f2e5efcf696ebf468f780bce35)] -> xpath: /html/body/div[1]/div/section[1]/div/div[2]/div[3]]
Session ID: 210700f2e5efcf696ebf468f780bce35
at java.base/jdk.internal.reflect.NativeConstructorAccessorImpl.newInstance0(Native Method)
at java.base/jdk.internal.reflect.NativeConstructorAccessorImpl.newInstance(NativeConstructorAccessorImpl.java:77)
at java.base/jdk.internal.reflect.DelegatingConstructorAccessorImpl.newInstance(DelegatingConstructorAccessorImpl.java:45)
at java.base/java.lang.reflect.Constructor.newInstanceWithCaller(Constructor.java:499)
at java.base/java.lang.reflect.Constructor.newInstance(Constructor.java:480)
at org.openqa.selenium.remote.codec.w3c.W3CHttpResponseCodec.createException(W3CHttpResponseCodec.java:200)
at org.openqa.selenium.remote.codec.w3c.W3CHttpResponseCodec.decode(W3CHttpResponseCodec.java:133)
at org.openqa.selenium.remote.codec.w3c.W3CHttpResponseCodec.decode(W3CHttpResponseCodec.java:53)
at org.openqa.selenium.remote.HttpCommandExecutor.execute(HttpCommandExecutor.java:193)
at org.openqa.selenium.remote.service.DriverCommandExecutor.invokeExecute(DriverCommandExecutor.java:183)
at org.openqa.selenium.remote.service.DriverCommandExecutor.execute(DriverCommandExecutor.java:158)
at org.openqa.selenium.remote.RemoteWebDriver.execute(RemoteWebDriver.java:543)
at org.openqa.selenium.remote.RemoteWebElement.execute(RemoteWebElement.java:257)
at org.openqa.selenium.remote.RemoteWebElement.click(RemoteWebElement.java:78)
at test_classes.shardaaaaa.TESTCASES34(shardaaaaa.java:765)
at java.base/jdk.internal.reflect.NativeMethodAccessorImpl.invoke0(Native Method)
at java.base/jdk.internal.reflect.NativeMethodAccessorImpl.invoke(NativeMethodAccessorImpl.java:77)
at java.base/jdk.internal.reflect.DelegatingMethodAccessorImpl.invoke(DelegatingMethodAccessorImpl.java:43)
at java.base/java.lang.reflect.Method.invoke(Method.java:568)
at org.testng.internal.MethodInvocationHelper.invokeMethod(MethodInvocationHelper.java:133)
at org.testng.internal.TestInvoker.invokeMethod(TestInvoker.java:598)
at org.testng.internal.TestInvoker.invokeTestMethod(TestInvoker.java:173)
at org.testng.internal.MethodRunner.runInSequence(MethodRunner.java:46)
at org.testng.internal.TestInvoker$MethodInvocationAgent.invoke(TestInvoker.java:824)
at org.testng.internal.TestInvoker.invokeTestMethods(TestInvoker.java:146)
at org.testng.internal.TestMethodWorker.invokeTestMethods(TestMethodWorker.java:146)
at org.testng.internal.TestMethodWorker.run(TestMethodWorker.java:128)
at java.base/java.util.ArrayList.forEach(ArrayList.java:1511)
at org.testng.TestRunner.privateRun(TestRunner.java:794)
at org.testng.TestRunner.run(TestRunner.java:596)
at org.testng.SuiteRunner.runTest(SuiteRunner.java:377)
at org.testng.SuiteRunner.runSequentially(SuiteRunner.java:371)
at org.testng.SuiteRunner.privateRun(SuiteRunner.java:332)
at org.testng.SuiteRunner.run(SuiteRunner.java:276)
at org.testng.SuiteRunnerWorker.runSuite(SuiteRunnerWorker.java:53)
at org.testng.SuiteRunnerWorker.run(SuiteRunnerWorker.java:96)
at org.testng.TestNG.runSuitesSequentially(TestNG.java:1212)
at org.testng.TestNG.runSuitesLocally(TestNG.java:1134)
at org.testng.TestNG.runSuites(TestNG.java:1063)
at org.testng.TestNG.run(TestNG.java:1031)
at org.testng.remote.AbstractRemoteTestNG.run(AbstractRemoteTestNG.java:115)
at org.testng.remote.RemoteTestNG.initAndRun(RemoteTestNG.java:293)
at org.testng.remote.RemoteTestNG.main(RemoteTestNG.java:91)
]]>
    </error>
  </testcase> <!-- TESTCASES34 -->
  <system-out/>
  <testcase classname="test_classes.shardaaaaa" name="TESTCASES35" time="5.934"/>
  <system-out/>
  <testcase classname="test_classes.shardaaaaa" name="TESTCASES36" time="5.614"/>
  <system-out/>
  <testcase classname="test_classes.shardaaaaa" name="TESTCASES37" time="8.696"/>
  <system-out/>
  <testcase classname="test_classes.shardaaaaa" name="TESTCASES38" time="8.283"/>
  <system-out/>
  <testcase classname="test_classes.shardaaaaa" name="TESTCASES39" time="8.521"/>
  <system-out/>
  <testcase classname="test_classes.shardaaaaa" name="TESTCASES40" time="8.117"/>
  <system-out/>
  <testcase classname="test_classes.shardaaaaa" name="TESTCASES41" time="8.234"/>
  <system-out/>
  <testcase classname="test_classes.shardaaaaa" name="TESTCASES42" time="8.844"/>
  <system-out/>
  <testcase classname="test_classes.shardaaaaa" name="TESTCASES43" time="7.930"/>
  <system-out/>
  <testcase classname="test_classes.shardaaaaa" name="TESTCASES44" time="8.265"/>
  <system-out/>
  <testcase classname="test_classes.shardaaaaa" name="TESTCASES45" time="8.136"/>
  <system-out/>
  <testcase classname="test_classes.shardaaaaa" name="TESTCASES46" time="8.019"/>
  <system-out/>
  <testcase classname="test_classes.shardaaaaa" name="TESTCASES47" time="8.593"/>
  <system-out/>
  <testcase classname="test_classes.shardaaaaa" name="TESTCASES48" time="12.694"/>
  <system-out/>
  <testcase classname="test_classes.shardaaaaa" name="TESTCASES49" time="12.371"/>
  <system-out/>
  <testcase classname="test_classes.shardaaaaa" name="TESTCASES50" time="12.554"/>
  <system-out/>
  <testcase classname="test_classes.shardaaaaa" name="TESTCASES51" time="12.630"/>
  <system-out/>
  <testcase classname="test_classes.shardaaaaa" name="TESTCASES52" time="12.035"/>
  <system-out/>
  <testcase classname="test_classes.shardaaaaa" name="TESTCASES53" time="12.288"/>
  <system-out/>
  <testcase classname="test_classes.shardaaaaa" name="TESTCASES54" time="12.006"/>
  <system-out/>
  <testcase classname="test_classes.shardaaaaa" name="TESTCASES55" time="12.065"/>
  <system-out/>
  <testcase classname="test_classes.shardaaaaa" name="TESTCASES56" time="11.836"/>
  <system-out/>
  <testcase classname="test_classes.shardaaaaa" name="TESTCASES57" time="11.962"/>
  <system-out/>
  <testcase classname="test_classes.shardaaaaa" name="TESTCASES58" time="12.410"/>
  <system-out/>
  <testcase classname="test_classes.shardaaaaa" name="TESTCASES59" time="8.504"/>
  <system-out/>
  <testcase classname="test_classes.shardaaaaa" name="TESTCASES60" time="8.228"/>
  <system-out/>
  <testcase classname="test_classes.shardaaaaa" name="TESTCASES61" time="7.985"/>
  <system-out/>
  <testcase classname="test_classes.shardaaaaa" name="TESTCASES62" time="8.121"/>
  <system-out/>
  <testcase classname="test_classes.shardaaaaa" name="TESTCASES63" time="8.036"/>
  <system-out/>
  <testcase classname="test_classes.shardaaaaa" name="TESTCASES64" time="8.266"/>
  <system-out/>
  <testcase classname="test_classes.shardaaaaa" name="TESTCASES65" time="9.659"/>
  <system-out/>
  <testcase classname="test_classes.shardaaaaa" name="TESTCASES66" time="8.374"/>
  <system-out/>
  <testcase classname="test_classes.shardaaaaa" name="TESTCASES67" time="8.283"/>
  <system-out/>
  <testcase classname="test_classes.shardaaaaa" name="TESTCASES68" time="7.944"/>
  <system-out/>
  <testcase classname="test_classes.shardaaaaa" name="TESTCASES69" time="7.819"/>
  <system-out/>
  <testcase classname="test_classes.shardaaaaa" name="TESTCASES70" time="12.663"/>
  <system-out/>
  <testcase classname="test_classes.shardaaaaa" name="TESTCASES71" time="12.531"/>
  <system-out/>
  <testcase classname="test_classes.shardaaaaa" name="TESTCASES72" time="12.477"/>
  <system-out/>
  <testcase classname="test_classes.shardaaaaa" name="TESTCASES73" time="12.210"/>
  <system-out/>
  <testcase classname="test_classes.shardaaaaa" name="TESTCASES74" time="12.081"/>
  <system-out/>
  <testcase classname="test_classes.shardaaaaa" name="TESTCASES75" time="12.839"/>
  <system-out/>
  <testcase classname="test_classes.shardaaaaa" name="TESTCASES76" time="14.630"/>
  <system-out/>
  <testcase classname="test_classes.shardaaaaa" name="TESTCASES77" time="12.879"/>
  <system-out/>
  <testcase classname="test_classes.shardaaaaa" name="TESTCASES78" time="12.535"/>
  <system-out/>
  <testcase classname="test_classes.shardaaaaa" name="TESTCASES79" time="12.121"/>
  <system-out/>
  <testcase classname="test_classes.shardaaaaa" name="TESTCASES80" time="12.335"/>
  <system-out/>
</testsuite> <!-- test_classes.shardaaaaa -->
